#
# A fatal error has been detected by the Java Runtime Environment:
#
#  EXCEPTION_ACCESS_VIOLATION (0xc0000005) at pc=0x0000000180005b00, pid=18476, tid=2272
#
# JRE version: Java(TM) SE Runtime Environment (18.0.2.1+1) (build 18.0.2.1+1-1)
# Java VM: Java HotSpot(TM) 64-Bit Server VM (18.0.2.1+1-1, mixed mode, sharing, tiered, compressed oops, compressed class ptrs, g1 gc, windows-amd64)
# Problematic frame:
# C  [rxtxSerial.dll+0x5b00]
#
# No core dump will be written. Minidumps are not enabled by default on client versions of Windows
#
# If you would like to submit a bug report, please visit:
#   https://bugreport.java.com/bugreport/crash.jsp
# The crash happened outside the Java Virtual Machine in native code.
# See problematic frame for where to report the bug.
#

---------------  S U M M A R Y ------------

Command Line: -Dfile.encoding=UTF-8 pi.PI

Host: AMD Ryzen 5 3500U with Radeon Vega Mobile Gfx  , 8 cores, 5G,  Windows 10 , 64 bit Build 19041 (10.0.19041.2913)
Time: Tue May 16 23:56:35 2023 Hora est. Pacífico, Sudamérica elapsed time: 11.136622 seconds (0d 0h 0m 11s)

---------------  T H R E A D  ---------------

Current thread (0x00000225183ab190):  JavaThread "Thread-1" [_thread_in_native, id=2272, stack(0x0000008ff3e00000,0x0000008ff3f00000)]

Stack: [0x0000008ff3e00000,0x0000008ff3f00000],  sp=0x0000008ff3efed60,  free space=1019k
Native frames: (J=compiled Java code, j=interpreted, Vv=VM code, C=native code)
C  [rxtxSerial.dll+0x5b00]

Java frames: (J=compiled Java code, j=interpreted, Vv=VM code)
j  gnu.io.RXTXPort.readArray([BII)I+0
j  gnu.io.RXTXPort$SerialInputStream.read([BII)I+212
j  gnu.io.RXTXPort$SerialInputStream.read([B)I+60
j  pi.PI.lambda$initialize$0(Ljava/io/InputStream;)V+16
j  pi.PI$$Lambda$137+0x0000000800cc6798.run()V+4
j  java.lang.Thread.run()V+11 java.base@18.0.2.1
v  ~StubRoutines::call_stub

siginfo: EXCEPTION_ACCESS_VIOLATION (0xc0000005), reading address 0xfffffffff3bfec98


Register to memory mapping:

RIP=0x0000000180005b00 rxtxSerial.dll
RAX=0x0000000000000001 is an unknown value
RBX=0x0 is NULL
RCX=0x000000018001d4d5 rxtxSerial.dll
RDX=0xfffffffffffff665 is an unknown value
RSP=0x0000008ff3efed60 is pointing into the stack for thread: 0x00000225183ab190
RBP=0x00000000ffffffff is an unallocated location in the heap
RSI=0x0 is NULL
RDI=0x00000225183ab420 points into unknown readable memory: 0x00007ffdb48b4720 | 20 47 8b b4 fd 7f 00 00
R8 =0x0000000000000002 is an unknown value
R9 =0xfffffffffffff63c is an unknown value
R10=0x00007ffdb4940688 jvm.dll
R11=0x8101010101010100 is an unknown value
R12=0xfffffffff3bfec90 is an unknown value
R13=0x0000000000000001 is an unknown value
R14=0x0000008ff3efef50 is pointing into the stack for thread: 0x00000225183ab190
R15=0x0 is NULL


Registers:
RAX=0x0000000000000001, RBX=0x0000000000000000, RCX=0x000000018001d4d5, RDX=0xfffffffffffff665
RSP=0x0000008ff3efed60, RBP=0x00000000ffffffff, RSI=0x0000000000000000, RDI=0x00000225183ab420
R8 =0x0000000000000002, R9 =0xfffffffffffff63c, R10=0x00007ffdb4940688, R11=0x8101010101010100
R12=0xfffffffff3bfec90, R13=0x0000000000000001, R14=0x0000008ff3efef50, R15=0x0000000000000000
RIP=0x0000000180005b00, EFLAGS=0x0000000000010202

Top of Stack: (sp=0x0000008ff3efed60)
0x0000008ff3efed60:   0000000000000000 0000000000000000
0x0000008ff3efed70:   0000000000000000 00007ffdb41f728f
0x0000008ff3efed80:   0000000000000000 0000008ff3efef50
0x0000008ff3efed90:   000002250f82e290 0000000000000001
0x0000008ff3efeda0:   00000225183ab420 0000000000000001
0x0000008ff3efedb0:   ffffffffffffffff 0000000180006211
0x0000008ff3efedc0:   000002257233edb0 0000000000000001
0x0000008ff3efedd0:   0000008f00000001 000002257233edb0
0x0000008ff3efede0:   0000022500000001 0000008fffffffff
0x0000008ff3efedf0:   0000008ff3efef58 0000022500009612
0x0000008ff3efee00:   0000022500009612 000002250f82e290
0x0000008ff3efee10:   0000008ff3efef20 00007ffdb41940e5
0x0000008ff3efee20:   00000000000155b4 0000008ff3eff6b0
0x0000008ff3efee30:   00000225183ab190 00008cb9d0a91a19
0x0000008ff3efee40:   000002250f82e298 000002250f82e290
0x0000008ff3efee50:   00000225183ab190 0000008ff3efef58 

Instructions: (pc=0x0000000180005b00)
0x0000000180005a00:   5d c3 cc cc cc cc cc cc cc cc cc cc cc cc cc cc
0x0000000180005a10:   48 89 5c 24 08 4c 89 4c 24 20 44 89 44 24 18 55
0x0000000180005a20:   56 57 41 54 41 55 41 56 41 57 48 83 ec 20 48 8b
0x0000000180005a30:   2a 48 8b 01 33 db 48 8b d5 48 8b f9 44 8b fb 8b
0x0000000180005a40:   f3 ff 90 f8 00 00 00 4c 8d 0d 9e 70 01 00 4c 8b
0x0000000180005a50:   e0 48 8b 07 4c 8d 05 b5 70 01 00 49 8b d4 48 8b
0x0000000180005a60:   cf ff 90 f0 02 00 00 48 8b cf 4c 8b c0 48 85 c0
0x0000000180005a70:   48 8b 07 75 28 ff 90 80 00 00 00 4c 8b 1f 48 8b
0x0000000180005a80:   cf 41 ff 93 88 00 00 00 4c 8b 1f 49 8b d4 48 8b
0x0000000180005a90:   cf 41 ff 93 b8 00 00 00 4c 8b e3 eb 54 48 8b d5
0x0000000180005aa0:   ff 90 20 03 00 00 49 8b d4 48 8b cf 48 63 e8 48
0x0000000180005ab0:   8b 07 ff 90 b8 00 00 00 48 8d 15 51 70 01 00 48
0x0000000180005ac0:   8d 0d 0e 7a 01 00 41 b8 02 00 00 00 e8 6f 62 00
0x0000000180005ad0:   00 85 c0 75 19 85 ed 75 15 e8 c2 5e 00 00 48 8d
0x0000000180005ae0:   15 23 7a 01 00 48 8d 48 60 e8 3a 5d 00 00 4c 8b
0x0000000180005af0:   e5 8b ac 24 88 00 00 00 44 8b ac 24 80 00 00 00
0x0000000180005b00:   45 8b 74 24 08 41 89 5c 24 08 41 8b fd 85 ed 78
0x0000000180005b10:   09 ff 15 e9 14 01 00 44 8b f8 45 85 ed 7e 4a 90
0x0000000180005b20:   8b c6 ff c6 83 f8 14 7d 40 85 ed 78 0d ff 15 cd
0x0000000180005b30:   14 01 00 41 2b c7 3b c5 7d 2f 8b 4c 24 70 48 63
0x0000000180005b40:   d3 44 8b c7 48 03 54 24 78 e8 a2 31 00 00 85 c0
0x0000000180005b50:   78 33 74 06 03 d8 2b f8 eb 0a b9 e8 03 00 00 e8
0x0000000180005b60:   1c 1c 00 00 41 3b dd 7c b7 8b c3 45 89 74 24 08
0x0000000180005b70:   48 8b 5c 24 60 48 83 c4 20 41 5f 41 5e 41 5d 41
0x0000000180005b80:   5c 5f 5e 5d c3 e8 1e 61 00 00 83 38 04 74 05 e8
0x0000000180005b90:   14 61 00 00 83 c8 ff eb d2 cc cc cc cc cc cc cc
0x0000000180005ba0:   40 53 55 56 57 41 54 41 55 48 81 ec b8 00 00 00
0x0000000180005bb0:   48 8b 05 71 85 01 00 48 33 c4 48 89 84 24 a0 00
0x0000000180005bc0:   00 00 48 8b 01 45 8b e9 41 8b f8 48 8b f2 48 8b
0x0000000180005bd0:   d9 ff 90 f8 00 00 00 4c 8b 13 4c 8d 0d 33 6f 01
0x0000000180005be0:   00 4c 8d 05 7c 6f 01 00 48 8b d0 48 8b cb 4c 8b
0x0000000180005bf0:   e0 41 ff 92 f0 02 00 00 33 ed 48 8b cb 4c 8b c0 


Stack slot to memory mapping:
stack at sp + 0 slots: 0x0 is NULL
stack at sp + 1 slots: 0x0 is NULL
stack at sp + 2 slots: 0x0 is NULL
stack at sp + 3 slots: 0x00007ffdb41f728f jvm.dll
stack at sp + 4 slots: 0x0 is NULL
stack at sp + 5 slots: 0x0000008ff3efef50 is pointing into the stack for thread: 0x00000225183ab190
stack at sp + 6 slots: 0x000002250f82e290 is pointing into metadata
stack at sp + 7 slots: 0x0000000000000001 is an unknown value


---------------  P R O C E S S  ---------------

Threads class SMR info:
_java_thread_list=0x000002251a5c05f0, length=21, elements={
0x000002250f22dfa0, 0x000002250f22eec0, 0x000002250f248650, 0x000002250f26c460,
0x000002250f268f70, 0x000002250f269910, 0x000002250f2722f0, 0x000002250f273000,
0x000002250f276600, 0x000002250f26c930, 0x000002250f269440, 0x000002250f26bf90,
0x000002250f269de0, 0x000002250f26a2b0, 0x000002250f26ac50, 0x000002250f26b5f0,
0x00000225183ace70, 0x00000225183a7300, 0x00000225183a9e50, 0x00000225183ab190,
0x00000225183ab660
}

Java Threads: ( => current thread )
  0x000002250f22dfa0 JavaThread "Reference Handler" daemon [_thread_blocked, id=23692, stack(0x0000008ff1f00000,0x0000008ff2000000)]
  0x000002250f22eec0 JavaThread "Finalizer" daemon [_thread_blocked, id=26400, stack(0x0000008ff2000000,0x0000008ff2100000)]
  0x000002250f248650 JavaThread "Signal Dispatcher" daemon [_thread_blocked, id=3512, stack(0x0000008ff2100000,0x0000008ff2200000)]
  0x000002250f26c460 JavaThread "Attach Listener" daemon [_thread_blocked, id=23724, stack(0x0000008ff2200000,0x0000008ff2300000)]
  0x000002250f268f70 JavaThread "Service Thread" daemon [_thread_blocked, id=17232, stack(0x0000008ff2300000,0x0000008ff2400000)]
  0x000002250f269910 JavaThread "Monitor Deflation Thread" daemon [_thread_blocked, id=22864, stack(0x0000008ff2400000,0x0000008ff2500000)]
  0x000002250f2722f0 JavaThread "C2 CompilerThread0" daemon [_thread_blocked, id=6056, stack(0x0000008ff2500000,0x0000008ff2600000)]
  0x000002250f273000 JavaThread "C1 CompilerThread0" daemon [_thread_blocked, id=27660, stack(0x0000008ff2600000,0x0000008ff2700000)]
  0x000002250f276600 JavaThread "Sweeper thread" daemon [_thread_blocked, id=24972, stack(0x0000008ff2700000,0x0000008ff2800000)]
  0x000002250f26c930 JavaThread "Notification Thread" daemon [_thread_blocked, id=25212, stack(0x0000008ff2800000,0x0000008ff2900000)]
  0x000002250f269440 JavaThread "Common-Cleaner" daemon [_thread_blocked, id=25412, stack(0x0000008ff2a00000,0x0000008ff2b00000)]
  0x000002250f26bf90 JavaThread "Java2D Disposer" daemon [_thread_blocked, id=17660, stack(0x0000008ff2b00000,0x0000008ff2c00000)]
  0x000002250f269de0 JavaThread "AWT-Shutdown" [_thread_blocked, id=24256, stack(0x0000008ff2c00000,0x0000008ff2d00000)]
  0x000002250f26a2b0 JavaThread "AWT-Windows" daemon [_thread_in_native, id=13096, stack(0x0000008ff2d00000,0x0000008ff2e00000)]
  0x000002250f26ac50 JavaThread "AWT-EventQueue-0" [_thread_blocked, id=22932, stack(0x0000008ff3700000,0x0000008ff3800000)]
  0x000002250f26b5f0 JavaThread "D3D Screen Updater" daemon [_thread_blocked, id=10148, stack(0x0000008ff3800000,0x0000008ff3900000)]
  0x00000225183ace70 JavaThread "Image Fetcher 0" daemon [_thread_blocked, id=17004, stack(0x0000008ff3600000,0x0000008ff3700000)]
  0x00000225183a7300 JavaThread "TimerQueue" daemon [_thread_blocked, id=23888, stack(0x0000008ff3d00000,0x0000008ff3e00000)]
  0x00000225183a9e50 JavaThread "Thread-0" [_thread_in_native, id=26680, stack(0x0000008ff3b00000,0x0000008ff3c00000)]
=>0x00000225183ab190 JavaThread "Thread-1" [_thread_in_native, id=2272, stack(0x0000008ff3e00000,0x0000008ff3f00000)]
  0x00000225183ab660 JavaThread "DestroyJavaVM" [_thread_blocked, id=18740, stack(0x0000008ff1800000,0x0000008ff1900000)]

Other Threads:
  0x00000225724098e0 VMThread "VM Thread" [stack: 0x0000008ff1e00000,0x0000008ff1f00000] [id=22708]
  0x00000225135b8cc0 WatcherThread "VM Periodic Task Thread" [stack: 0x0000008ff2900000,0x0000008ff2a00000] [id=13664]
  0x000002257238f770 WorkerThread "GC Thread#0" [stack: 0x0000008ff1900000,0x0000008ff1a00000] [id=16176]
  0x000002257239e450 ConcurrentGCThread "G1 Main Marker" [stack: 0x0000008ff1a00000,0x0000008ff1b00000] [id=28076]
  0x000002257239fd60 WorkerThread "G1 Conc#0" [stack: 0x0000008ff1b00000,0x0000008ff1c00000] [id=21356]
  0x00000225723e5e10 ConcurrentGCThread "G1 Refine#0" [stack: 0x0000008ff1c00000,0x0000008ff1d00000] [id=25844]
  0x00000225723e8250 ConcurrentGCThread "G1 Service" [stack: 0x0000008ff1d00000,0x0000008ff1e00000] [id=22400]

Threads with active compile tasks:

VM state: not at safepoint (normal execution)

VM Mutex/Monitor currently owned by a thread: None

Heap address: 0x00000000a0c00000, size: 1524 MB, Compressed Oops mode: 32-bit

CDS archive(s) mapped at: [0x0000000800000000-0x0000000800ba0000-0x0000000800ba0000), size 12189696, SharedBaseAddress: 0x0000000800000000, ArchiveRelocationMode: 0.
Compressed class space mapped at: 0x0000000800c00000-0x0000000840c00000, reserved size: 1073741824
Narrow klass base: 0x0000000800000000, Narrow klass shift: 0, Narrow klass range: 0x100000000

GC Precious Log:
 CardTable entry size: 512
 Card Set container configuration: InlinePtr #cards 5 size 8 Array Of Cards #cards 12 size 40 Howl #buckets 4 coarsen threshold 1843 Howl Bitmap #cards 512 size 80 coarsen threshold 460 Card regions per heap region 1 cards per card region 2048
 CPUs: 8 total, 8 available
 Memory: 6091M
 Large Page Support: Disabled
 NUMA Support: Disabled
 Compressed Oops: Enabled (32-bit)
 Heap Region Size: 1M
 Heap Min Capacity: 8M
 Heap Initial Capacity: 96M
 Heap Max Capacity: 1524M
 Pre-touch: Disabled
 Parallel Workers: 8
 Concurrent Workers: 2
 Concurrent Refinement Workers: 8
 Periodic GC: Disabled

Heap:
 garbage-first heap   total 98304K, used 12288K [0x00000000a0c00000, 0x0000000100000000)
  region size 1024K, 13 young (13312K), 0 survivors (0K)
 Metaspace       used 8855K, committed 9088K, reserved 1114112K
  class space    used 989K, committed 1152K, reserved 1048576K

Heap Regions: E=young(eden), S=young(survivor), O=old, HS=humongous(starts), HC=humongous(continues), CS=collection set, F=free, OA=open archive, CA=closed archive, TAMS=top-at-mark-start (previous, next)
|   0|0x00000000a0c00000, 0x00000000a0c00000, 0x00000000a0d00000|  0%| F|  |TAMS 0x00000000a0c00000, 0x00000000a0c00000| Untracked 
|   1|0x00000000a0d00000, 0x00000000a0d00000, 0x00000000a0e00000|  0%| F|  |TAMS 0x00000000a0d00000, 0x00000000a0d00000| Untracked 
|   2|0x00000000a0e00000, 0x00000000a0e00000, 0x00000000a0f00000|  0%| F|  |TAMS 0x00000000a0e00000, 0x00000000a0e00000| Untracked 
|   3|0x00000000a0f00000, 0x00000000a0f00000, 0x00000000a1000000|  0%| F|  |TAMS 0x00000000a0f00000, 0x00000000a0f00000| Untracked 
|   4|0x00000000a1000000, 0x00000000a1000000, 0x00000000a1100000|  0%| F|  |TAMS 0x00000000a1000000, 0x00000000a1000000| Untracked 
|   5|0x00000000a1100000, 0x00000000a1100000, 0x00000000a1200000|  0%| F|  |TAMS 0x00000000a1100000, 0x00000000a1100000| Untracked 
|   6|0x00000000a1200000, 0x00000000a1200000, 0x00000000a1300000|  0%| F|  |TAMS 0x00000000a1200000, 0x00000000a1200000| Untracked 
|   7|0x00000000a1300000, 0x00000000a1300000, 0x00000000a1400000|  0%| F|  |TAMS 0x00000000a1300000, 0x00000000a1300000| Untracked 
|   8|0x00000000a1400000, 0x00000000a1400000, 0x00000000a1500000|  0%| F|  |TAMS 0x00000000a1400000, 0x00000000a1400000| Untracked 
|   9|0x00000000a1500000, 0x00000000a1500000, 0x00000000a1600000|  0%| F|  |TAMS 0x00000000a1500000, 0x00000000a1500000| Untracked 
|  10|0x00000000a1600000, 0x00000000a1600000, 0x00000000a1700000|  0%| F|  |TAMS 0x00000000a1600000, 0x00000000a1600000| Untracked 
|  11|0x00000000a1700000, 0x00000000a1700000, 0x00000000a1800000|  0%| F|  |TAMS 0x00000000a1700000, 0x00000000a1700000| Untracked 
|  12|0x00000000a1800000, 0x00000000a1800000, 0x00000000a1900000|  0%| F|  |TAMS 0x00000000a1800000, 0x00000000a1800000| Untracked 
|  13|0x00000000a1900000, 0x00000000a1900000, 0x00000000a1a00000|  0%| F|  |TAMS 0x00000000a1900000, 0x00000000a1900000| Untracked 
|  14|0x00000000a1a00000, 0x00000000a1a00000, 0x00000000a1b00000|  0%| F|  |TAMS 0x00000000a1a00000, 0x00000000a1a00000| Untracked 
|  15|0x00000000a1b00000, 0x00000000a1b00000, 0x00000000a1c00000|  0%| F|  |TAMS 0x00000000a1b00000, 0x00000000a1b00000| Untracked 
|  16|0x00000000a1c00000, 0x00000000a1c00000, 0x00000000a1d00000|  0%| F|  |TAMS 0x00000000a1c00000, 0x00000000a1c00000| Untracked 
|  17|0x00000000a1d00000, 0x00000000a1d00000, 0x00000000a1e00000|  0%| F|  |TAMS 0x00000000a1d00000, 0x00000000a1d00000| Untracked 
|  18|0x00000000a1e00000, 0x00000000a1e00000, 0x00000000a1f00000|  0%| F|  |TAMS 0x00000000a1e00000, 0x00000000a1e00000| Untracked 
|  19|0x00000000a1f00000, 0x00000000a1f00000, 0x00000000a2000000|  0%| F|  |TAMS 0x00000000a1f00000, 0x00000000a1f00000| Untracked 
|  20|0x00000000a2000000, 0x00000000a2000000, 0x00000000a2100000|  0%| F|  |TAMS 0x00000000a2000000, 0x00000000a2000000| Untracked 
|  21|0x00000000a2100000, 0x00000000a2100000, 0x00000000a2200000|  0%| F|  |TAMS 0x00000000a2100000, 0x00000000a2100000| Untracked 
|  22|0x00000000a2200000, 0x00000000a2200000, 0x00000000a2300000|  0%| F|  |TAMS 0x00000000a2200000, 0x00000000a2200000| Untracked 
|  23|0x00000000a2300000, 0x00000000a2300000, 0x00000000a2400000|  0%| F|  |TAMS 0x00000000a2300000, 0x00000000a2300000| Untracked 
|  24|0x00000000a2400000, 0x00000000a2400000, 0x00000000a2500000|  0%| F|  |TAMS 0x00000000a2400000, 0x00000000a2400000| Untracked 
|  25|0x00000000a2500000, 0x00000000a2500000, 0x00000000a2600000|  0%| F|  |TAMS 0x00000000a2500000, 0x00000000a2500000| Untracked 
|  26|0x00000000a2600000, 0x00000000a2600000, 0x00000000a2700000|  0%| F|  |TAMS 0x00000000a2600000, 0x00000000a2600000| Untracked 
|  27|0x00000000a2700000, 0x00000000a2700000, 0x00000000a2800000|  0%| F|  |TAMS 0x00000000a2700000, 0x00000000a2700000| Untracked 
|  28|0x00000000a2800000, 0x00000000a2800000, 0x00000000a2900000|  0%| F|  |TAMS 0x00000000a2800000, 0x00000000a2800000| Untracked 
|  29|0x00000000a2900000, 0x00000000a2900000, 0x00000000a2a00000|  0%| F|  |TAMS 0x00000000a2900000, 0x00000000a2900000| Untracked 
|  30|0x00000000a2a00000, 0x00000000a2a00000, 0x00000000a2b00000|  0%| F|  |TAMS 0x00000000a2a00000, 0x00000000a2a00000| Untracked 
|  31|0x00000000a2b00000, 0x00000000a2b00000, 0x00000000a2c00000|  0%| F|  |TAMS 0x00000000a2b00000, 0x00000000a2b00000| Untracked 
|  32|0x00000000a2c00000, 0x00000000a2c00000, 0x00000000a2d00000|  0%| F|  |TAMS 0x00000000a2c00000, 0x00000000a2c00000| Untracked 
|  33|0x00000000a2d00000, 0x00000000a2d00000, 0x00000000a2e00000|  0%| F|  |TAMS 0x00000000a2d00000, 0x00000000a2d00000| Untracked 
|  34|0x00000000a2e00000, 0x00000000a2e00000, 0x00000000a2f00000|  0%| F|  |TAMS 0x00000000a2e00000, 0x00000000a2e00000| Untracked 
|  35|0x00000000a2f00000, 0x00000000a2f00000, 0x00000000a3000000|  0%| F|  |TAMS 0x00000000a2f00000, 0x00000000a2f00000| Untracked 
|  36|0x00000000a3000000, 0x00000000a3000000, 0x00000000a3100000|  0%| F|  |TAMS 0x00000000a3000000, 0x00000000a3000000| Untracked 
|  37|0x00000000a3100000, 0x00000000a3100000, 0x00000000a3200000|  0%| F|  |TAMS 0x00000000a3100000, 0x00000000a3100000| Untracked 
|  38|0x00000000a3200000, 0x00000000a3200000, 0x00000000a3300000|  0%| F|  |TAMS 0x00000000a3200000, 0x00000000a3200000| Untracked 
|  39|0x00000000a3300000, 0x00000000a3300000, 0x00000000a3400000|  0%| F|  |TAMS 0x00000000a3300000, 0x00000000a3300000| Untracked 
|  40|0x00000000a3400000, 0x00000000a3400000, 0x00000000a3500000|  0%| F|  |TAMS 0x00000000a3400000, 0x00000000a3400000| Untracked 
|  41|0x00000000a3500000, 0x00000000a3500000, 0x00000000a3600000|  0%| F|  |TAMS 0x00000000a3500000, 0x00000000a3500000| Untracked 
|  42|0x00000000a3600000, 0x00000000a3600000, 0x00000000a3700000|  0%| F|  |TAMS 0x00000000a3600000, 0x00000000a3600000| Untracked 
|  43|0x00000000a3700000, 0x00000000a3700000, 0x00000000a3800000|  0%| F|  |TAMS 0x00000000a3700000, 0x00000000a3700000| Untracked 
|  44|0x00000000a3800000, 0x00000000a3800000, 0x00000000a3900000|  0%| F|  |TAMS 0x00000000a3800000, 0x00000000a3800000| Untracked 
|  45|0x00000000a3900000, 0x00000000a3900000, 0x00000000a3a00000|  0%| F|  |TAMS 0x00000000a3900000, 0x00000000a3900000| Untracked 
|  46|0x00000000a3a00000, 0x00000000a3a00000, 0x00000000a3b00000|  0%| F|  |TAMS 0x00000000a3a00000, 0x00000000a3a00000| Untracked 
|  47|0x00000000a3b00000, 0x00000000a3b00000, 0x00000000a3c00000|  0%| F|  |TAMS 0x00000000a3b00000, 0x00000000a3b00000| Untracked 
|  48|0x00000000a3c00000, 0x00000000a3c00000, 0x00000000a3d00000|  0%| F|  |TAMS 0x00000000a3c00000, 0x00000000a3c00000| Untracked 
|  49|0x00000000a3d00000, 0x00000000a3d00000, 0x00000000a3e00000|  0%| F|  |TAMS 0x00000000a3d00000, 0x00000000a3d00000| Untracked 
|  50|0x00000000a3e00000, 0x00000000a3e00000, 0x00000000a3f00000|  0%| F|  |TAMS 0x00000000a3e00000, 0x00000000a3e00000| Untracked 
|  51|0x00000000a3f00000, 0x00000000a3f00000, 0x00000000a4000000|  0%| F|  |TAMS 0x00000000a3f00000, 0x00000000a3f00000| Untracked 
|  52|0x00000000a4000000, 0x00000000a4000000, 0x00000000a4100000|  0%| F|  |TAMS 0x00000000a4000000, 0x00000000a4000000| Untracked 
|  53|0x00000000a4100000, 0x00000000a4100000, 0x00000000a4200000|  0%| F|  |TAMS 0x00000000a4100000, 0x00000000a4100000| Untracked 
|  54|0x00000000a4200000, 0x00000000a4200000, 0x00000000a4300000|  0%| F|  |TAMS 0x00000000a4200000, 0x00000000a4200000| Untracked 
|  55|0x00000000a4300000, 0x00000000a4300000, 0x00000000a4400000|  0%| F|  |TAMS 0x00000000a4300000, 0x00000000a4300000| Untracked 
|  56|0x00000000a4400000, 0x00000000a4400000, 0x00000000a4500000|  0%| F|  |TAMS 0x00000000a4400000, 0x00000000a4400000| Untracked 
|  57|0x00000000a4500000, 0x00000000a4500000, 0x00000000a4600000|  0%| F|  |TAMS 0x00000000a4500000, 0x00000000a4500000| Untracked 
|  58|0x00000000a4600000, 0x00000000a4600000, 0x00000000a4700000|  0%| F|  |TAMS 0x00000000a4600000, 0x00000000a4600000| Untracked 
|  59|0x00000000a4700000, 0x00000000a4700000, 0x00000000a4800000|  0%| F|  |TAMS 0x00000000a4700000, 0x00000000a4700000| Untracked 
|  60|0x00000000a4800000, 0x00000000a4800000, 0x00000000a4900000|  0%| F|  |TAMS 0x00000000a4800000, 0x00000000a4800000| Untracked 
|  61|0x00000000a4900000, 0x00000000a4900000, 0x00000000a4a00000|  0%| F|  |TAMS 0x00000000a4900000, 0x00000000a4900000| Untracked 
|  62|0x00000000a4a00000, 0x00000000a4a00000, 0x00000000a4b00000|  0%| F|  |TAMS 0x00000000a4a00000, 0x00000000a4a00000| Untracked 
|  63|0x00000000a4b00000, 0x00000000a4b00000, 0x00000000a4c00000|  0%| F|  |TAMS 0x00000000a4b00000, 0x00000000a4b00000| Untracked 
|  64|0x00000000a4c00000, 0x00000000a4c00000, 0x00000000a4d00000|  0%| F|  |TAMS 0x00000000a4c00000, 0x00000000a4c00000| Untracked 
|  65|0x00000000a4d00000, 0x00000000a4d00000, 0x00000000a4e00000|  0%| F|  |TAMS 0x00000000a4d00000, 0x00000000a4d00000| Untracked 
|  66|0x00000000a4e00000, 0x00000000a4e00000, 0x00000000a4f00000|  0%| F|  |TAMS 0x00000000a4e00000, 0x00000000a4e00000| Untracked 
|  67|0x00000000a4f00000, 0x00000000a4f00000, 0x00000000a5000000|  0%| F|  |TAMS 0x00000000a4f00000, 0x00000000a4f00000| Untracked 
|  68|0x00000000a5000000, 0x00000000a5000000, 0x00000000a5100000|  0%| F|  |TAMS 0x00000000a5000000, 0x00000000a5000000| Untracked 
|  69|0x00000000a5100000, 0x00000000a5100000, 0x00000000a5200000|  0%| F|  |TAMS 0x00000000a5100000, 0x00000000a5100000| Untracked 
|  70|0x00000000a5200000, 0x00000000a5200000, 0x00000000a5300000|  0%| F|  |TAMS 0x00000000a5200000, 0x00000000a5200000| Untracked 
|  71|0x00000000a5300000, 0x00000000a5300000, 0x00000000a5400000|  0%| F|  |TAMS 0x00000000a5300000, 0x00000000a5300000| Untracked 
|  72|0x00000000a5400000, 0x00000000a5400000, 0x00000000a5500000|  0%| F|  |TAMS 0x00000000a5400000, 0x00000000a5400000| Untracked 
|  73|0x00000000a5500000, 0x00000000a5500000, 0x00000000a5600000|  0%| F|  |TAMS 0x00000000a5500000, 0x00000000a5500000| Untracked 
|  74|0x00000000a5600000, 0x00000000a5600000, 0x00000000a5700000|  0%| F|  |TAMS 0x00000000a5600000, 0x00000000a5600000| Untracked 
|  75|0x00000000a5700000, 0x00000000a5700000, 0x00000000a5800000|  0%| F|  |TAMS 0x00000000a5700000, 0x00000000a5700000| Untracked 
|  76|0x00000000a5800000, 0x00000000a5800000, 0x00000000a5900000|  0%| F|  |TAMS 0x00000000a5800000, 0x00000000a5800000| Untracked 
|  77|0x00000000a5900000, 0x00000000a5900000, 0x00000000a5a00000|  0%| F|  |TAMS 0x00000000a5900000, 0x00000000a5900000| Untracked 
|  78|0x00000000a5a00000, 0x00000000a5a00000, 0x00000000a5b00000|  0%| F|  |TAMS 0x00000000a5a00000, 0x00000000a5a00000| Untracked 
|  79|0x00000000a5b00000, 0x00000000a5b00000, 0x00000000a5c00000|  0%| F|  |TAMS 0x00000000a5b00000, 0x00000000a5b00000| Untracked 
|  80|0x00000000a5c00000, 0x00000000a5c00000, 0x00000000a5d00000|  0%| F|  |TAMS 0x00000000a5c00000, 0x00000000a5c00000| Untracked 
|  81|0x00000000a5d00000, 0x00000000a5d00000, 0x00000000a5e00000|  0%| F|  |TAMS 0x00000000a5d00000, 0x00000000a5d00000| Untracked 
|  82|0x00000000a5e00000, 0x00000000a5e00000, 0x00000000a5f00000|  0%| F|  |TAMS 0x00000000a5e00000, 0x00000000a5e00000| Untracked 
|  83|0x00000000a5f00000, 0x00000000a5f76458, 0x00000000a6000000| 46%| E|  |TAMS 0x00000000a5f00000, 0x00000000a5f00000| Complete 
|  84|0x00000000a6000000, 0x00000000a6100000, 0x00000000a6100000|100%| E|CS|TAMS 0x00000000a6000000, 0x00000000a6000000| Complete 
|  85|0x00000000a6100000, 0x00000000a6200000, 0x00000000a6200000|100%| E|CS|TAMS 0x00000000a6100000, 0x00000000a6100000| Complete 
|  86|0x00000000a6200000, 0x00000000a6300000, 0x00000000a6300000|100%| E|CS|TAMS 0x00000000a6200000, 0x00000000a6200000| Complete 
|  87|0x00000000a6300000, 0x00000000a6400000, 0x00000000a6400000|100%| E|CS|TAMS 0x00000000a6300000, 0x00000000a6300000| Complete 
|  88|0x00000000a6400000, 0x00000000a6500000, 0x00000000a6500000|100%| E|CS|TAMS 0x00000000a6400000, 0x00000000a6400000| Complete 
|  89|0x00000000a6500000, 0x00000000a6600000, 0x00000000a6600000|100%| E|CS|TAMS 0x00000000a6500000, 0x00000000a6500000| Complete 
|  90|0x00000000a6600000, 0x00000000a6700000, 0x00000000a6700000|100%| E|CS|TAMS 0x00000000a6600000, 0x00000000a6600000| Complete 
|  91|0x00000000a6700000, 0x00000000a6800000, 0x00000000a6800000|100%| E|CS|TAMS 0x00000000a6700000, 0x00000000a6700000| Complete 
|  92|0x00000000a6800000, 0x00000000a6900000, 0x00000000a6900000|100%| E|CS|TAMS 0x00000000a6800000, 0x00000000a6800000| Complete 
|  93|0x00000000a6900000, 0x00000000a6a00000, 0x00000000a6a00000|100%| E|CS|TAMS 0x00000000a6900000, 0x00000000a6900000| Complete 
|  94|0x00000000a6a00000, 0x00000000a6b00000, 0x00000000a6b00000|100%| E|CS|TAMS 0x00000000a6a00000, 0x00000000a6a00000| Complete 
|  95|0x00000000a6b00000, 0x00000000a6c00000, 0x00000000a6c00000|100%| E|CS|TAMS 0x00000000a6b00000, 0x00000000a6b00000| Complete 

Card table byte_map: [0x000002257a2c0000,0x000002257a5c0000] _byte_map_base: 0x0000022579dba000

Marking Bits (Prev, Next): (CMBitMap*) 0x0000022572391ca0, (CMBitMap*) 0x0000022572391ce0
 Prev Bits: [0x000002257a8c0000, 0x000002257c090000)
 Next Bits: [0x000002257c090000, 0x000002257d860000)

Polling page: 0x0000022570300000

Metaspace:

Usage:
  Non-class:      7.68 MB used.
      Class:    989.68 KB used.
       Both:      8.65 MB used.

Virtual space:
  Non-class space:       64.00 MB reserved,       7.75 MB ( 12%) committed,  1 nodes.
      Class space:        1.00 GB reserved,       1.12 MB ( <1%) committed,  1 nodes.
             Both:        1.06 GB reserved,       8.88 MB ( <1%) committed. 

Chunk freelists:
   Non-Class:  208.00 KB
       Class:  2.75 MB
        Both:  2.95 MB

MaxMetaspaceSize: unlimited
CompressedClassSpaceSize: 1.00 GB
Initial GC threshold: 21.00 MB
Current GC threshold: 21.00 MB
CDS: on
MetaspaceReclaimPolicy: balanced
 - commit_granule_bytes: 65536.
 - commit_granule_words: 8192.
 - virtual_space_node_default_size: 8388608.
 - enlarge_chunks_in_place: 1.
 - new_chunks_are_fully_committed: 0.
 - uncommit_free_chunks: 1.
 - use_allocation_guard: 0.


Internal statistics:

num_allocs_failed_limit: 0.
num_arena_births: 134.
num_arena_deaths: 0.
num_vsnodes_births: 2.
num_vsnodes_deaths: 0.
num_space_committed: 142.
num_space_uncommitted: 0.
num_chunks_returned_to_freelist: 0.
num_chunks_taken_from_freelist: 204.
num_chunk_merges: 0.
num_chunk_splits: 109.
num_chunks_enlarged: 30.
num_inconsistent_stats: 0.

CodeHeap 'non-profiled nmethods': size=120000Kb used=389Kb max_used=389Kb free=119610Kb
 bounds [0x0000022507ad0000, 0x0000022507d40000, 0x000002250f000000]
CodeHeap 'profiled nmethods': size=120000Kb used=2465Kb max_used=2465Kb free=117534Kb
 bounds [0x00000225005a0000, 0x0000022500810000, 0x0000022507ad0000]
CodeHeap 'non-nmethods': size=5760Kb used=1305Kb max_used=1336Kb free=4454Kb
 bounds [0x0000022500000000, 0x0000022500270000, 0x00000225005a0000]
 total_blobs=1940 nmethods=1312 adapters=541
 compilation: enabled
              stopped_count=0, restarted_count=0
 full_count=0

Compilation events (20 events):
Event: 11.113 Thread 0x000002250f273000 1303       1       javax.swing.Timer::getLock (5 bytes)
Event: 11.113 Thread 0x000002250f273000 nmethod 1303 0x0000022507b30e90 code [0x0000022507b31020, 0x0000022507b310f8]
Event: 11.113 Thread 0x000002250f273000 1305       3       java.util.ArrayList::indexOfRange (71 bytes)
Event: 11.114 Thread 0x000002250f273000 nmethod 1305 0x0000022500804290 code [0x0000022500804460, 0x0000022500804928]
Event: 11.114 Thread 0x000002250f273000 1304       3       java.util.ArrayList::indexOf (11 bytes)
Event: 11.114 Thread 0x000002250f273000 nmethod 1304 0x0000022500804b10 code [0x0000022500804cc0, 0x0000022500804e08]
Event: 11.114 Thread 0x000002250f273000 1306       3       java.awt.geom.AffineTransform::hashCode (87 bytes)
Event: 11.114 Thread 0x000002250f273000 nmethod 1306 0x0000022500804e90 code [0x00000225008050c0, 0x0000022500805c18]
Event: 11.115 Thread 0x000002250f273000 1307       3       sun.swing.SwingUtilities2::getFRCFromCache (128 bytes)
Event: 11.116 Thread 0x000002250f273000 nmethod 1307 0x0000022500805e10 code [0x0000022500806080, 0x0000022500806c88]
Event: 11.116 Thread 0x000002250f273000 1308       3       sun.swing.SwingUtilities2$KeyPair::<init> (15 bytes)
Event: 11.116 Thread 0x000002250f273000 nmethod 1308 0x0000022500806f90 code [0x0000022500807140, 0x0000022500807358]
Event: 11.116 Thread 0x000002250f273000 1309       3       sun.swing.SwingUtilities2$KeyPair::hashCode (19 bytes)
Event: 11.116 Thread 0x000002250f273000 nmethod 1309 0x0000022500807410 code [0x00000225008075c0, 0x0000022500807878]
Event: 11.116 Thread 0x000002250f273000 1310       3       sun.swing.SwingUtilities2$KeyPair::equals (48 bytes)
Event: 11.117 Thread 0x000002250f273000 nmethod 1310 0x0000022500807990 code [0x0000022500807b60, 0x0000022500808118]
Event: 11.117 Thread 0x000002250f273000 1311       3       sun.awt.SunHints$Value::equals (11 bytes)
Event: 11.117 Thread 0x000002250f273000 nmethod 1311 0x0000022500808290 code [0x0000022500808420, 0x0000022500808598]
Event: 11.117 Thread 0x000002250f273000 1312       1       javax.swing.text.JTextComponent::getDocument (5 bytes)
Event: 11.117 Thread 0x000002250f273000 nmethod 1312 0x0000022507b31190 code [0x0000022507b31320, 0x0000022507b313f8]

GC Heap History (0 events):
No events

Deoptimization events (20 events):
Event: 7.412 Thread 0x000002250f26ac50 Uncommon trap: trap_request=0xffffffde fr.pc=0x0000022507aecca4 relative=0x00000000000001a4
Event: 7.412 Thread 0x000002250f26ac50 Uncommon trap: reason=class_check action=maybe_recompile pc=0x0000022507aecca4 method=java.lang.String.equals(Ljava/lang/Object;)Z @ 8 c2
Event: 7.412 Thread 0x000002250f26ac50 DEOPT PACKING pc=0x0000022507aecca4 sp=0x0000008ff37fd570
Event: 7.412 Thread 0x000002250f26ac50 DEOPT UNPACKING pc=0x00000225000523a3 sp=0x0000008ff37fd508 mode 2
Event: 7.413 Thread 0x000002250f26ac50 Uncommon trap: trap_request=0xffffff45 fr.pc=0x0000022507af53d8 relative=0x00000000000004b8
Event: 7.413 Thread 0x000002250f26ac50 Uncommon trap: reason=unstable_if action=reinterpret pc=0x0000022507af53d8 method=java.lang.StringLatin1.newString([BII)Ljava/lang/String; @ 1 c2
Event: 7.413 Thread 0x000002250f26ac50 DEOPT PACKING pc=0x0000022507af53d8 sp=0x0000008ff37fd6b0
Event: 7.413 Thread 0x000002250f26ac50 DEOPT UNPACKING pc=0x00000225000523a3 sp=0x0000008ff37fd610 mode 2
Event: 7.414 Thread 0x000002250f26ac50 Uncommon trap: trap_request=0xffffffde fr.pc=0x0000022507aecca4 relative=0x00000000000001a4
Event: 7.414 Thread 0x000002250f26ac50 Uncommon trap: reason=class_check action=maybe_recompile pc=0x0000022507aecca4 method=java.lang.String.equals(Ljava/lang/Object;)Z @ 8 c2
Event: 7.414 Thread 0x000002250f26ac50 DEOPT PACKING pc=0x0000022507aecca4 sp=0x0000008ff37fd550
Event: 7.414 Thread 0x000002250f26ac50 DEOPT UNPACKING pc=0x00000225000523a3 sp=0x0000008ff37fd4e8 mode 2
Event: 7.417 Thread 0x000002250f26ac50 Uncommon trap: trap_request=0xffffffde fr.pc=0x0000022507aecca4 relative=0x00000000000001a4
Event: 7.417 Thread 0x000002250f26ac50 Uncommon trap: reason=class_check action=maybe_recompile pc=0x0000022507aecca4 method=java.lang.String.equals(Ljava/lang/Object;)Z @ 8 c2
Event: 7.417 Thread 0x000002250f26ac50 DEOPT PACKING pc=0x0000022507aecca4 sp=0x0000008ff37fd570
Event: 7.417 Thread 0x000002250f26ac50 DEOPT UNPACKING pc=0x00000225000523a3 sp=0x0000008ff37fd508 mode 2
Event: 7.917 Thread 0x000002250f26ac50 Uncommon trap: trap_request=0xffffff45 fr.pc=0x0000022507b19da0 relative=0x00000000000000a0
Event: 7.917 Thread 0x000002250f26ac50 Uncommon trap: reason=unstable_if action=reinterpret pc=0x0000022507b19da0 method=java.awt.Component.inside(II)Z @ 9 c2
Event: 7.917 Thread 0x000002250f26ac50 DEOPT PACKING pc=0x0000022507b19da0 sp=0x0000008ff37fe9a0
Event: 7.917 Thread 0x000002250f26ac50 DEOPT UNPACKING pc=0x00000225000523a3 sp=0x0000008ff37fe838 mode 2

Classes loaded (20 events):
Event: 8.612 Loading class javax/swing/event/UndoableEditEvent
Event: 8.612 Loading class javax/swing/event/UndoableEditEvent done
Event: 8.612 Loading class javax/swing/text/AbstractDocument$DefaultDocumentEventUndoableWrapper
Event: 8.612 Loading class sun/swing/text/UndoableEditLockSupport
Event: 8.612 Loading class sun/swing/text/UndoableEditLockSupport done
Event: 8.612 Loading class javax/swing/text/AbstractDocument$DefaultDocumentEventUndoableWrapper done
Event: 8.612 Loading class javax/swing/event/UndoableEditListener
Event: 8.612 Loading class javax/swing/event/UndoableEditListener done
Event: 8.612 Loading class javax/swing/RepaintManager$3
Event: 8.612 Loading class javax/swing/RepaintManager$3 done
Event: 9.301 Loading class javax/swing/plaf/basic/BasicButtonListener$Actions
Event: 9.301 Loading class javax/swing/plaf/basic/BasicButtonListener$Actions done
Event: 10.865 Loading class javax/swing/Autoscroller
Event: 10.866 Loading class javax/swing/Autoscroller done
Event: 11.027 Loading class java/util/TooManyListenersException
Event: 11.027 Loading class java/util/TooManyListenersException done
Event: 11.028 Loading class java/lang/NumberFormatException
Event: 11.028 Loading class java/lang/NumberFormatException done
Event: 11.029 Loading class java/lang/IndexOutOfBoundsException
Event: 11.029 Loading class java/lang/IndexOutOfBoundsException done

Classes unloaded (0 events):
No events

Classes redefined (0 events):
No events

Internal exceptions (16 events):
Event: 0.100 Thread 0x000002257233edb0 Exception <a 'java/lang/ClassNotFoundException'{0x00000000a6a5e2b8}: sun/awt/resources/spi/awtProvider> (0x00000000a6a5e2b8) 
thrown [s\open\src\hotspot\share\classfile\systemDictionary.cpp, line 255]
Event: 0.126 Thread 0x000002257233edb0 Exception <a 'java/io/FileNotFoundException'{0x00000000a6ab3660}> (0x00000000a6ab3660) 
thrown [s\open\src\hotspot\share\prims\jni.cpp, line 516]
Event: 0.134 Thread 0x000002257233edb0 Exception <a 'java/io/FileNotFoundException'{0x00000000a6ae0660}> (0x00000000a6ae0660) 
thrown [s\open\src\hotspot\share\prims\jni.cpp, line 516]
Event: 0.177 Thread 0x000002257233edb0 Exception <a 'java/lang/NoSuchMethodError'{0x00000000a692b3a8}: 'java.lang.Object java.lang.invoke.DirectMethodHandle$Holder.invokeStaticInit(java.lang.Object)'> (0x00000000a692b3a8) 
thrown [s\open\src\hotspot\share\interpreter\linkResolver.cpp, line 759]
Event: 0.268 Thread 0x000002257233edb0 Exception <a 'java/lang/NoSuchMethodError'{0x00000000a6975c00}: 'void java.lang.invoke.DirectMethodHandle$Holder.invokeSpecial(java.lang.Object, java.lang.Object, java.lang.Object)'> (0x00000000a6975c00) 
thrown [s\open\src\hotspot\share\interpreter\linkResolver.cpp, line 759]
Event: 0.277 Thread 0x000002257233edb0 Exception <a 'java/lang/NoSuchMethodError'{0x00000000a6816fc0}: 'java.lang.Object java.lang.invoke.DirectMethodHandle$Holder.newInvokeSpecial(java.lang.Object, java.lang.Object, java.lang.Object, java.lang.Object, java.lang.Object)'> (0x00000000a6816fc0) 
thrown [s\open\src\hotspot\share\interpreter\linkResolver.cpp, line 759]
Event: 0.284 Thread 0x000002257233edb0 Exception <a 'java/lang/NoSuchMethodError'{0x00000000a6848ad0}: 'java.lang.Object java.lang.invoke.DirectMethodHandle$Holder.invokeStatic(java.lang.Object, int, java.lang.Object)'> (0x00000000a6848ad0) 
thrown [s\open\src\hotspot\share\interpreter\linkResolver.cpp, line 759]
Event: 0.309 Thread 0x000002257233edb0 Exception <a 'java/lang/ClassNotFoundException'{0x00000000a6705d58}: com/sun/swing/internal/plaf/metal/resources/spi/metalProvider> (0x00000000a6705d58) 
thrown [s\open\src\hotspot\share\classfile\systemDictionary.cpp, line 255]
Event: 0.310 Thread 0x000002257233edb0 Exception <a 'java/lang/ClassNotFoundException'{0x00000000a6709e90}: com/sun/swing/internal/plaf/basic/resources/spi/basicProvider> (0x00000000a6709e90) 
thrown [s\open\src\hotspot\share\classfile\systemDictionary.cpp, line 255]
Event: 0.319 Thread 0x000002257233edb0 Exception <a 'java/lang/NoSuchMethodError'{0x00000000a672a898}: 'int java.lang.invoke.Invokers$Holder.invokeExact_MT(java.lang.Object, java.lang.Object)'> (0x00000000a672a898) 
thrown [s\open\src\hotspot\share\interpreter\linkResolver.cpp, line 759]
Event: 0.390 Thread 0x000002250f26a780 Exception <a 'java/lang/NoSuchMethodError'{0x00000000a66fab78}: 'java.lang.Object java.lang.invoke.DirectMethodHandle$Holder.newInvokeSpecial(java.lang.Object, java.lang.Object, java.lang.Object, int, int, int, int, int)'> (0x00000000a66fab78) 
thrown [s\open\src\hotspot\share\interpreter\linkResolver.cpp, line 759]
Event: 0.482 Thread 0x000002250f26a2b0 Exception <a 'java/lang/NoSuchMethodError'{0x00000000a6985cb8}: 'void java.lang.invoke.DirectMethodHandle$Holder.invokeVirtual(java.lang.Object, java.lang.Object)'> (0x00000000a6985cb8) 
thrown [s\open\src\hotspot\share\interpreter\linkResolver.cpp, line 759]
Event: 0.505 Thread 0x000002257233edb0 Exception <a 'java/lang/NoSuchMethodError'{0x00000000a67692b0}: 'void java.lang.invoke.DirectMethodHandle$Holder.invokeStaticInit(java.lang.Object)'> (0x00000000a67692b0) 
thrown [s\open\src\hotspot\share\interpreter\linkResolver.cpp, line 759]
Event: 0.579 Thread 0x000002257233edb0 Exception <a 'java/io/FileNotFoundException'{0x00000000a63de0e8}> (0x00000000a63de0e8) 
thrown [s\open\src\hotspot\share\prims\jni.cpp, line 516]
Event: 9.300 Thread 0x000002250f26ac50 Exception <a 'java/lang/NoSuchMethodError'{0x00000000a61b78d0}: 'void java.lang.invoke.DirectMethodHandle$Holder.invokeStatic(java.lang.Object, java.lang.Object)'> (0x00000000a61b78d0) 
thrown [s\open\src\hotspot\share\interpreter\linkResolver.cpp, line 759]
Event: 11.025 Thread 0x000002257233edb0 Exception <a 'java/io/FileNotFoundException'{0x00000000a60039d0}> (0x00000000a60039d0) 
thrown [s\open\src\hotspot\share\prims\jni.cpp, line 516]

VM Operations (20 events):
Event: 1.637 Executing VM operation: Cleanup
Event: 1.637 Executing VM operation: Cleanup done
Event: 2.642 Executing VM operation: Cleanup
Event: 2.642 Executing VM operation: Cleanup done
Event: 3.654 Executing VM operation: Cleanup
Event: 3.654 Executing VM operation: Cleanup done
Event: 6.671 Executing VM operation: Cleanup
Event: 6.671 Executing VM operation: Cleanup done
Event: 7.319 Executing VM operation: HandshakeAllThreads
Event: 7.319 Executing VM operation: HandshakeAllThreads done
Event: 7.321 Executing VM operation: HandshakeAllThreads
Event: 7.321 Executing VM operation: HandshakeAllThreads done
Event: 7.350 Executing VM operation: HandshakeAllThreads
Event: 7.350 Executing VM operation: HandshakeAllThreads done
Event: 8.363 Executing VM operation: Cleanup
Event: 8.363 Executing VM operation: Cleanup done
Event: 9.374 Executing VM operation: Cleanup
Event: 9.374 Executing VM operation: Cleanup done
Event: 10.383 Executing VM operation: Cleanup
Event: 10.383 Executing VM operation: Cleanup done

Events (20 events):
Event: 0.092 Loaded shared library C:\Program Files\Java\jdk-18.0.2.1\bin\jimage.dll
Event: 0.111 Loaded shared library C:\Program Files\Java\jdk-18.0.2.1\bin\awt.dll
Event: 0.178 Thread 0x000002250f26bf90 Thread added: 0x000002250f26bf90
Event: 0.179 Thread 0x000002250f269de0 Thread added: 0x000002250f269de0
Event: 0.181 Thread 0x000002250f26a2b0 Thread added: 0x000002250f26a2b0
Event: 0.327 Thread 0x000002250f26a780 Thread added: 0x000002250f26a780
Event: 0.484 Thread 0x000002250f26ac50 Thread added: 0x000002250f26ac50
Event: 0.512 Loaded shared library C:\Program Files\Java\jdk-18.0.2.1\bin\freetype.dll
Event: 0.514 Loaded shared library C:\Program Files\Java\jdk-18.0.2.1\bin\fontmanager.dll
Event: 0.576 Thread 0x000002250f26b5f0 Thread added: 0x000002250f26b5f0
Event: 0.576 Loaded shared library C:\JavaRXTX\x64\rxtxSerial.dll
Event: 5.471 Thread 0x000002250f26a780 Thread exited: 0x000002250f26a780
Event: 7.306 Thread 0x00000225183ace70 Thread added: 0x00000225183ace70
Event: 7.344 Thread 0x000002251817de90 Thread added: 0x000002251817de90
Event: 7.447 Thread 0x00000225183a7300 Thread added: 0x00000225183a7300
Event: 7.932 Thread 0x000002251817de90 Thread exited: 0x000002251817de90
Event: 11.087 Thread 0x00000225183a9e50 Thread added: 0x00000225183a9e50
Event: 11.126 Thread 0x00000225183ab190 Thread added: 0x00000225183ab190
Event: 11.126 Thread 0x000002257233edb0 Thread exited: 0x000002257233edb0
Event: 11.126 Thread 0x00000225183ab660 Thread added: 0x00000225183ab660


Dynamic libraries:
0x00007ff769360000 - 0x00007ff769370000 	C:\Program Files\Java\jdk-18.0.2.1\bin\java.exe
0x00007ffdf97b0000 - 0x00007ffdf99a8000 	C:\WINDOWS\SYSTEM32\ntdll.dll
0x00007ffdf7f60000 - 0x00007ffdf801f000 	C:\WINDOWS\System32\KERNEL32.DLL
0x00007ffdf73f0000 - 0x00007ffdf76e6000 	C:\WINDOWS\System32\KERNELBASE.dll
0x00007ffdf6ff0000 - 0x00007ffdf70f0000 	C:\WINDOWS\System32\ucrtbase.dll
0x00007ffde8db0000 - 0x00007ffde8dca000 	C:\Program Files\Java\jdk-18.0.2.1\bin\VCRUNTIME140.dll
0x00007ffdf12c0000 - 0x00007ffdf12d8000 	C:\Program Files\Java\jdk-18.0.2.1\bin\jli.dll
0x00007ffdf9510000 - 0x00007ffdf95bf000 	C:\WINDOWS\System32\ADVAPI32.dll
0x00007ffdf8600000 - 0x00007ffdf869e000 	C:\WINDOWS\System32\msvcrt.dll
0x00007ffdf8ed0000 - 0x00007ffdf8f6c000 	C:\WINDOWS\System32\sechost.dll
0x00007ffdf8160000 - 0x00007ffdf8286000 	C:\WINDOWS\System32\RPCRT4.dll
0x00007ffdf7c20000 - 0x00007ffdf7dbd000 	C:\WINDOWS\System32\USER32.dll
0x00007ffdf6e90000 - 0x00007ffdf6eb2000 	C:\WINDOWS\System32\win32u.dll
0x00007ffde6120000 - 0x00007ffde63ba000 	C:\WINDOWS\WinSxS\amd64_microsoft.windows.common-controls_6595b64144ccf1df_6.0.19041.1110_none_60b5254171f9507e\COMCTL32.dll
0x00007ffdf7b80000 - 0x00007ffdf7bac000 	C:\WINDOWS\System32\GDI32.dll
0x00007ffdf7140000 - 0x00007ffdf7255000 	C:\WINDOWS\System32\gdi32full.dll
0x00007ffdf6f50000 - 0x00007ffdf6fed000 	C:\WINDOWS\System32\msvcp_win.dll
0x00007ffdee920000 - 0x00007ffdee92a000 	C:\WINDOWS\SYSTEM32\VERSION.dll
0x00007ffdf95c0000 - 0x00007ffdf95f0000 	C:\WINDOWS\System32\IMM32.DLL
0x00007ffde78e0000 - 0x00007ffde78ec000 	C:\Program Files\Java\jdk-18.0.2.1\bin\vcruntime140_1.dll
0x00007ffdbcf20000 - 0x00007ffdbcfad000 	C:\Program Files\Java\jdk-18.0.2.1\bin\msvcp140.dll
0x00007ffdb3df0000 - 0x00007ffdb4a01000 	C:\Program Files\Java\jdk-18.0.2.1\bin\server\jvm.dll
0x00007ffdf7b70000 - 0x00007ffdf7b78000 	C:\WINDOWS\System32\PSAPI.DLL
0x00007ffdef1e0000 - 0x00007ffdef1e9000 	C:\WINDOWS\SYSTEM32\WSOCK32.dll
0x00007ffded770000 - 0x00007ffded797000 	C:\WINDOWS\SYSTEM32\WINMM.dll
0x00007ffdf7bb0000 - 0x00007ffdf7c1b000 	C:\WINDOWS\System32\WS2_32.dll
0x00007ffdf4d50000 - 0x00007ffdf4d62000 	C:\WINDOWS\SYSTEM32\kernel.appcore.dll
0x00007ffde7850000 - 0x00007ffde785a000 	C:\Program Files\Java\jdk-18.0.2.1\bin\jimage.dll
0x00007ffdf4450000 - 0x00007ffdf4634000 	C:\WINDOWS\SYSTEM32\DBGHELP.DLL
0x00007ffdde490000 - 0x00007ffdde4c4000 	C:\WINDOWS\SYSTEM32\dbgcore.DLL
0x00007ffdf6ec0000 - 0x00007ffdf6f42000 	C:\WINDOWS\System32\bcryptPrimitives.dll
0x00007ffde7090000 - 0x00007ffde70b5000 	C:\Program Files\Java\jdk-18.0.2.1\bin\java.dll
0x00007ffdbbf20000 - 0x00007ffdbbff6000 	C:\Program Files\Java\jdk-18.0.2.1\bin\jsvml.dll
0x00007ffdf8760000 - 0x00007ffdf8ea4000 	C:\WINDOWS\System32\SHELL32.dll
0x00007ffdf4f50000 - 0x00007ffdf56e3000 	C:\WINDOWS\SYSTEM32\windows.storage.dll
0x00007ffdf7810000 - 0x00007ffdf7b64000 	C:\WINDOWS\System32\combase.dll
0x00007ffdf6810000 - 0x00007ffdf683e000 	C:\WINDOWS\SYSTEM32\Wldp.dll
0x00007ffdf8ff0000 - 0x00007ffdf909d000 	C:\WINDOWS\System32\SHCORE.dll
0x00007ffdf95f0000 - 0x00007ffdf9645000 	C:\WINDOWS\System32\shlwapi.dll
0x00007ffdf6dd0000 - 0x00007ffdf6def000 	C:\WINDOWS\SYSTEM32\profapi.dll
0x00007ffde3020000 - 0x00007ffde3033000 	C:\Program Files\Java\jdk-18.0.2.1\bin\net.dll
0x00007ffdea760000 - 0x00007ffdea86a000 	C:\WINDOWS\SYSTEM32\WINHTTP.dll
0x00007ffdf6570000 - 0x00007ffdf65da000 	C:\WINDOWS\system32\mswsock.dll
0x00007ffdd9290000 - 0x00007ffdd92a6000 	C:\Program Files\Java\jdk-18.0.2.1\bin\nio.dll
0x00007ffdd8c60000 - 0x00007ffdd8c78000 	C:\Program Files\Java\jdk-18.0.2.1\bin\zip.dll
0x00007ffdbb0d0000 - 0x00007ffdbb25f000 	C:\Program Files\Java\jdk-18.0.2.1\bin\awt.dll
0x00007ffdf8290000 - 0x00007ffdf835d000 	C:\WINDOWS\System32\OLEAUT32.dll
0x00007ffdf41c0000 - 0x00007ffdf4251000 	C:\WINDOWS\SYSTEM32\apphelp.dll
0x00007ffdf4a60000 - 0x00007ffdf4a8f000 	C:\WINDOWS\system32\DWMAPI.DLL
0x00007ffdf4640000 - 0x00007ffdf46de000 	C:\WINDOWS\system32\uxtheme.dll
0x00007ffd86490000 - 0x00007ffd865b5000 	C:\WINDOWS\system32\opengl32.dll
0x00007ffda3920000 - 0x00007ffda394c000 	C:\WINDOWS\SYSTEM32\GLU32.dll
0x00007ffdf9650000 - 0x00007ffdf9764000 	C:\WINDOWS\System32\MSCTF.dll
0x00007ffdf8020000 - 0x00007ffdf814a000 	C:\WINDOWS\System32\ole32.dll
0x00007ffda5ec0000 - 0x00007ffda608d000 	C:\WINDOWS\system32\d3d9.dll
0x00007ffded7a0000 - 0x00007ffded958000 	C:\WINDOWS\System32\DriverStore\FileRepository\u0377487.inf_amd64_99415ae859206efa\B377170\aticfx64.dll
0x00007ffde4be0000 - 0x00007ffde4c14000 	C:\WINDOWS\System32\DriverStore\FileRepository\u0377487.inf_amd64_99415ae859206efa\B377170\atiu9p64.dll
0x00007ffd7dde0000 - 0x00007ffd7eb34000 	C:\WINDOWS\System32\DriverStore\FileRepository\u0377487.inf_amd64_99415ae859206efa\B377170\atiumd64.dll
0x000000006dbe0000 - 0x000000006ea53000 	C:\WINDOWS\System32\DriverStore\FileRepository\u0377487.inf_amd64_99415ae859206efa\B377170\atiumd6a.dll
0x00007ffdf90a0000 - 0x00007ffdf9508000 	C:\WINDOWS\System32\SETUPAPI.dll
0x00007ffdf70f0000 - 0x00007ffdf713e000 	C:\WINDOWS\System32\cfgmgr32.dll
0x00007ffdf73c0000 - 0x00007ffdf73e7000 	C:\WINDOWS\System32\bcrypt.dll
0x00007ffdf6cf0000 - 0x00007ffdf6d3b000 	C:\WINDOWS\SYSTEM32\POWRPROF.dll
0x00007ffdf6cd0000 - 0x00007ffdf6ce2000 	C:\WINDOWS\SYSTEM32\UMPDC.dll
0x00007ffdea700000 - 0x00007ffdea730000 	C:\WINDOWS\SYSTEM32\amdihk64.dll
0x00007ffdeda80000 - 0x00007ffdedabb000 	C:\WINDOWS\SYSTEM32\dxcore.dll
0x00007ffdbc740000 - 0x00007ffdbc7c6000 	C:\Program Files\Java\jdk-18.0.2.1\bin\freetype.dll
0x00007ffdbb780000 - 0x00007ffdbb828000 	C:\Program Files\Java\jdk-18.0.2.1\bin\fontmanager.dll
0x00007ffde9640000 - 0x00007ffde973a000 	C:\WINDOWS\SYSTEM32\textinputframework.dll
0x00007ffdf37d0000 - 0x00007ffdf3b2e000 	C:\WINDOWS\System32\CoreUIComponents.dll
0x00007ffdf3eb0000 - 0x00007ffdf3fa2000 	C:\WINDOWS\System32\CoreMessaging.dll
0x00007ffdf27f0000 - 0x00007ffdf2944000 	C:\WINDOWS\SYSTEM32\wintypes.dll
0x00007ffdf5fb0000 - 0x00007ffdf5fe3000 	C:\WINDOWS\SYSTEM32\ntmarta.dll
0x0000000180000000 - 0x0000000180025000 	C:\JavaRXTX\x64\rxtxSerial.dll
0x00007ffdf7ea0000 - 0x00007ffdf7f49000 	C:\WINDOWS\System32\clbcatq.dll
0x00007ffdeff00000 - 0x00007ffdf00b4000 	C:\WINDOWS\SYSTEM32\WindowsCodecs.dll
0x00007ffde55d0000 - 0x00007ffde560e000 	C:\WINDOWS\system32\dataexchange.dll
0x00007ffdf35e0000 - 0x00007ffdf37c3000 	C:\WINDOWS\system32\dcomp.dll
0x00007ffdf3370000 - 0x00007ffdf35d3000 	C:\WINDOWS\system32\d3d11.dll
0x00007ffdf5750000 - 0x00007ffdf5843000 	C:\WINDOWS\system32\dxgi.dll
0x00007ffdf1560000 - 0x00007ffdf1760000 	C:\WINDOWS\system32\twinapi.appcore.dll

dbghelp: loaded successfully - version: 4.0.5 - missing functions: none
symbol engine: initialized successfully - sym options: 0x614 - pdb path: .;C:\Program Files\Java\jdk-18.0.2.1\bin;C:\WINDOWS\SYSTEM32;C:\WINDOWS\WinSxS\amd64_microsoft.windows.common-controls_6595b64144ccf1df_6.0.19041.1110_none_60b5254171f9507e;C:\Program Files\Java\jdk-18.0.2.1\bin\server;C:\WINDOWS\System32\DriverStore\FileRepository\u0377487.inf_amd64_99415ae859206efa\B377170;C:\JavaRXTX\x64

VM Arguments:
jvm_args: -Dfile.encoding=UTF-8 
java_command: pi.PI
java_class_path (initial): C:\Users\felip\Downloads\PanamaHitek_Arduino.v2.7.0.jar;C:\Users\felip\OneDrive\Escritorio\PROYECTO INTEGRADOR\Incubadora_neonatos\JAVA\build\classes
Launcher Type: SUN_STANDARD

[Global flags]
     intx CICompilerCount                          = 4                                         {product} {ergonomic}
     uint ConcGCThreads                            = 2                                         {product} {ergonomic}
     uint G1ConcRefinementThreads                  = 8                                         {product} {ergonomic}
   size_t G1HeapRegionSize                         = 1048576                                   {product} {ergonomic}
    uintx GCDrainStackTargetSize                   = 64                                        {product} {ergonomic}
   size_t InitialHeapSize                          = 100663296                                 {product} {ergonomic}
   size_t MarkStackSize                            = 4194304                                   {product} {ergonomic}
   size_t MaxHeapSize                              = 1598029824                                {product} {ergonomic}
   size_t MaxNewSize                               = 958398464                                 {product} {ergonomic}
   size_t MinHeapDeltaBytes                        = 1048576                                   {product} {ergonomic}
   size_t MinHeapSize                              = 8388608                                   {product} {ergonomic}
    uintx NonNMethodCodeHeapSize                   = 5839372                                {pd product} {ergonomic}
    uintx NonProfiledCodeHeapSize                  = 122909434                              {pd product} {ergonomic}
    uintx ProfiledCodeHeapSize                     = 122909434                              {pd product} {ergonomic}
    uintx ReservedCodeCacheSize                    = 251658240                              {pd product} {ergonomic}
     bool SegmentedCodeCache                       = true                                      {product} {ergonomic}
   size_t SoftMaxHeapSize                          = 1598029824                             {manageable} {ergonomic}
     bool UseCompressedClassPointers               = true                           {product lp64_product} {ergonomic}
     bool UseCompressedOops                        = true                           {product lp64_product} {ergonomic}
     bool UseG1GC                                  = true                                      {product} {ergonomic}
     bool UseLargePagesIndividualAllocation        = false                                  {pd product} {ergonomic}

Logging:
Log output configuration:
 #0: stdout all=warning uptime,level,tags foldmultilines=false
 #1: stderr all=off uptime,level,tags foldmultilines=false

Environment Variables:
PATH=C:\Program Files\Common Files\Oracle\Java\javapath;C:\Users\felip\AppData\Local\Programs\Python\Python310\Scripts\;C:\Users\felip\AppData\Local\Programs\Python\Python310\;C:\Program Files (x86)\Common Files\Oracle\Java\javapath;C:\WINDOWS\system32;C:\WINDOWS;C:\WINDOWS\System32\Wbem;C:\WINDOWS\System32\WindowsPowerShell\v1.0\;C:\WINDOWS\System32\OpenSSH\;C:\Program Files\Intel\WiFi\bin\;C:\Program Files\Common Files\Intel\WirelessCommon\;C:\Program Files (x86)\HP\Common\HPDestPlgIn\;C:\Program Files\MATLAB\R2021a\runtime\win64;C:\Program Files\MATLAB\R2021a\bin;C:\Program Files\Polyspace\R2021a\bin;C:\ProgramData\chocolatey\bin;C:\Program Files\MATLAB\R2022a\bin;C:\Program Files\Git\cmd;C:\Users\felip\AppData\Local\Microsoft\WindowsApps;C:\Program Files (x86)\HP\Common\HPDestPlgIn\;;C:\altera\13.0\modelsim_ase\win32aloem;C:\altera\13.0\modelsim_ae\win32aloem;C:\Users\felip\AppData\Local\Programs\Microsoft VS Code\bin;C:\Users\felip\zerynth3\dist\sys\cli;C:\altera\13.0sp1\modelsim_ase\win32aloem;C:\altera\13.0sp1\modelsim_ae\win32aloem
USERNAME=Felipe
OS=Windows_NT
PROCESSOR_IDENTIFIER=AMD64 Family 23 Model 24 Stepping 1, AuthenticAMD



---------------  S Y S T E M  ---------------

OS:
 Windows 10 , 64 bit Build 19041 (10.0.19041.2913)
OS uptime: 5 days 11:26 hours

CPU: total 8 (initial active 8) (8 cores per cpu, 2 threads per core) family 23 model 24 stepping 1 microcode 0x0, cx8, cmov, fxsr, ht, mmx, 3dnowpref, sse, sse2, sse3, ssse3, sse4a, sse4.1, sse4.2, popcnt, lzcnt, tsc, tscinvbit, avx, avx2, aes, clmul, bmi1, bmi2, adx, sha, fma, vzeroupper, clflush, clflushopt

Memory: 4k page, system-wide physical 6091M (786M free)
TotalPageFile size 10785M (AvailPageFile size 1832M)
current process WorkingSet (physical memory assigned to process): 99M, peak: 106M
current process commit charge ("private bytes"): 238M, peak: 245M

vm_info: Java HotSpot(TM) 64-Bit Server VM (18.0.2.1+1-1) for windows-amd64 JRE (18.0.2.1+1-1), built on Aug 16 2022 01:46:33 by "mach5one" with MS VC++ 16.8 / 16.9 (VS2019)

END.
