#
# A fatal error has been detected by the Java Runtime Environment:
#
#  EXCEPTION_ACCESS_VIOLATION (0xc0000005) at pc=0x0000000180005b00, pid=11492, tid=10620
#
# JRE version: Java(TM) SE Runtime Environment (18.0.2.1+1) (build 18.0.2.1+1-1)
# Java VM: Java HotSpot(TM) 64-Bit Server VM (18.0.2.1+1-1, mixed mode, sharing, tiered, compressed oops, compressed class ptrs, g1 gc, windows-amd64)
# Problematic frame:
# C  [rxtxSerial.dll+0x5b00]
#
# No core dump will be written. Minidumps are not enabled by default on client versions of Windows
#
# If you would like to submit a bug report, please visit:
#   https://bugreport.java.com/bugreport/crash.jsp
# The crash happened outside the Java Virtual Machine in native code.
# See problematic frame for where to report the bug.
#

---------------  S U M M A R Y ------------

Command Line: -Dfile.encoding=UTF-8 pi.PI

Host: AMD Ryzen 5 3500U with Radeon Vega Mobile Gfx  , 8 cores, 5G,  Windows 10 , 64 bit Build 19041 (10.0.19041.2913)
Time: Tue May 16 23:19:08 2023 Hora est. Pacífico, Sudamérica elapsed time: 11.580841 seconds (0d 0h 0m 11s)

---------------  T H R E A D  ---------------

Current thread (0x0000028722d8b3a0):  JavaThread "Thread-1" [_thread_in_native, id=10620, stack(0x000000de9e500000,0x000000de9e600000)]

Stack: [0x000000de9e500000,0x000000de9e600000],  sp=0x000000de9e5fef70,  free space=1019k
Native frames: (J=compiled Java code, j=interpreted, Vv=VM code, C=native code)
C  [rxtxSerial.dll+0x5b00]

Java frames: (J=compiled Java code, j=interpreted, Vv=VM code)
j  gnu.io.RXTXPort.readArray([BII)I+0
j  gnu.io.RXTXPort$SerialInputStream.read([BII)I+212
j  gnu.io.RXTXPort$SerialInputStream.read([B)I+60
j  pi.PI.lambda$initialize$0(Ljava/io/InputStream;)V+16
j  pi.PI$$Lambda$135+0x0000000800cc4be8.run()V+4
j  java.lang.Thread.run()V+11 java.base@18.0.2.1
v  ~StubRoutines::call_stub

siginfo: EXCEPTION_ACCESS_VIOLATION (0xc0000005), reading address 0xffffffff9e0fec78


Register to memory mapping:

RIP=0x0000000180005b00 rxtxSerial.dll
RAX=0x0000000000000001 is an unknown value
RBX=0x0 is NULL
RCX=0x000000018001d4d5 rxtxSerial.dll
RDX=0xfffffffffffff665 is an unknown value
RSP=0x000000de9e5fef70 is pointing into the stack for thread: 0x0000028722d8b3a0
RBP=0x00000000ffffffff is an unallocated location in the heap
RSI=0x0 is NULL
RDI=0x0000028722d8b630 points into unknown readable memory: 0x00007ffdb48b4720 | 20 47 8b b4 fd 7f 00 00
R8 =0x0000000000000002 is an unknown value
R9 =0xfffffffffffff63c is an unknown value
R10=0x00007ffdb4940688 jvm.dll
R11=0x8101010101010100 is an unknown value
R12=0xffffffff9e0fec70 is an unknown value
R13=0x0000000000000042 is an unknown value
R14=0x000000de9e5ff160 is pointing into the stack for thread: 0x0000028722d8b3a0
R15=0x0 is NULL


Registers:
RAX=0x0000000000000001, RBX=0x0000000000000000, RCX=0x000000018001d4d5, RDX=0xfffffffffffff665
RSP=0x000000de9e5fef70, RBP=0x00000000ffffffff, RSI=0x0000000000000000, RDI=0x0000028722d8b630
R8 =0x0000000000000002, R9 =0xfffffffffffff63c, R10=0x00007ffdb4940688, R11=0x8101010101010100
R12=0xffffffff9e0fec70, R13=0x0000000000000042, R14=0x000000de9e5ff160, R15=0x0000000000000000
RIP=0x0000000180005b00, EFLAGS=0x0000000000010202

Top of Stack: (sp=0x000000de9e5fef70)
0x000000de9e5fef70:   0000000000000000 0000000000000000
0x000000de9e5fef80:   0000000000000000 00007ffdb41f728f
0x000000de9e5fef90:   0000000000000000 000000de9e5ff160
0x000000de9e5fefa0:   000002872342e290 0000000000000001
0x000000de9e5fefb0:   0000028722d8b630 0000000000000042
0x000000de9e5fefc0:   ffffffffffffffff 0000000180006211
0x000000de9e5fefd0:   0000028703f319d0 0000000000000001
0x000000de9e5fefe0:   000000de00000001 0000028703f319d0
0x000000de9e5feff0:   0000028700000042 000000deffffffff
0x000000de9e5ff000:   000000de9e5ff168 000002870d049612
0x000000de9e5ff010:   000002870d049612 000002872342e290
0x000000de9e5ff020:   000000de9e5ff130 00007ffdb41940e5
0x000000de9e5ff030:   00000000000155b4 000000de9e5ff8c0
0x000000de9e5ff040:   0000028722d8b3a0 00008ce0a4ff62d6
0x000000de9e5ff050:   000002872342e298 000002872342e290
0x000000de9e5ff060:   0000028722d8b3a0 000000de9e5ff168 

Instructions: (pc=0x0000000180005b00)
0x0000000180005a00:   5d c3 cc cc cc cc cc cc cc cc cc cc cc cc cc cc
0x0000000180005a10:   48 89 5c 24 08 4c 89 4c 24 20 44 89 44 24 18 55
0x0000000180005a20:   56 57 41 54 41 55 41 56 41 57 48 83 ec 20 48 8b
0x0000000180005a30:   2a 48 8b 01 33 db 48 8b d5 48 8b f9 44 8b fb 8b
0x0000000180005a40:   f3 ff 90 f8 00 00 00 4c 8d 0d 9e 70 01 00 4c 8b
0x0000000180005a50:   e0 48 8b 07 4c 8d 05 b5 70 01 00 49 8b d4 48 8b
0x0000000180005a60:   cf ff 90 f0 02 00 00 48 8b cf 4c 8b c0 48 85 c0
0x0000000180005a70:   48 8b 07 75 28 ff 90 80 00 00 00 4c 8b 1f 48 8b
0x0000000180005a80:   cf 41 ff 93 88 00 00 00 4c 8b 1f 49 8b d4 48 8b
0x0000000180005a90:   cf 41 ff 93 b8 00 00 00 4c 8b e3 eb 54 48 8b d5
0x0000000180005aa0:   ff 90 20 03 00 00 49 8b d4 48 8b cf 48 63 e8 48
0x0000000180005ab0:   8b 07 ff 90 b8 00 00 00 48 8d 15 51 70 01 00 48
0x0000000180005ac0:   8d 0d 0e 7a 01 00 41 b8 02 00 00 00 e8 6f 62 00
0x0000000180005ad0:   00 85 c0 75 19 85 ed 75 15 e8 c2 5e 00 00 48 8d
0x0000000180005ae0:   15 23 7a 01 00 48 8d 48 60 e8 3a 5d 00 00 4c 8b
0x0000000180005af0:   e5 8b ac 24 88 00 00 00 44 8b ac 24 80 00 00 00
0x0000000180005b00:   45 8b 74 24 08 41 89 5c 24 08 41 8b fd 85 ed 78
0x0000000180005b10:   09 ff 15 e9 14 01 00 44 8b f8 45 85 ed 7e 4a 90
0x0000000180005b20:   8b c6 ff c6 83 f8 14 7d 40 85 ed 78 0d ff 15 cd
0x0000000180005b30:   14 01 00 41 2b c7 3b c5 7d 2f 8b 4c 24 70 48 63
0x0000000180005b40:   d3 44 8b c7 48 03 54 24 78 e8 a2 31 00 00 85 c0
0x0000000180005b50:   78 33 74 06 03 d8 2b f8 eb 0a b9 e8 03 00 00 e8
0x0000000180005b60:   1c 1c 00 00 41 3b dd 7c b7 8b c3 45 89 74 24 08
0x0000000180005b70:   48 8b 5c 24 60 48 83 c4 20 41 5f 41 5e 41 5d 41
0x0000000180005b80:   5c 5f 5e 5d c3 e8 1e 61 00 00 83 38 04 74 05 e8
0x0000000180005b90:   14 61 00 00 83 c8 ff eb d2 cc cc cc cc cc cc cc
0x0000000180005ba0:   40 53 55 56 57 41 54 41 55 48 81 ec b8 00 00 00
0x0000000180005bb0:   48 8b 05 71 85 01 00 48 33 c4 48 89 84 24 a0 00
0x0000000180005bc0:   00 00 48 8b 01 45 8b e9 41 8b f8 48 8b f2 48 8b
0x0000000180005bd0:   d9 ff 90 f8 00 00 00 4c 8b 13 4c 8d 0d 33 6f 01
0x0000000180005be0:   00 4c 8d 05 7c 6f 01 00 48 8b d0 48 8b cb 4c 8b
0x0000000180005bf0:   e0 41 ff 92 f0 02 00 00 33 ed 48 8b cb 4c 8b c0 


Stack slot to memory mapping:
stack at sp + 0 slots: 0x0 is NULL
stack at sp + 1 slots: 0x0 is NULL
stack at sp + 2 slots: 0x0 is NULL
stack at sp + 3 slots: 0x00007ffdb41f728f jvm.dll
stack at sp + 4 slots: 0x0 is NULL
stack at sp + 5 slots: 0x000000de9e5ff160 is pointing into the stack for thread: 0x0000028722d8b3a0
stack at sp + 6 slots: 0x000002872342e290 is pointing into metadata
stack at sp + 7 slots: 0x0000000000000001 is an unknown value


---------------  P R O C E S S  ---------------

Threads class SMR info:
_java_thread_list=0x000002872bc8bc10, length=19, elements={
0x0000028722d6df10, 0x0000028722d6f7d0, 0x0000028722d89c30, 0x0000028722d8bd40,
0x0000028722d8c210, 0x0000028722d8d080, 0x0000028722d962e0, 0x0000028722da1140,
0x0000028722da2a40, 0x0000028722d8c6e0, 0x0000028722d8aa00, 0x0000028722d8da20,
0x0000028722d8aed0, 0x0000028722d8cbb0, 0x0000028722d8d550, 0x0000028722d8b870,
0x0000028722d8a530, 0x0000028722d8b3a0, 0x000002872bfada40
}

Java Threads: ( => current thread )
  0x0000028722d6df10 JavaThread "Reference Handler" daemon [_thread_blocked, id=16748, stack(0x000000de9c900000,0x000000de9ca00000)]
  0x0000028722d6f7d0 JavaThread "Finalizer" daemon [_thread_blocked, id=26684, stack(0x000000de9ca00000,0x000000de9cb00000)]
  0x0000028722d89c30 JavaThread "Signal Dispatcher" daemon [_thread_blocked, id=18256, stack(0x000000de9cb00000,0x000000de9cc00000)]
  0x0000028722d8bd40 JavaThread "Attach Listener" daemon [_thread_blocked, id=1200, stack(0x000000de9cc00000,0x000000de9cd00000)]
  0x0000028722d8c210 JavaThread "Service Thread" daemon [_thread_blocked, id=17340, stack(0x000000de9cd00000,0x000000de9ce00000)]
  0x0000028722d8d080 JavaThread "Monitor Deflation Thread" daemon [_thread_blocked, id=4872, stack(0x000000de9ce00000,0x000000de9cf00000)]
  0x0000028722d962e0 JavaThread "C2 CompilerThread0" daemon [_thread_blocked, id=11228, stack(0x000000de9cf00000,0x000000de9d000000)]
  0x0000028722da1140 JavaThread "C1 CompilerThread0" daemon [_thread_blocked, id=6500, stack(0x000000de9d000000,0x000000de9d100000)]
  0x0000028722da2a40 JavaThread "Sweeper thread" daemon [_thread_blocked, id=17640, stack(0x000000de9d100000,0x000000de9d200000)]
  0x0000028722d8c6e0 JavaThread "Notification Thread" daemon [_thread_blocked, id=13048, stack(0x000000de9d200000,0x000000de9d300000)]
  0x0000028722d8aa00 JavaThread "Common-Cleaner" daemon [_thread_blocked, id=13536, stack(0x000000de9d400000,0x000000de9d500000)]
  0x0000028722d8da20 JavaThread "Java2D Disposer" daemon [_thread_blocked, id=18164, stack(0x000000de9d500000,0x000000de9d600000)]
  0x0000028722d8aed0 JavaThread "AWT-Shutdown" [_thread_blocked, id=8116, stack(0x000000de9d600000,0x000000de9d700000)]
  0x0000028722d8cbb0 JavaThread "AWT-Windows" daemon [_thread_in_native, id=16948, stack(0x000000de9d700000,0x000000de9d800000)]
  0x0000028722d8d550 JavaThread "AWT-EventQueue-0" [_thread_blocked, id=11272, stack(0x000000de9e200000,0x000000de9e300000)]
  0x0000028722d8b870 JavaThread "D3D Screen Updater" daemon [_thread_blocked, id=15568, stack(0x000000de9e300000,0x000000de9e400000)]
  0x0000028722d8a530 JavaThread "Thread-0" [_thread_in_native, id=24944, stack(0x000000de9e000000,0x000000de9e100000)]
=>0x0000028722d8b3a0 JavaThread "Thread-1" [_thread_in_native, id=10620, stack(0x000000de9e500000,0x000000de9e600000)]
  0x000002872bfada40 JavaThread "DestroyJavaVM" [_thread_blocked, id=1252, stack(0x000000de9c200000,0x000000de9c300000)]

Other Threads:
  0x0000028703f99c30 VMThread "VM Thread" [stack: 0x000000de9c800000,0x000000de9c900000] [id=22384]
  0x0000028727084ac0 WatcherThread "VM Periodic Task Thread" [stack: 0x000000de9d300000,0x000000de9d400000] [id=24752]
  0x0000028703f83700 WorkerThread "GC Thread#0" [stack: 0x000000de9c300000,0x000000de9c400000] [id=16760]
  0x0000028703f923e0 ConcurrentGCThread "G1 Main Marker" [stack: 0x000000de9c400000,0x000000de9c500000] [id=25344]
  0x0000028703f94490 WorkerThread "G1 Conc#0" [stack: 0x000000de9c500000,0x000000de9c600000] [id=1496]
  0x0000028703fd6ac0 ConcurrentGCThread "G1 Refine#0" [stack: 0x000000de9c600000,0x000000de9c700000] [id=17356]
  0x0000028703fd72e0 ConcurrentGCThread "G1 Service" [stack: 0x000000de9c700000,0x000000de9c800000] [id=12364]

Threads with active compile tasks:

VM state: not at safepoint (normal execution)

VM Mutex/Monitor currently owned by a thread: None

Heap address: 0x00000000a0c00000, size: 1524 MB, Compressed Oops mode: 32-bit

CDS archive(s) mapped at: [0x0000000800000000-0x0000000800ba0000-0x0000000800ba0000), size 12189696, SharedBaseAddress: 0x0000000800000000, ArchiveRelocationMode: 0.
Compressed class space mapped at: 0x0000000800c00000-0x0000000840c00000, reserved size: 1073741824
Narrow klass base: 0x0000000800000000, Narrow klass shift: 0, Narrow klass range: 0x100000000

GC Precious Log:
 CardTable entry size: 512
 Card Set container configuration: InlinePtr #cards 5 size 8 Array Of Cards #cards 12 size 40 Howl #buckets 4 coarsen threshold 1843 Howl Bitmap #cards 512 size 80 coarsen threshold 460 Card regions per heap region 1 cards per card region 2048
 CPUs: 8 total, 8 available
 Memory: 6091M
 Large Page Support: Disabled
 NUMA Support: Disabled
 Compressed Oops: Enabled (32-bit)
 Heap Region Size: 1M
 Heap Min Capacity: 8M
 Heap Initial Capacity: 96M
 Heap Max Capacity: 1524M
 Pre-touch: Disabled
 Parallel Workers: 8
 Concurrent Workers: 2
 Concurrent Refinement Workers: 8
 Periodic GC: Disabled

Heap:
 garbage-first heap   total 98304K, used 11264K [0x00000000a0c00000, 0x0000000100000000)
  region size 1024K, 12 young (12288K), 0 survivors (0K)
 Metaspace       used 7608K, committed 7808K, reserved 1114112K
  class space    used 780K, committed 896K, reserved 1048576K

Heap Regions: E=young(eden), S=young(survivor), O=old, HS=humongous(starts), HC=humongous(continues), CS=collection set, F=free, OA=open archive, CA=closed archive, TAMS=top-at-mark-start (previous, next)
|   0|0x00000000a0c00000, 0x00000000a0c00000, 0x00000000a0d00000|  0%| F|  |TAMS 0x00000000a0c00000, 0x00000000a0c00000| Untracked 
|   1|0x00000000a0d00000, 0x00000000a0d00000, 0x00000000a0e00000|  0%| F|  |TAMS 0x00000000a0d00000, 0x00000000a0d00000| Untracked 
|   2|0x00000000a0e00000, 0x00000000a0e00000, 0x00000000a0f00000|  0%| F|  |TAMS 0x00000000a0e00000, 0x00000000a0e00000| Untracked 
|   3|0x00000000a0f00000, 0x00000000a0f00000, 0x00000000a1000000|  0%| F|  |TAMS 0x00000000a0f00000, 0x00000000a0f00000| Untracked 
|   4|0x00000000a1000000, 0x00000000a1000000, 0x00000000a1100000|  0%| F|  |TAMS 0x00000000a1000000, 0x00000000a1000000| Untracked 
|   5|0x00000000a1100000, 0x00000000a1100000, 0x00000000a1200000|  0%| F|  |TAMS 0x00000000a1100000, 0x00000000a1100000| Untracked 
|   6|0x00000000a1200000, 0x00000000a1200000, 0x00000000a1300000|  0%| F|  |TAMS 0x00000000a1200000, 0x00000000a1200000| Untracked 
|   7|0x00000000a1300000, 0x00000000a1300000, 0x00000000a1400000|  0%| F|  |TAMS 0x00000000a1300000, 0x00000000a1300000| Untracked 
|   8|0x00000000a1400000, 0x00000000a1400000, 0x00000000a1500000|  0%| F|  |TAMS 0x00000000a1400000, 0x00000000a1400000| Untracked 
|   9|0x00000000a1500000, 0x00000000a1500000, 0x00000000a1600000|  0%| F|  |TAMS 0x00000000a1500000, 0x00000000a1500000| Untracked 
|  10|0x00000000a1600000, 0x00000000a1600000, 0x00000000a1700000|  0%| F|  |TAMS 0x00000000a1600000, 0x00000000a1600000| Untracked 
|  11|0x00000000a1700000, 0x00000000a1700000, 0x00000000a1800000|  0%| F|  |TAMS 0x00000000a1700000, 0x00000000a1700000| Untracked 
|  12|0x00000000a1800000, 0x00000000a1800000, 0x00000000a1900000|  0%| F|  |TAMS 0x00000000a1800000, 0x00000000a1800000| Untracked 
|  13|0x00000000a1900000, 0x00000000a1900000, 0x00000000a1a00000|  0%| F|  |TAMS 0x00000000a1900000, 0x00000000a1900000| Untracked 
|  14|0x00000000a1a00000, 0x00000000a1a00000, 0x00000000a1b00000|  0%| F|  |TAMS 0x00000000a1a00000, 0x00000000a1a00000| Untracked 
|  15|0x00000000a1b00000, 0x00000000a1b00000, 0x00000000a1c00000|  0%| F|  |TAMS 0x00000000a1b00000, 0x00000000a1b00000| Untracked 
|  16|0x00000000a1c00000, 0x00000000a1c00000, 0x00000000a1d00000|  0%| F|  |TAMS 0x00000000a1c00000, 0x00000000a1c00000| Untracked 
|  17|0x00000000a1d00000, 0x00000000a1d00000, 0x00000000a1e00000|  0%| F|  |TAMS 0x00000000a1d00000, 0x00000000a1d00000| Untracked 
|  18|0x00000000a1e00000, 0x00000000a1e00000, 0x00000000a1f00000|  0%| F|  |TAMS 0x00000000a1e00000, 0x00000000a1e00000| Untracked 
|  19|0x00000000a1f00000, 0x00000000a1f00000, 0x00000000a2000000|  0%| F|  |TAMS 0x00000000a1f00000, 0x00000000a1f00000| Untracked 
|  20|0x00000000a2000000, 0x00000000a2000000, 0x00000000a2100000|  0%| F|  |TAMS 0x00000000a2000000, 0x00000000a2000000| Untracked 
|  21|0x00000000a2100000, 0x00000000a2100000, 0x00000000a2200000|  0%| F|  |TAMS 0x00000000a2100000, 0x00000000a2100000| Untracked 
|  22|0x00000000a2200000, 0x00000000a2200000, 0x00000000a2300000|  0%| F|  |TAMS 0x00000000a2200000, 0x00000000a2200000| Untracked 
|  23|0x00000000a2300000, 0x00000000a2300000, 0x00000000a2400000|  0%| F|  |TAMS 0x00000000a2300000, 0x00000000a2300000| Untracked 
|  24|0x00000000a2400000, 0x00000000a2400000, 0x00000000a2500000|  0%| F|  |TAMS 0x00000000a2400000, 0x00000000a2400000| Untracked 
|  25|0x00000000a2500000, 0x00000000a2500000, 0x00000000a2600000|  0%| F|  |TAMS 0x00000000a2500000, 0x00000000a2500000| Untracked 
|  26|0x00000000a2600000, 0x00000000a2600000, 0x00000000a2700000|  0%| F|  |TAMS 0x00000000a2600000, 0x00000000a2600000| Untracked 
|  27|0x00000000a2700000, 0x00000000a2700000, 0x00000000a2800000|  0%| F|  |TAMS 0x00000000a2700000, 0x00000000a2700000| Untracked 
|  28|0x00000000a2800000, 0x00000000a2800000, 0x00000000a2900000|  0%| F|  |TAMS 0x00000000a2800000, 0x00000000a2800000| Untracked 
|  29|0x00000000a2900000, 0x00000000a2900000, 0x00000000a2a00000|  0%| F|  |TAMS 0x00000000a2900000, 0x00000000a2900000| Untracked 
|  30|0x00000000a2a00000, 0x00000000a2a00000, 0x00000000a2b00000|  0%| F|  |TAMS 0x00000000a2a00000, 0x00000000a2a00000| Untracked 
|  31|0x00000000a2b00000, 0x00000000a2b00000, 0x00000000a2c00000|  0%| F|  |TAMS 0x00000000a2b00000, 0x00000000a2b00000| Untracked 
|  32|0x00000000a2c00000, 0x00000000a2c00000, 0x00000000a2d00000|  0%| F|  |TAMS 0x00000000a2c00000, 0x00000000a2c00000| Untracked 
|  33|0x00000000a2d00000, 0x00000000a2d00000, 0x00000000a2e00000|  0%| F|  |TAMS 0x00000000a2d00000, 0x00000000a2d00000| Untracked 
|  34|0x00000000a2e00000, 0x00000000a2e00000, 0x00000000a2f00000|  0%| F|  |TAMS 0x00000000a2e00000, 0x00000000a2e00000| Untracked 
|  35|0x00000000a2f00000, 0x00000000a2f00000, 0x00000000a3000000|  0%| F|  |TAMS 0x00000000a2f00000, 0x00000000a2f00000| Untracked 
|  36|0x00000000a3000000, 0x00000000a3000000, 0x00000000a3100000|  0%| F|  |TAMS 0x00000000a3000000, 0x00000000a3000000| Untracked 
|  37|0x00000000a3100000, 0x00000000a3100000, 0x00000000a3200000|  0%| F|  |TAMS 0x00000000a3100000, 0x00000000a3100000| Untracked 
|  38|0x00000000a3200000, 0x00000000a3200000, 0x00000000a3300000|  0%| F|  |TAMS 0x00000000a3200000, 0x00000000a3200000| Untracked 
|  39|0x00000000a3300000, 0x00000000a3300000, 0x00000000a3400000|  0%| F|  |TAMS 0x00000000a3300000, 0x00000000a3300000| Untracked 
|  40|0x00000000a3400000, 0x00000000a3400000, 0x00000000a3500000|  0%| F|  |TAMS 0x00000000a3400000, 0x00000000a3400000| Untracked 
|  41|0x00000000a3500000, 0x00000000a3500000, 0x00000000a3600000|  0%| F|  |TAMS 0x00000000a3500000, 0x00000000a3500000| Untracked 
|  42|0x00000000a3600000, 0x00000000a3600000, 0x00000000a3700000|  0%| F|  |TAMS 0x00000000a3600000, 0x00000000a3600000| Untracked 
|  43|0x00000000a3700000, 0x00000000a3700000, 0x00000000a3800000|  0%| F|  |TAMS 0x00000000a3700000, 0x00000000a3700000| Untracked 
|  44|0x00000000a3800000, 0x00000000a3800000, 0x00000000a3900000|  0%| F|  |TAMS 0x00000000a3800000, 0x00000000a3800000| Untracked 
|  45|0x00000000a3900000, 0x00000000a3900000, 0x00000000a3a00000|  0%| F|  |TAMS 0x00000000a3900000, 0x00000000a3900000| Untracked 
|  46|0x00000000a3a00000, 0x00000000a3a00000, 0x00000000a3b00000|  0%| F|  |TAMS 0x00000000a3a00000, 0x00000000a3a00000| Untracked 
|  47|0x00000000a3b00000, 0x00000000a3b00000, 0x00000000a3c00000|  0%| F|  |TAMS 0x00000000a3b00000, 0x00000000a3b00000| Untracked 
|  48|0x00000000a3c00000, 0x00000000a3c00000, 0x00000000a3d00000|  0%| F|  |TAMS 0x00000000a3c00000, 0x00000000a3c00000| Untracked 
|  49|0x00000000a3d00000, 0x00000000a3d00000, 0x00000000a3e00000|  0%| F|  |TAMS 0x00000000a3d00000, 0x00000000a3d00000| Untracked 
|  50|0x00000000a3e00000, 0x00000000a3e00000, 0x00000000a3f00000|  0%| F|  |TAMS 0x00000000a3e00000, 0x00000000a3e00000| Untracked 
|  51|0x00000000a3f00000, 0x00000000a3f00000, 0x00000000a4000000|  0%| F|  |TAMS 0x00000000a3f00000, 0x00000000a3f00000| Untracked 
|  52|0x00000000a4000000, 0x00000000a4000000, 0x00000000a4100000|  0%| F|  |TAMS 0x00000000a4000000, 0x00000000a4000000| Untracked 
|  53|0x00000000a4100000, 0x00000000a4100000, 0x00000000a4200000|  0%| F|  |TAMS 0x00000000a4100000, 0x00000000a4100000| Untracked 
|  54|0x00000000a4200000, 0x00000000a4200000, 0x00000000a4300000|  0%| F|  |TAMS 0x00000000a4200000, 0x00000000a4200000| Untracked 
|  55|0x00000000a4300000, 0x00000000a4300000, 0x00000000a4400000|  0%| F|  |TAMS 0x00000000a4300000, 0x00000000a4300000| Untracked 
|  56|0x00000000a4400000, 0x00000000a4400000, 0x00000000a4500000|  0%| F|  |TAMS 0x00000000a4400000, 0x00000000a4400000| Untracked 
|  57|0x00000000a4500000, 0x00000000a4500000, 0x00000000a4600000|  0%| F|  |TAMS 0x00000000a4500000, 0x00000000a4500000| Untracked 
|  58|0x00000000a4600000, 0x00000000a4600000, 0x00000000a4700000|  0%| F|  |TAMS 0x00000000a4600000, 0x00000000a4600000| Untracked 
|  59|0x00000000a4700000, 0x00000000a4700000, 0x00000000a4800000|  0%| F|  |TAMS 0x00000000a4700000, 0x00000000a4700000| Untracked 
|  60|0x00000000a4800000, 0x00000000a4800000, 0x00000000a4900000|  0%| F|  |TAMS 0x00000000a4800000, 0x00000000a4800000| Untracked 
|  61|0x00000000a4900000, 0x00000000a4900000, 0x00000000a4a00000|  0%| F|  |TAMS 0x00000000a4900000, 0x00000000a4900000| Untracked 
|  62|0x00000000a4a00000, 0x00000000a4a00000, 0x00000000a4b00000|  0%| F|  |TAMS 0x00000000a4a00000, 0x00000000a4a00000| Untracked 
|  63|0x00000000a4b00000, 0x00000000a4b00000, 0x00000000a4c00000|  0%| F|  |TAMS 0x00000000a4b00000, 0x00000000a4b00000| Untracked 
|  64|0x00000000a4c00000, 0x00000000a4c00000, 0x00000000a4d00000|  0%| F|  |TAMS 0x00000000a4c00000, 0x00000000a4c00000| Untracked 
|  65|0x00000000a4d00000, 0x00000000a4d00000, 0x00000000a4e00000|  0%| F|  |TAMS 0x00000000a4d00000, 0x00000000a4d00000| Untracked 
|  66|0x00000000a4e00000, 0x00000000a4e00000, 0x00000000a4f00000|  0%| F|  |TAMS 0x00000000a4e00000, 0x00000000a4e00000| Untracked 
|  67|0x00000000a4f00000, 0x00000000a4f00000, 0x00000000a5000000|  0%| F|  |TAMS 0x00000000a4f00000, 0x00000000a4f00000| Untracked 
|  68|0x00000000a5000000, 0x00000000a5000000, 0x00000000a5100000|  0%| F|  |TAMS 0x00000000a5000000, 0x00000000a5000000| Untracked 
|  69|0x00000000a5100000, 0x00000000a5100000, 0x00000000a5200000|  0%| F|  |TAMS 0x00000000a5100000, 0x00000000a5100000| Untracked 
|  70|0x00000000a5200000, 0x00000000a5200000, 0x00000000a5300000|  0%| F|  |TAMS 0x00000000a5200000, 0x00000000a5200000| Untracked 
|  71|0x00000000a5300000, 0x00000000a5300000, 0x00000000a5400000|  0%| F|  |TAMS 0x00000000a5300000, 0x00000000a5300000| Untracked 
|  72|0x00000000a5400000, 0x00000000a5400000, 0x00000000a5500000|  0%| F|  |TAMS 0x00000000a5400000, 0x00000000a5400000| Untracked 
|  73|0x00000000a5500000, 0x00000000a5500000, 0x00000000a5600000|  0%| F|  |TAMS 0x00000000a5500000, 0x00000000a5500000| Untracked 
|  74|0x00000000a5600000, 0x00000000a5600000, 0x00000000a5700000|  0%| F|  |TAMS 0x00000000a5600000, 0x00000000a5600000| Untracked 
|  75|0x00000000a5700000, 0x00000000a5700000, 0x00000000a5800000|  0%| F|  |TAMS 0x00000000a5700000, 0x00000000a5700000| Untracked 
|  76|0x00000000a5800000, 0x00000000a5800000, 0x00000000a5900000|  0%| F|  |TAMS 0x00000000a5800000, 0x00000000a5800000| Untracked 
|  77|0x00000000a5900000, 0x00000000a5900000, 0x00000000a5a00000|  0%| F|  |TAMS 0x00000000a5900000, 0x00000000a5900000| Untracked 
|  78|0x00000000a5a00000, 0x00000000a5a00000, 0x00000000a5b00000|  0%| F|  |TAMS 0x00000000a5a00000, 0x00000000a5a00000| Untracked 
|  79|0x00000000a5b00000, 0x00000000a5b00000, 0x00000000a5c00000|  0%| F|  |TAMS 0x00000000a5b00000, 0x00000000a5b00000| Untracked 
|  80|0x00000000a5c00000, 0x00000000a5c00000, 0x00000000a5d00000|  0%| F|  |TAMS 0x00000000a5c00000, 0x00000000a5c00000| Untracked 
|  81|0x00000000a5d00000, 0x00000000a5d00000, 0x00000000a5e00000|  0%| F|  |TAMS 0x00000000a5d00000, 0x00000000a5d00000| Untracked 
|  82|0x00000000a5e00000, 0x00000000a5e00000, 0x00000000a5f00000|  0%| F|  |TAMS 0x00000000a5e00000, 0x00000000a5e00000| Untracked 
|  83|0x00000000a5f00000, 0x00000000a5f00000, 0x00000000a6000000|  0%| F|  |TAMS 0x00000000a5f00000, 0x00000000a5f00000| Untracked 
|  84|0x00000000a6000000, 0x00000000a6076438, 0x00000000a6100000| 46%| E|  |TAMS 0x00000000a6000000, 0x00000000a6000000| Complete 
|  85|0x00000000a6100000, 0x00000000a6200000, 0x00000000a6200000|100%| E|CS|TAMS 0x00000000a6100000, 0x00000000a6100000| Complete 
|  86|0x00000000a6200000, 0x00000000a6300000, 0x00000000a6300000|100%| E|CS|TAMS 0x00000000a6200000, 0x00000000a6200000| Complete 
|  87|0x00000000a6300000, 0x00000000a6400000, 0x00000000a6400000|100%| E|CS|TAMS 0x00000000a6300000, 0x00000000a6300000| Complete 
|  88|0x00000000a6400000, 0x00000000a6500000, 0x00000000a6500000|100%| E|CS|TAMS 0x00000000a6400000, 0x00000000a6400000| Complete 
|  89|0x00000000a6500000, 0x00000000a6600000, 0x00000000a6600000|100%| E|CS|TAMS 0x00000000a6500000, 0x00000000a6500000| Complete 
|  90|0x00000000a6600000, 0x00000000a6700000, 0x00000000a6700000|100%| E|CS|TAMS 0x00000000a6600000, 0x00000000a6600000| Complete 
|  91|0x00000000a6700000, 0x00000000a6800000, 0x00000000a6800000|100%| E|CS|TAMS 0x00000000a6700000, 0x00000000a6700000| Complete 
|  92|0x00000000a6800000, 0x00000000a6900000, 0x00000000a6900000|100%| E|CS|TAMS 0x00000000a6800000, 0x00000000a6800000| Complete 
|  93|0x00000000a6900000, 0x00000000a6a00000, 0x00000000a6a00000|100%| E|CS|TAMS 0x00000000a6900000, 0x00000000a6900000| Complete 
|  94|0x00000000a6a00000, 0x00000000a6b00000, 0x00000000a6b00000|100%| E|CS|TAMS 0x00000000a6a00000, 0x00000000a6a00000| Complete 
|  95|0x00000000a6b00000, 0x00000000a6c00000, 0x00000000a6c00000|100%| E|CS|TAMS 0x00000000a6b00000, 0x00000000a6b00000| Complete 

Card table byte_map: [0x000002871cdb0000,0x000002871d0b0000] _byte_map_base: 0x000002871c8aa000

Marking Bits (Prev, Next): (CMBitMap*) 0x0000028703f85c30, (CMBitMap*) 0x0000028703f85c70
 Prev Bits: [0x000002871d3b0000, 0x000002871eb80000)
 Next Bits: [0x000002871eb80000, 0x0000028720350000)

Polling page: 0x000002870d020000

Metaspace:

Usage:
  Non-class:      6.67 MB used.
      Class:    780.20 KB used.
       Both:      7.43 MB used.

Virtual space:
  Non-class space:       64.00 MB reserved,       6.75 MB ( 11%) committed,  1 nodes.
      Class space:        1.00 GB reserved,     896.00 KB ( <1%) committed,  1 nodes.
             Both:        1.06 GB reserved,       7.62 MB ( <1%) committed. 

Chunk freelists:
   Non-Class:  990.00 KB
       Class:  3.09 MB
        Both:  4.06 MB

MaxMetaspaceSize: unlimited
CompressedClassSpaceSize: 1.00 GB
Initial GC threshold: 21.00 MB
Current GC threshold: 21.00 MB
CDS: on
MetaspaceReclaimPolicy: balanced
 - commit_granule_bytes: 65536.
 - commit_granule_words: 8192.
 - virtual_space_node_default_size: 8388608.
 - enlarge_chunks_in_place: 1.
 - new_chunks_are_fully_committed: 0.
 - uncommit_free_chunks: 1.
 - use_allocation_guard: 0.


Internal statistics:

num_allocs_failed_limit: 0.
num_arena_births: 128.
num_arena_deaths: 0.
num_vsnodes_births: 2.
num_vsnodes_deaths: 0.
num_space_committed: 122.
num_space_uncommitted: 0.
num_chunks_returned_to_freelist: 0.
num_chunks_taken_from_freelist: 191.
num_chunk_merges: 0.
num_chunk_splits: 104.
num_chunks_enlarged: 28.
num_inconsistent_stats: 0.

CodeHeap 'non-profiled nmethods': size=120000Kb used=339Kb max_used=339Kb free=119660Kb
 bounds [0x0000028714b10000, 0x0000028714d80000, 0x000002871c040000]
CodeHeap 'profiled nmethods': size=120000Kb used=2438Kb max_used=2438Kb free=117561Kb
 bounds [0x000002870d5e0000, 0x000002870d850000, 0x0000028714b10000]
CodeHeap 'non-nmethods': size=5760Kb used=1281Kb max_used=1298Kb free=4478Kb
 bounds [0x000002870d040000, 0x000002870d2b0000, 0x000002870d5e0000]
 total_blobs=1903 nmethods=1303 adapters=513
 compilation: enabled
              stopped_count=0, restarted_count=0
 full_count=0

Compilation events (20 events):
Event: 11.407 Thread 0x0000028722da1140 1293       3       java.lang.CharacterDataLatin1::toUpperCaseEx (71 bytes)
Event: 11.407 Thread 0x0000028722da1140 nmethod 1293 0x000002870d83d610 code [0x000002870d83d7c0, 0x000002870d83da98]
Event: 11.407 Thread 0x0000028722da1140 1294       3       java.lang.String::substring (10 bytes)
Event: 11.407 Thread 0x0000028722da1140 nmethod 1294 0x000002870d83db90 code [0x000002870d83dd40, 0x000002870d83df88]
Event: 11.407 Thread 0x0000028722da1140 1295       3       java.lang.String::toUpperCase (8 bytes)
Event: 11.408 Thread 0x0000028722d962e0 1297       4       java.util.Arrays::copyOfRange (64 bytes)
Event: 11.408 Thread 0x0000028722da1140 nmethod 1295 0x000002870d83e090 code [0x000002870d83e260, 0x000002870d83e5f8]
Event: 11.408 Thread 0x0000028722da1140 1296       3       java.lang.String::toUpperCase (29 bytes)
Event: 11.408 Thread 0x0000028722da1140 nmethod 1296 0x000002870d83e710 code [0x000002870d83e8e0, 0x000002870d83eb98]
Event: 11.408 Thread 0x0000028722da1140 1299       3       java.lang.StringLatin1::toUpperCase (186 bytes)
Event: 11.410 Thread 0x0000028722da1140 nmethod 1299 0x000002870d83ec90 code [0x000002870d83ef00, 0x000002870d83fa38]
Event: 11.410 Thread 0x0000028722da1140 1298       3       java.lang.String::regionMatches (189 bytes)
Event: 11.412 Thread 0x0000028722d962e0 nmethod 1297 0x0000028714b64090 code [0x0000028714b64220, 0x0000028714b64518]
Event: 11.412 Thread 0x0000028722d962e0 1300       4       java.lang.CharacterDataLatin1::toLowerCase (39 bytes)
Event: 11.412 Thread 0x0000028722da1140 nmethod 1298 0x000002870d83fe10 code [0x000002870d840060, 0x000002870d840d38]
Event: 11.412 Thread 0x0000028722da1140 1301       3       java.lang.Module::isNamed (13 bytes)
Event: 11.412 Thread 0x0000028722da1140 nmethod 1301 0x000002870d841190 code [0x000002870d841320, 0x000002870d841498]
Event: 11.413 Thread 0x0000028722d962e0 nmethod 1300 0x0000028714b64690 code [0x0000028714b64800, 0x0000028714b648f8]
Event: 11.534 Thread 0x0000028722da1140 1302       3       java.lang.CharacterDataLatin1::toUpperCase (53 bytes)
Event: 11.535 Thread 0x0000028722da1140 nmethod 1302 0x000002870d841510 code [0x000002870d8416c0, 0x000002870d841958]

GC Heap History (0 events):
No events

Deoptimization events (20 events):
Event: 0.748 Thread 0x0000028722d8b3a0 DEOPT PACKING pc=0x000002870d6c655e sp=0x000000de9e0ff0f0
Event: 0.748 Thread 0x0000028722d8b3a0 DEOPT UNPACKING pc=0x000002870d092b43 sp=0x000000de9e0fe560 mode 0
Event: 0.748 Thread 0x0000028722d8b3a0 DEOPT PACKING pc=0x000002870d6c655e sp=0x000000de9e0ff0f0
Event: 0.748 Thread 0x0000028722d8b3a0 DEOPT UNPACKING pc=0x000002870d092b43 sp=0x000000de9e0fe560 mode 0
Event: 0.857 Thread 0x0000028703f319d0 Uncommon trap: trap_request=0xffffff45 fr.pc=0x0000028714b33c10 relative=0x0000000000000210
Event: 0.857 Thread 0x0000028703f319d0 Uncommon trap: reason=unstable_if action=reinterpret pc=0x0000028714b33c10 method=java.lang.StringUTF16.compress([CI[BII)I @ 20 c2
Event: 0.857 Thread 0x0000028703f319d0 DEOPT PACKING pc=0x0000028714b33c10 sp=0x000000de9c2fd830
Event: 0.857 Thread 0x0000028703f319d0 DEOPT UNPACKING pc=0x000002870d0923a3 sp=0x000000de9c2fd7b0 mode 2
Event: 0.979 Thread 0x0000028722d8d550 Uncommon trap: trap_request=0xffffff45 fr.pc=0x0000028714b41854 relative=0x0000000000000954
Event: 0.979 Thread 0x0000028722d8d550 Uncommon trap: reason=unstable_if action=reinterpret pc=0x0000028714b41854 method=java.util.HashMap.putVal(ILjava/lang/Object;Ljava/lang/Object;ZZ)Ljava/lang/Object; @ 181 c2
Event: 0.979 Thread 0x0000028722d8d550 DEOPT PACKING pc=0x0000028714b41854 sp=0x000000de9e2fcd10
Event: 0.979 Thread 0x0000028722d8d550 DEOPT UNPACKING pc=0x000002870d0923a3 sp=0x000000de9e2fccb0 mode 2
Event: 3.570 Thread 0x0000028722d8d550 Uncommon trap: trap_request=0xffffff45 fr.pc=0x0000028714b55da0 relative=0x00000000000000a0
Event: 3.570 Thread 0x0000028722d8d550 Uncommon trap: reason=unstable_if action=reinterpret pc=0x0000028714b55da0 method=java.awt.Component.inside(II)Z @ 9 c2
Event: 3.570 Thread 0x0000028722d8d550 DEOPT PACKING pc=0x0000028714b55da0 sp=0x000000de9e2fe640
Event: 3.570 Thread 0x0000028722d8d550 DEOPT UNPACKING pc=0x000002870d0923a3 sp=0x000000de9e2fe4d8 mode 2
Event: 11.410 Thread 0x0000028703f319d0 Uncommon trap: trap_request=0xffffff45 fr.pc=0x0000028714b633e4 relative=0x00000000000001c4
Event: 11.410 Thread 0x0000028703f319d0 Uncommon trap: reason=unstable_if action=reinterpret pc=0x0000028714b633e4 method=java.util.concurrent.locks.AbstractQueuedSynchronizer.signalNext(Ljava/util/concurrent/locks/AbstractQueuedSynchronizer$Node;)V @ 1 c2
Event: 11.410 Thread 0x0000028703f319d0 DEOPT PACKING pc=0x0000028714b633e4 sp=0x000000de9c2fe090
Event: 11.410 Thread 0x0000028703f319d0 DEOPT UNPACKING pc=0x000002870d0923a3 sp=0x000000de9c2fdf90 mode 2

Classes loaded (20 events):
Event: 1.048 Loading class java/awt/event/ContainerEvent
Event: 1.048 Loading class java/awt/event/ContainerEvent done
Event: 1.048 Loading class java/applet/Applet
Event: 1.049 Loading class java/awt/Panel
Event: 1.049 Loading class java/awt/Panel done
Event: 1.049 Loading class java/applet/Applet done
Event: 1.053 Loading class java/util/concurrent/locks/AbstractQueuedSynchronizer$ConditionNode
Event: 1.053 Loading class java/util/concurrent/ForkJoinPool$ManagedBlocker
Event: 1.053 Loading class java/util/concurrent/ForkJoinPool$ManagedBlocker done
Event: 1.053 Loading class java/util/concurrent/locks/AbstractQueuedSynchronizer$ConditionNode done
Event: 1.603 Loading class javax/swing/event/ChangeEvent
Event: 1.603 Loading class javax/swing/event/ChangeEvent done
Event: 3.390 Loading class java/awt/LightweightDispatcher$2
Event: 3.390 Loading class java/awt/LightweightDispatcher$2 done
Event: 11.412 Loading class java/util/TooManyListenersException
Event: 11.412 Loading class java/util/TooManyListenersException done
Event: 11.413 Loading class java/lang/NumberFormatException
Event: 11.413 Loading class java/lang/NumberFormatException done
Event: 11.415 Loading class java/lang/IndexOutOfBoundsException
Event: 11.415 Loading class java/lang/IndexOutOfBoundsException done

Classes unloaded (0 events):
No events

Classes redefined (0 events):
No events

Internal exceptions (17 events):
Event: 0.212 Thread 0x0000028703f319d0 Exception <a 'java/lang/ClassNotFoundException'{0x00000000a6a5e2b8}: sun/awt/resources/spi/awtProvider> (0x00000000a6a5e2b8) 
thrown [s\open\src\hotspot\share\classfile\systemDictionary.cpp, line 255]
Event: 0.255 Thread 0x0000028703f319d0 Exception <a 'java/io/FileNotFoundException'{0x00000000a6ab3650}> (0x00000000a6ab3650) 
thrown [s\open\src\hotspot\share\prims\jni.cpp, line 516]
Event: 0.266 Thread 0x0000028703f319d0 Exception <a 'java/io/FileNotFoundException'{0x00000000a6ae0650}> (0x00000000a6ae0650) 
thrown [s\open\src\hotspot\share\prims\jni.cpp, line 516]
Event: 0.337 Thread 0x0000028703f319d0 Exception <a 'java/lang/NoSuchMethodError'{0x00000000a692b410}: 'java.lang.Object java.lang.invoke.DirectMethodHandle$Holder.invokeStaticInit(java.lang.Object)'> (0x00000000a692b410) 
thrown [s\open\src\hotspot\share\interpreter\linkResolver.cpp, line 759]
Event: 0.494 Thread 0x0000028703f319d0 Exception <a 'java/lang/NoSuchMethodError'{0x00000000a6975c78}: 'void java.lang.invoke.DirectMethodHandle$Holder.invokeSpecial(java.lang.Object, java.lang.Object, java.lang.Object)'> (0x00000000a6975c78) 
thrown [s\open\src\hotspot\share\interpreter\linkResolver.cpp, line 759]
Event: 0.509 Thread 0x0000028703f319d0 Exception <a 'java/lang/NoSuchMethodError'{0x00000000a6817078}: 'java.lang.Object java.lang.invoke.DirectMethodHandle$Holder.newInvokeSpecial(java.lang.Object, java.lang.Object, java.lang.Object, java.lang.Object, java.lang.Object)'> (0x00000000a6817078) 
thrown [s\open\src\hotspot\share\interpreter\linkResolver.cpp, line 759]
Event: 0.520 Thread 0x0000028703f319d0 Exception <a 'java/lang/NoSuchMethodError'{0x00000000a6848b88}: 'java.lang.Object java.lang.invoke.DirectMethodHandle$Holder.invokeStatic(java.lang.Object, int, java.lang.Object)'> (0x00000000a6848b88) 
thrown [s\open\src\hotspot\share\interpreter\linkResolver.cpp, line 759]
Event: 0.561 Thread 0x0000028703f319d0 Exception <a 'java/lang/ClassNotFoundException'{0x00000000a6706030}: com/sun/swing/internal/plaf/metal/resources/spi/metalProvider> (0x00000000a6706030) 
thrown [s\open\src\hotspot\share\classfile\systemDictionary.cpp, line 255]
Event: 0.563 Thread 0x0000028703f319d0 Exception <a 'java/lang/ClassNotFoundException'{0x00000000a670a068}: com/sun/swing/internal/plaf/basic/resources/spi/basicProvider> (0x00000000a670a068) 
thrown [s\open\src\hotspot\share\classfile\systemDictionary.cpp, line 255]
Event: 0.578 Thread 0x0000028703f319d0 Exception <a 'java/lang/NoSuchMethodError'{0x00000000a672aa70}: 'int java.lang.invoke.Invokers$Holder.invokeExact_MT(java.lang.Object, java.lang.Object)'> (0x00000000a672aa70) 
thrown [s\open\src\hotspot\share\interpreter\linkResolver.cpp, line 759]
Event: 0.669 Thread 0x0000028722d8b3a0 Exception <a 'java/lang/NoSuchMethodError'{0x00000000a66fab78}: 'java.lang.Object java.lang.invoke.DirectMethodHandle$Holder.newInvokeSpecial(java.lang.Object, java.lang.Object, java.lang.Object, int, int, int, int, int)'> (0x00000000a66fab78) 
thrown [s\open\src\hotspot\share\interpreter\linkResolver.cpp, line 759]
Event: 0.790 Thread 0x0000028722d8cbb0 Exception <a 'java/lang/NoSuchMethodError'{0x00000000a6985cb8}: 'void java.lang.invoke.DirectMethodHandle$Holder.invokeVirtual(java.lang.Object, java.lang.Object)'> (0x00000000a6985cb8) 
thrown [s\open\src\hotspot\share\interpreter\linkResolver.cpp, line 759]
Event: 0.819 Thread 0x0000028703f319d0 Exception <a 'java/lang/NoSuchMethodError'{0x00000000a6769488}: 'void java.lang.invoke.DirectMethodHandle$Holder.invokeStaticInit(java.lang.Object)'> (0x00000000a6769488) 
thrown [s\open\src\hotspot\share\interpreter\linkResolver.cpp, line 759]
Event: 0.955 Thread 0x0000028703f319d0 Exception <a 'java/io/FileNotFoundException'{0x00000000a63de390}> (0x00000000a63de390) 
thrown [s\open\src\hotspot\share\prims\jni.cpp, line 516]
Event: 11.407 Thread 0x0000028703f319d0 Exception <a 'java/io/FileNotFoundException'{0x00000000a62efb58}> (0x00000000a62efb58) 
thrown [s\open\src\hotspot\share\prims\jni.cpp, line 516]
Event: 11.410 Thread 0x0000028703f319d0 Implicit null exception at 0x0000028714b632ab to 0x0000028714b633d5
Event: 11.562 Thread 0x0000028703f319d0 Exception <a 'java/lang/NoSuchMethodError'{0x00000000a6109f50}: 'void java.lang.invoke.DirectMethodHandle$Holder.invokeStatic(java.lang.Object, java.lang.Object)'> (0x00000000a6109f50) 
thrown [s\open\src\hotspot\share\interpreter\linkResolver.cpp, line 759]

VM Operations (20 events):
Event: 0.165 Executing VM operation: HandshakeAllThreads
Event: 0.165 Executing VM operation: HandshakeAllThreads done
Event: 0.763 Executing VM operation: HandshakeAllThreads
Event: 0.763 Executing VM operation: HandshakeAllThreads done
Event: 0.977 Executing VM operation: HandshakeAllThreads
Event: 0.978 Executing VM operation: HandshakeAllThreads done
Event: 1.020 Executing VM operation: HandshakeAllThreads
Event: 1.020 Executing VM operation: HandshakeAllThreads done
Event: 2.034 Executing VM operation: Cleanup
Event: 2.034 Executing VM operation: Cleanup done
Event: 3.044 Executing VM operation: Cleanup
Event: 3.044 Executing VM operation: Cleanup done
Event: 4.045 Executing VM operation: Cleanup
Event: 4.045 Executing VM operation: Cleanup done
Event: 5.050 Executing VM operation: Cleanup
Event: 5.051 Executing VM operation: Cleanup done
Event: 6.057 Executing VM operation: Cleanup
Event: 6.057 Executing VM operation: Cleanup done
Event: 7.072 Executing VM operation: Cleanup
Event: 7.072 Executing VM operation: Cleanup done

Events (20 events):
Event: 0.134 Loaded shared library C:\Program Files\Java\jdk-18.0.2.1\bin\nio.dll
Event: 0.169 Loaded shared library C:\Program Files\Java\jdk-18.0.2.1\bin\zip.dll
Event: 0.197 Loaded shared library C:\Program Files\Java\jdk-18.0.2.1\bin\jimage.dll
Event: 0.233 Loaded shared library C:\Program Files\Java\jdk-18.0.2.1\bin\awt.dll
Event: 0.339 Thread 0x0000028722d8da20 Thread added: 0x0000028722d8da20
Event: 0.340 Thread 0x0000028722d8aed0 Thread added: 0x0000028722d8aed0
Event: 0.343 Thread 0x0000028722d8cbb0 Thread added: 0x0000028722d8cbb0
Event: 0.597 Thread 0x0000028722d8b3a0 Thread added: 0x0000028722d8b3a0
Event: 0.633 Thread 0x000002872bcdde00 Thread added: 0x000002872bcdde00
Event: 0.794 Thread 0x0000028722d8d550 Thread added: 0x0000028722d8d550
Event: 0.830 Loaded shared library C:\Program Files\Java\jdk-18.0.2.1\bin\freetype.dll
Event: 0.834 Loaded shared library C:\Program Files\Java\jdk-18.0.2.1\bin\fontmanager.dll
Event: 0.949 Thread 0x0000028722d8b870 Thread added: 0x0000028722d8b870
Event: 0.951 Loaded shared library C:\JavaRXTX\x64\rxtxSerial.dll
Event: 1.146 Thread 0x000002872bcdde00 Thread exited: 0x000002872bcdde00
Event: 5.759 Thread 0x0000028722d8b3a0 Thread exited: 0x0000028722d8b3a0
Event: 11.535 Thread 0x0000028722d8a530 Thread added: 0x0000028722d8a530
Event: 11.564 Thread 0x0000028722d8b3a0 Thread added: 0x0000028722d8b3a0
Event: 11.564 Thread 0x0000028703f319d0 Thread exited: 0x0000028703f319d0
Event: 11.564 Thread 0x000002872bfada40 Thread added: 0x000002872bfada40


Dynamic libraries:
0x00007ff72f290000 - 0x00007ff72f2a0000 	C:\Program Files\Java\jdk-18.0.2.1\bin\java.exe
0x00007ffdf97b0000 - 0x00007ffdf99a8000 	C:\WINDOWS\SYSTEM32\ntdll.dll
0x00007ffdf7f60000 - 0x00007ffdf801f000 	C:\WINDOWS\System32\KERNEL32.DLL
0x00007ffdf73f0000 - 0x00007ffdf76e6000 	C:\WINDOWS\System32\KERNELBASE.dll
0x00007ffdf6ff0000 - 0x00007ffdf70f0000 	C:\WINDOWS\System32\ucrtbase.dll
0x00007ffde8db0000 - 0x00007ffde8dca000 	C:\Program Files\Java\jdk-18.0.2.1\bin\VCRUNTIME140.dll
0x00007ffde8830000 - 0x00007ffde8848000 	C:\Program Files\Java\jdk-18.0.2.1\bin\jli.dll
0x00007ffdf9510000 - 0x00007ffdf95bf000 	C:\WINDOWS\System32\ADVAPI32.dll
0x00007ffdf8600000 - 0x00007ffdf869e000 	C:\WINDOWS\System32\msvcrt.dll
0x00007ffdf8ed0000 - 0x00007ffdf8f6c000 	C:\WINDOWS\System32\sechost.dll
0x00007ffdf8160000 - 0x00007ffdf8286000 	C:\WINDOWS\System32\RPCRT4.dll
0x00007ffdf7c20000 - 0x00007ffdf7dbd000 	C:\WINDOWS\System32\USER32.dll
0x00007ffde6120000 - 0x00007ffde63ba000 	C:\WINDOWS\WinSxS\amd64_microsoft.windows.common-controls_6595b64144ccf1df_6.0.19041.1110_none_60b5254171f9507e\COMCTL32.dll
0x00007ffdf6e90000 - 0x00007ffdf6eb2000 	C:\WINDOWS\System32\win32u.dll
0x00007ffdf7b80000 - 0x00007ffdf7bac000 	C:\WINDOWS\System32\GDI32.dll
0x00007ffdf7140000 - 0x00007ffdf7255000 	C:\WINDOWS\System32\gdi32full.dll
0x00007ffdf6f50000 - 0x00007ffdf6fed000 	C:\WINDOWS\System32\msvcp_win.dll
0x00007ffdee920000 - 0x00007ffdee92a000 	C:\WINDOWS\SYSTEM32\VERSION.dll
0x00007ffdf95c0000 - 0x00007ffdf95f0000 	C:\WINDOWS\System32\IMM32.DLL
0x00007ffde78e0000 - 0x00007ffde78ec000 	C:\Program Files\Java\jdk-18.0.2.1\bin\vcruntime140_1.dll
0x00007ffdbcf20000 - 0x00007ffdbcfad000 	C:\Program Files\Java\jdk-18.0.2.1\bin\msvcp140.dll
0x00007ffdb3df0000 - 0x00007ffdb4a01000 	C:\Program Files\Java\jdk-18.0.2.1\bin\server\jvm.dll
0x00007ffdf7b70000 - 0x00007ffdf7b78000 	C:\WINDOWS\System32\PSAPI.DLL
0x00007ffded770000 - 0x00007ffded797000 	C:\WINDOWS\SYSTEM32\WINMM.dll
0x00007ffdef1e0000 - 0x00007ffdef1e9000 	C:\WINDOWS\SYSTEM32\WSOCK32.dll
0x00007ffdf7bb0000 - 0x00007ffdf7c1b000 	C:\WINDOWS\System32\WS2_32.dll
0x00007ffdf4d50000 - 0x00007ffdf4d62000 	C:\WINDOWS\SYSTEM32\kernel.appcore.dll
0x00007ffde7850000 - 0x00007ffde785a000 	C:\Program Files\Java\jdk-18.0.2.1\bin\jimage.dll
0x00007ffdf4450000 - 0x00007ffdf4634000 	C:\WINDOWS\SYSTEM32\DBGHELP.DLL
0x00007ffdde490000 - 0x00007ffdde4c4000 	C:\WINDOWS\SYSTEM32\dbgcore.DLL
0x00007ffdf6ec0000 - 0x00007ffdf6f42000 	C:\WINDOWS\System32\bcryptPrimitives.dll
0x00007ffde7090000 - 0x00007ffde70b5000 	C:\Program Files\Java\jdk-18.0.2.1\bin\java.dll
0x00007ffdbbf20000 - 0x00007ffdbbff6000 	C:\Program Files\Java\jdk-18.0.2.1\bin\jsvml.dll
0x00007ffdf8760000 - 0x00007ffdf8ea4000 	C:\WINDOWS\System32\SHELL32.dll
0x00007ffdf4f50000 - 0x00007ffdf56e3000 	C:\WINDOWS\SYSTEM32\windows.storage.dll
0x00007ffdf7810000 - 0x00007ffdf7b64000 	C:\WINDOWS\System32\combase.dll
0x00007ffdf6810000 - 0x00007ffdf683e000 	C:\WINDOWS\SYSTEM32\Wldp.dll
0x00007ffdf8ff0000 - 0x00007ffdf909d000 	C:\WINDOWS\System32\SHCORE.dll
0x00007ffdf95f0000 - 0x00007ffdf9645000 	C:\WINDOWS\System32\shlwapi.dll
0x00007ffdf6dd0000 - 0x00007ffdf6def000 	C:\WINDOWS\SYSTEM32\profapi.dll
0x00007ffde3020000 - 0x00007ffde3033000 	C:\Program Files\Java\jdk-18.0.2.1\bin\net.dll
0x00007ffdea760000 - 0x00007ffdea86a000 	C:\WINDOWS\SYSTEM32\WINHTTP.dll
0x00007ffdf6570000 - 0x00007ffdf65da000 	C:\WINDOWS\system32\mswsock.dll
0x00007ffdd9290000 - 0x00007ffdd92a6000 	C:\Program Files\Java\jdk-18.0.2.1\bin\nio.dll
0x00007ffdd8c60000 - 0x00007ffdd8c78000 	C:\Program Files\Java\jdk-18.0.2.1\bin\zip.dll
0x00007ffdbb0d0000 - 0x00007ffdbb25f000 	C:\Program Files\Java\jdk-18.0.2.1\bin\awt.dll
0x00007ffdf8290000 - 0x00007ffdf835d000 	C:\WINDOWS\System32\OLEAUT32.dll
0x00007ffdf41c0000 - 0x00007ffdf4251000 	C:\WINDOWS\SYSTEM32\apphelp.dll
0x00007ffdf4a60000 - 0x00007ffdf4a8f000 	C:\WINDOWS\system32\DWMAPI.DLL
0x00007ffdf4640000 - 0x00007ffdf46de000 	C:\WINDOWS\system32\uxtheme.dll
0x00007ffd86490000 - 0x00007ffd865b5000 	C:\WINDOWS\system32\opengl32.dll
0x00007ffda3920000 - 0x00007ffda394c000 	C:\WINDOWS\SYSTEM32\GLU32.dll
0x00007ffdf9650000 - 0x00007ffdf9764000 	C:\WINDOWS\System32\MSCTF.dll
0x00007ffdf8020000 - 0x00007ffdf814a000 	C:\WINDOWS\System32\ole32.dll
0x00007ffda5ec0000 - 0x00007ffda608d000 	C:\WINDOWS\system32\d3d9.dll
0x00007ffded7a0000 - 0x00007ffded958000 	C:\WINDOWS\System32\DriverStore\FileRepository\u0377487.inf_amd64_99415ae859206efa\B377170\aticfx64.dll
0x00007ffde4be0000 - 0x00007ffde4c14000 	C:\WINDOWS\System32\DriverStore\FileRepository\u0377487.inf_amd64_99415ae859206efa\B377170\atiu9p64.dll
0x00007ffd7dde0000 - 0x00007ffd7eb34000 	C:\WINDOWS\System32\DriverStore\FileRepository\u0377487.inf_amd64_99415ae859206efa\B377170\atiumd64.dll
0x000000006dbe0000 - 0x000000006ea53000 	C:\WINDOWS\System32\DriverStore\FileRepository\u0377487.inf_amd64_99415ae859206efa\B377170\atiumd6a.dll
0x00007ffdf90a0000 - 0x00007ffdf9508000 	C:\WINDOWS\System32\SETUPAPI.dll
0x00007ffdf70f0000 - 0x00007ffdf713e000 	C:\WINDOWS\System32\cfgmgr32.dll
0x00007ffdf73c0000 - 0x00007ffdf73e7000 	C:\WINDOWS\System32\bcrypt.dll
0x00007ffdf6cf0000 - 0x00007ffdf6d3b000 	C:\WINDOWS\SYSTEM32\POWRPROF.dll
0x00007ffdf6cd0000 - 0x00007ffdf6ce2000 	C:\WINDOWS\SYSTEM32\UMPDC.dll
0x00007ffdea700000 - 0x00007ffdea730000 	C:\WINDOWS\SYSTEM32\amdihk64.dll
0x00007ffdeda80000 - 0x00007ffdedabb000 	C:\WINDOWS\SYSTEM32\dxcore.dll
0x00007ffdbc740000 - 0x00007ffdbc7c6000 	C:\Program Files\Java\jdk-18.0.2.1\bin\freetype.dll
0x00007ffdbb780000 - 0x00007ffdbb828000 	C:\Program Files\Java\jdk-18.0.2.1\bin\fontmanager.dll
0x00007ffde9640000 - 0x00007ffde973a000 	C:\WINDOWS\SYSTEM32\textinputframework.dll
0x00007ffdf3eb0000 - 0x00007ffdf3fa2000 	C:\WINDOWS\System32\CoreMessaging.dll
0x00007ffdf37d0000 - 0x00007ffdf3b2e000 	C:\WINDOWS\System32\CoreUIComponents.dll
0x00007ffdf5fb0000 - 0x00007ffdf5fe3000 	C:\WINDOWS\SYSTEM32\ntmarta.dll
0x00007ffdf27f0000 - 0x00007ffdf2944000 	C:\WINDOWS\SYSTEM32\wintypes.dll
0x0000000180000000 - 0x0000000180025000 	C:\JavaRXTX\x64\rxtxSerial.dll

dbghelp: loaded successfully - version: 4.0.5 - missing functions: none
symbol engine: initialized successfully - sym options: 0x614 - pdb path: .;C:\Program Files\Java\jdk-18.0.2.1\bin;C:\WINDOWS\SYSTEM32;C:\WINDOWS\WinSxS\amd64_microsoft.windows.common-controls_6595b64144ccf1df_6.0.19041.1110_none_60b5254171f9507e;C:\Program Files\Java\jdk-18.0.2.1\bin\server;C:\WINDOWS\System32\DriverStore\FileRepository\u0377487.inf_amd64_99415ae859206efa\B377170;C:\JavaRXTX\x64

VM Arguments:
jvm_args: -Dfile.encoding=UTF-8 
java_command: pi.PI
java_class_path (initial): C:\Users\felip\Downloads\PanamaHitek_Arduino.v2.7.0.jar;C:\Users\felip\OneDrive\Escritorio\PROYECTO INTEGRADOR\Incubadora_neonatos\JAVA\build\classes
Launcher Type: SUN_STANDARD

[Global flags]
     intx CICompilerCount                          = 4                                         {product} {ergonomic}
     uint ConcGCThreads                            = 2                                         {product} {ergonomic}
     uint G1ConcRefinementThreads                  = 8                                         {product} {ergonomic}
   size_t G1HeapRegionSize                         = 1048576                                   {product} {ergonomic}
    uintx GCDrainStackTargetSize                   = 64                                        {product} {ergonomic}
   size_t InitialHeapSize                          = 100663296                                 {product} {ergonomic}
   size_t MarkStackSize                            = 4194304                                   {product} {ergonomic}
   size_t MaxHeapSize                              = 1598029824                                {product} {ergonomic}
   size_t MaxNewSize                               = 958398464                                 {product} {ergonomic}
   size_t MinHeapDeltaBytes                        = 1048576                                   {product} {ergonomic}
   size_t MinHeapSize                              = 8388608                                   {product} {ergonomic}
    uintx NonNMethodCodeHeapSize                   = 5839372                                {pd product} {ergonomic}
    uintx NonProfiledCodeHeapSize                  = 122909434                              {pd product} {ergonomic}
    uintx ProfiledCodeHeapSize                     = 122909434                              {pd product} {ergonomic}
    uintx ReservedCodeCacheSize                    = 251658240                              {pd product} {ergonomic}
     bool SegmentedCodeCache                       = true                                      {product} {ergonomic}
   size_t SoftMaxHeapSize                          = 1598029824                             {manageable} {ergonomic}
     bool UseCompressedClassPointers               = true                           {product lp64_product} {ergonomic}
     bool UseCompressedOops                        = true                           {product lp64_product} {ergonomic}
     bool UseG1GC                                  = true                                      {product} {ergonomic}
     bool UseLargePagesIndividualAllocation        = false                                  {pd product} {ergonomic}

Logging:
Log output configuration:
 #0: stdout all=warning uptime,level,tags foldmultilines=false
 #1: stderr all=off uptime,level,tags foldmultilines=false

Environment Variables:
PATH=C:\Program Files\Common Files\Oracle\Java\javapath;C:\Users\felip\AppData\Local\Programs\Python\Python310\Scripts\;C:\Users\felip\AppData\Local\Programs\Python\Python310\;C:\Program Files (x86)\Common Files\Oracle\Java\javapath;C:\WINDOWS\system32;C:\WINDOWS;C:\WINDOWS\System32\Wbem;C:\WINDOWS\System32\WindowsPowerShell\v1.0\;C:\WINDOWS\System32\OpenSSH\;C:\Program Files\Intel\WiFi\bin\;C:\Program Files\Common Files\Intel\WirelessCommon\;C:\Program Files (x86)\HP\Common\HPDestPlgIn\;C:\Program Files\MATLAB\R2021a\runtime\win64;C:\Program Files\MATLAB\R2021a\bin;C:\Program Files\Polyspace\R2021a\bin;C:\ProgramData\chocolatey\bin;C:\Program Files\MATLAB\R2022a\bin;C:\Program Files\Git\cmd;C:\Users\felip\AppData\Local\Microsoft\WindowsApps;C:\Program Files (x86)\HP\Common\HPDestPlgIn\;;C:\altera\13.0\modelsim_ase\win32aloem;C:\altera\13.0\modelsim_ae\win32aloem;C:\Users\felip\AppData\Local\Programs\Microsoft VS Code\bin;C:\Users\felip\zerynth3\dist\sys\cli;C:\altera\13.0sp1\modelsim_ase\win32aloem;C:\altera\13.0sp1\modelsim_ae\win32aloem
USERNAME=Felipe
OS=Windows_NT
PROCESSOR_IDENTIFIER=AMD64 Family 23 Model 24 Stepping 1, AuthenticAMD



---------------  S Y S T E M  ---------------

OS:
 Windows 10 , 64 bit Build 19041 (10.0.19041.2913)
OS uptime: 5 days 10:49 hours

CPU: total 8 (initial active 8) (8 cores per cpu, 2 threads per core) family 23 model 24 stepping 1 microcode 0x0, cx8, cmov, fxsr, ht, mmx, 3dnowpref, sse, sse2, sse3, ssse3, sse4a, sse4.1, sse4.2, popcnt, lzcnt, tsc, tscinvbit, avx, avx2, aes, clmul, bmi1, bmi2, adx, sha, fma, vzeroupper, clflush, clflushopt

Memory: 4k page, system-wide physical 6091M (742M free)
TotalPageFile size 10785M (AvailPageFile size 2113M)
current process WorkingSet (physical memory assigned to process): 86M, peak: 89M
current process commit charge ("private bytes"): 225M, peak: 227M

vm_info: Java HotSpot(TM) 64-Bit Server VM (18.0.2.1+1-1) for windows-amd64 JRE (18.0.2.1+1-1), built on Aug 16 2022 01:46:33 by "mach5one" with MS VC++ 16.8 / 16.9 (VS2019)

END.
