#
# A fatal error has been detected by the Java Runtime Environment:
#
#  EXCEPTION_ACCESS_VIOLATION (0xc0000005) at pc=0x0000000180005b00, pid=17996, tid=20724
#
# JRE version: Java(TM) SE Runtime Environment (18.0.2.1+1) (build 18.0.2.1+1-1)
# Java VM: Java HotSpot(TM) 64-Bit Server VM (18.0.2.1+1-1, mixed mode, sharing, tiered, compressed oops, compressed class ptrs, g1 gc, windows-amd64)
# Problematic frame:
# C  [rxtxSerial.dll+0x5b00]
#
# No core dump will be written. Minidumps are not enabled by default on client versions of Windows
#
# If you would like to submit a bug report, please visit:
#   https://bugreport.java.com/bugreport/crash.jsp
# The crash happened outside the Java Virtual Machine in native code.
# See problematic frame for where to report the bug.
#

---------------  S U M M A R Y ------------

Command Line: -Dfile.encoding=UTF-8 pi.PI

Host: AMD Ryzen 5 3500U with Radeon Vega Mobile Gfx  , 8 cores, 5G,  Windows 10 , 64 bit Build 19041 (10.0.19041.2913)
Time: Tue May 16 23:19:39 2023 Hora est. Pacífico, Sudamérica elapsed time: 11.584213 seconds (0d 0h 0m 11s)

---------------  T H R E A D  ---------------

Current thread (0x000001b339e7b640):  JavaThread "Thread-1" [_thread_in_native, id=20724, stack(0x00000034da600000,0x00000034da700000)]

Stack: [0x00000034da600000,0x00000034da700000],  sp=0x00000034da6fec20,  free space=1019k
Native frames: (J=compiled Java code, j=interpreted, Vv=VM code, C=native code)
C  [rxtxSerial.dll+0x5b00]

Java frames: (J=compiled Java code, j=interpreted, Vv=VM code)
j  gnu.io.RXTXPort.readArray([BII)I+0
j  gnu.io.RXTXPort$SerialInputStream.read([BII)I+212
j  gnu.io.RXTXPort$SerialInputStream.read([B)I+60
j  pi.PI.lambda$initialize$0(Ljava/io/InputStream;)V+16
j  pi.PI$$Lambda$137+0x0000000800cc6798.run()V+4
j  java.lang.Thread.run()V+11 java.base@18.0.2.1
v  ~StubRoutines::call_stub

siginfo: EXCEPTION_ACCESS_VIOLATION (0xc0000005), reading address 0xffffffffda5ff208


Register to memory mapping:

RIP=0x0000000180005b00 rxtxSerial.dll
RAX=0x0000000000000001 is an unknown value
RBX=0x0 is NULL
RCX=0x000000018001d4d5 rxtxSerial.dll
RDX=0xfffffffffffff665 is an unknown value
RSP=0x00000034da6fec20 is pointing into the stack for thread: 0x000001b339e7b640
RBP=0x00000000ffffffff is an unallocated location in the heap
RSI=0x0 is NULL
RDI=0x000001b339e7b8d0 points into unknown readable memory: 0x00007ffdb48b4720 | 20 47 8b b4 fd 7f 00 00
R8 =0x0000000000000002 is an unknown value
R9 =0xfffffffffffff63c is an unknown value
R10=0x00007ffdb4940688 jvm.dll
R11=0x8101010101010100 is an unknown value
R12=0xffffffffda5ff200 is an unknown value
R13=0x0000000000000044 is an unknown value
R14=0x00000034da6fee10 is pointing into the stack for thread: 0x000001b339e7b640
R15=0x0 is NULL


Registers:
RAX=0x0000000000000001, RBX=0x0000000000000000, RCX=0x000000018001d4d5, RDX=0xfffffffffffff665
RSP=0x00000034da6fec20, RBP=0x00000000ffffffff, RSI=0x0000000000000000, RDI=0x000001b339e7b8d0
R8 =0x0000000000000002, R9 =0xfffffffffffff63c, R10=0x00007ffdb4940688, R11=0x8101010101010100
R12=0xffffffffda5ff200, R13=0x0000000000000044, R14=0x00000034da6fee10, R15=0x0000000000000000
RIP=0x0000000180005b00, EFLAGS=0x0000000000010202

Top of Stack: (sp=0x00000034da6fec20)
0x00000034da6fec20:   0000000000000000 0000000000000000
0x00000034da6fec30:   0000000000000000 00007ffdb41f728f
0x00000034da6fec40:   0000000000000000 00000034da6fee10
0x00000034da6fec50:   000001b32f02e290 0000000000000001
0x00000034da6fec60:   000001b339e7b8d0 0000000000000044
0x00000034da6fec70:   ffffffffffffffff 0000000180006211
0x00000034da6fec80:   000001b311acf5f0 0000000000000001
0x00000034da6fec90:   0000003400000001 000001b311acf5f0
0x00000034da6feca0:   000001b300000044 00000034ffffffff
0x00000034da6fecb0:   00000034da6fee18 000001b319419612
0x00000034da6fecc0:   000001b319419612 000001b32f02e290
0x00000034da6fecd0:   00000034da6fede0 00007ffdb41940e5
0x00000034da6fece0:   00000000000155b4 00000034da6ff570
0x00000034da6fecf0:   000001b339e7b640 00008c0aa8cfd2c2
0x00000034da6fed00:   000001b32f02e298 000001b32f02e290
0x00000034da6fed10:   000001b339e7b640 00000034da6fee18 

Instructions: (pc=0x0000000180005b00)
0x0000000180005a00:   5d c3 cc cc cc cc cc cc cc cc cc cc cc cc cc cc
0x0000000180005a10:   48 89 5c 24 08 4c 89 4c 24 20 44 89 44 24 18 55
0x0000000180005a20:   56 57 41 54 41 55 41 56 41 57 48 83 ec 20 48 8b
0x0000000180005a30:   2a 48 8b 01 33 db 48 8b d5 48 8b f9 44 8b fb 8b
0x0000000180005a40:   f3 ff 90 f8 00 00 00 4c 8d 0d 9e 70 01 00 4c 8b
0x0000000180005a50:   e0 48 8b 07 4c 8d 05 b5 70 01 00 49 8b d4 48 8b
0x0000000180005a60:   cf ff 90 f0 02 00 00 48 8b cf 4c 8b c0 48 85 c0
0x0000000180005a70:   48 8b 07 75 28 ff 90 80 00 00 00 4c 8b 1f 48 8b
0x0000000180005a80:   cf 41 ff 93 88 00 00 00 4c 8b 1f 49 8b d4 48 8b
0x0000000180005a90:   cf 41 ff 93 b8 00 00 00 4c 8b e3 eb 54 48 8b d5
0x0000000180005aa0:   ff 90 20 03 00 00 49 8b d4 48 8b cf 48 63 e8 48
0x0000000180005ab0:   8b 07 ff 90 b8 00 00 00 48 8d 15 51 70 01 00 48
0x0000000180005ac0:   8d 0d 0e 7a 01 00 41 b8 02 00 00 00 e8 6f 62 00
0x0000000180005ad0:   00 85 c0 75 19 85 ed 75 15 e8 c2 5e 00 00 48 8d
0x0000000180005ae0:   15 23 7a 01 00 48 8d 48 60 e8 3a 5d 00 00 4c 8b
0x0000000180005af0:   e5 8b ac 24 88 00 00 00 44 8b ac 24 80 00 00 00
0x0000000180005b00:   45 8b 74 24 08 41 89 5c 24 08 41 8b fd 85 ed 78
0x0000000180005b10:   09 ff 15 e9 14 01 00 44 8b f8 45 85 ed 7e 4a 90
0x0000000180005b20:   8b c6 ff c6 83 f8 14 7d 40 85 ed 78 0d ff 15 cd
0x0000000180005b30:   14 01 00 41 2b c7 3b c5 7d 2f 8b 4c 24 70 48 63
0x0000000180005b40:   d3 44 8b c7 48 03 54 24 78 e8 a2 31 00 00 85 c0
0x0000000180005b50:   78 33 74 06 03 d8 2b f8 eb 0a b9 e8 03 00 00 e8
0x0000000180005b60:   1c 1c 00 00 41 3b dd 7c b7 8b c3 45 89 74 24 08
0x0000000180005b70:   48 8b 5c 24 60 48 83 c4 20 41 5f 41 5e 41 5d 41
0x0000000180005b80:   5c 5f 5e 5d c3 e8 1e 61 00 00 83 38 04 74 05 e8
0x0000000180005b90:   14 61 00 00 83 c8 ff eb d2 cc cc cc cc cc cc cc
0x0000000180005ba0:   40 53 55 56 57 41 54 41 55 48 81 ec b8 00 00 00
0x0000000180005bb0:   48 8b 05 71 85 01 00 48 33 c4 48 89 84 24 a0 00
0x0000000180005bc0:   00 00 48 8b 01 45 8b e9 41 8b f8 48 8b f2 48 8b
0x0000000180005bd0:   d9 ff 90 f8 00 00 00 4c 8b 13 4c 8d 0d 33 6f 01
0x0000000180005be0:   00 4c 8d 05 7c 6f 01 00 48 8b d0 48 8b cb 4c 8b
0x0000000180005bf0:   e0 41 ff 92 f0 02 00 00 33 ed 48 8b cb 4c 8b c0 


Stack slot to memory mapping:
stack at sp + 0 slots: 0x0 is NULL
stack at sp + 1 slots: 0x0 is NULL
stack at sp + 2 slots: 0x0 is NULL
stack at sp + 3 slots: 0x00007ffdb41f728f jvm.dll
stack at sp + 4 slots: 0x0 is NULL
stack at sp + 5 slots: 0x00000034da6fee10 is pointing into the stack for thread: 0x000001b339e7b640
stack at sp + 6 slots: 0x000001b32f02e290 is pointing into metadata
stack at sp + 7 slots: 0x0000000000000001 is an unknown value


---------------  P R O C E S S  ---------------

Threads class SMR info:
_java_thread_list=0x000001b33a2de0c0, length=21, elements={
0x000001b311b9eae0, 0x000001b32e98f620, 0x000001b32e9aadb0, 0x000001b32e9ab660,
0x000001b32e9abf10, 0x000001b32e9ac900, 0x000001b32e9b1c70, 0x000001b32e9be2e0,
0x000001b32e9d17e0, 0x000001b332c75c60, 0x000001b332c7ebf0, 0x000001b332cdc160,
0x000001b332e65970, 0x000001b332e66240, 0x000001b337a2d130, 0x000001b337c37020,
0x000001b337c4f680, 0x000001b337f9fd30, 0x000001b339e7b170, 0x000001b339e7b640,
0x000001b339e79960
}

Java Threads: ( => current thread )
  0x000001b311b9eae0 JavaThread "Reference Handler" daemon [_thread_blocked, id=16900, stack(0x00000034d8700000,0x00000034d8800000)]
  0x000001b32e98f620 JavaThread "Finalizer" daemon [_thread_blocked, id=6400, stack(0x00000034d8800000,0x00000034d8900000)]
  0x000001b32e9aadb0 JavaThread "Signal Dispatcher" daemon [_thread_blocked, id=22668, stack(0x00000034d8900000,0x00000034d8a00000)]
  0x000001b32e9ab660 JavaThread "Attach Listener" daemon [_thread_blocked, id=20932, stack(0x00000034d8a00000,0x00000034d8b00000)]
  0x000001b32e9abf10 JavaThread "Service Thread" daemon [_thread_blocked, id=18328, stack(0x00000034d8b00000,0x00000034d8c00000)]
  0x000001b32e9ac900 JavaThread "Monitor Deflation Thread" daemon [_thread_blocked, id=21512, stack(0x00000034d8c00000,0x00000034d8d00000)]
  0x000001b32e9b1c70 JavaThread "C2 CompilerThread0" daemon [_thread_blocked, id=28052, stack(0x00000034d8d00000,0x00000034d8e00000)]
  0x000001b32e9be2e0 JavaThread "C1 CompilerThread0" daemon [_thread_blocked, id=26832, stack(0x00000034d8e00000,0x00000034d8f00000)]
  0x000001b32e9d17e0 JavaThread "Sweeper thread" daemon [_thread_blocked, id=26448, stack(0x00000034d8f00000,0x00000034d9000000)]
  0x000001b332c75c60 JavaThread "Notification Thread" daemon [_thread_blocked, id=24476, stack(0x00000034d9000000,0x00000034d9100000)]
  0x000001b332c7ebf0 JavaThread "Common-Cleaner" daemon [_thread_blocked, id=24676, stack(0x00000034d9200000,0x00000034d9300000)]
  0x000001b332cdc160 JavaThread "Java2D Disposer" daemon [_thread_blocked, id=7692, stack(0x00000034d9300000,0x00000034d9400000)]
  0x000001b332e65970 JavaThread "AWT-Shutdown" [_thread_blocked, id=25236, stack(0x00000034d9400000,0x00000034d9500000)]
  0x000001b332e66240 JavaThread "AWT-Windows" daemon [_thread_in_native, id=15584, stack(0x00000034d9500000,0x00000034d9600000)]
  0x000001b337a2d130 JavaThread "AWT-EventQueue-0" [_thread_blocked, id=26848, stack(0x00000034da000000,0x00000034da100000)]
  0x000001b337c37020 JavaThread "D3D Screen Updater" daemon [_thread_blocked, id=5536, stack(0x00000034da100000,0x00000034da200000)]
  0x000001b337c4f680 JavaThread "Image Fetcher 0" daemon [_thread_blocked, id=12056, stack(0x00000034d9e00000,0x00000034d9f00000)]
  0x000001b337f9fd30 JavaThread "TimerQueue" daemon [_thread_blocked, id=25116, stack(0x00000034da300000,0x00000034da400000)]
  0x000001b339e7b170 JavaThread "Thread-0" [_thread_in_native, id=26268, stack(0x00000034da500000,0x00000034da600000)]
=>0x000001b339e7b640 JavaThread "Thread-1" [_thread_in_native, id=20724, stack(0x00000034da600000,0x00000034da700000)]
  0x000001b339e79960 JavaThread "DestroyJavaVM" [_thread_blocked, id=27524, stack(0x00000034d8000000,0x00000034d8100000)]

Other Threads:
  0x000001b311b37940 VMThread "VM Thread" [stack: 0x00000034d8600000,0x00000034d8700000] [id=4560]
  0x000001b332c7ddb0 WatcherThread "VM Periodic Task Thread" [stack: 0x00000034d9100000,0x00000034d9200000] [id=19264]
  0x000001b311b20220 WorkerThread "GC Thread#0" [stack: 0x00000034d8100000,0x00000034d8200000] [id=21884]
  0x000001b311b2ef00 ConcurrentGCThread "G1 Main Marker" [stack: 0x00000034d8200000,0x00000034d8300000] [id=21876]
  0x000001b311b30fb0 WorkerThread "G1 Conc#0" [stack: 0x00000034d8300000,0x00000034d8400000] [id=17896]
  0x000001b311b765d0 ConcurrentGCThread "G1 Refine#0" [stack: 0x00000034d8400000,0x00000034d8500000] [id=5784]
  0x000001b311b76df0 ConcurrentGCThread "G1 Service" [stack: 0x00000034d8500000,0x00000034d8600000] [id=20832]

Threads with active compile tasks:

VM state: not at safepoint (normal execution)

VM Mutex/Monitor currently owned by a thread: None

Heap address: 0x00000000a0c00000, size: 1524 MB, Compressed Oops mode: 32-bit

CDS archive(s) mapped at: [0x0000000800000000-0x0000000800ba0000-0x0000000800ba0000), size 12189696, SharedBaseAddress: 0x0000000800000000, ArchiveRelocationMode: 0.
Compressed class space mapped at: 0x0000000800c00000-0x0000000840c00000, reserved size: 1073741824
Narrow klass base: 0x0000000800000000, Narrow klass shift: 0, Narrow klass range: 0x100000000

GC Precious Log:
 CardTable entry size: 512
 Card Set container configuration: InlinePtr #cards 5 size 8 Array Of Cards #cards 12 size 40 Howl #buckets 4 coarsen threshold 1843 Howl Bitmap #cards 512 size 80 coarsen threshold 460 Card regions per heap region 1 cards per card region 2048
 CPUs: 8 total, 8 available
 Memory: 6091M
 Large Page Support: Disabled
 NUMA Support: Disabled
 Compressed Oops: Enabled (32-bit)
 Heap Region Size: 1M
 Heap Min Capacity: 8M
 Heap Initial Capacity: 96M
 Heap Max Capacity: 1524M
 Pre-touch: Disabled
 Parallel Workers: 8
 Concurrent Workers: 2
 Concurrent Refinement Workers: 8
 Periodic GC: Disabled

Heap:
 garbage-first heap   total 98304K, used 12288K [0x00000000a0c00000, 0x0000000100000000)
  region size 1024K, 13 young (13312K), 0 survivors (0K)
 Metaspace       used 8764K, committed 8960K, reserved 1114112K
  class space    used 986K, committed 1088K, reserved 1048576K

Heap Regions: E=young(eden), S=young(survivor), O=old, HS=humongous(starts), HC=humongous(continues), CS=collection set, F=free, OA=open archive, CA=closed archive, TAMS=top-at-mark-start (previous, next)
|   0|0x00000000a0c00000, 0x00000000a0c00000, 0x00000000a0d00000|  0%| F|  |TAMS 0x00000000a0c00000, 0x00000000a0c00000| Untracked 
|   1|0x00000000a0d00000, 0x00000000a0d00000, 0x00000000a0e00000|  0%| F|  |TAMS 0x00000000a0d00000, 0x00000000a0d00000| Untracked 
|   2|0x00000000a0e00000, 0x00000000a0e00000, 0x00000000a0f00000|  0%| F|  |TAMS 0x00000000a0e00000, 0x00000000a0e00000| Untracked 
|   3|0x00000000a0f00000, 0x00000000a0f00000, 0x00000000a1000000|  0%| F|  |TAMS 0x00000000a0f00000, 0x00000000a0f00000| Untracked 
|   4|0x00000000a1000000, 0x00000000a1000000, 0x00000000a1100000|  0%| F|  |TAMS 0x00000000a1000000, 0x00000000a1000000| Untracked 
|   5|0x00000000a1100000, 0x00000000a1100000, 0x00000000a1200000|  0%| F|  |TAMS 0x00000000a1100000, 0x00000000a1100000| Untracked 
|   6|0x00000000a1200000, 0x00000000a1200000, 0x00000000a1300000|  0%| F|  |TAMS 0x00000000a1200000, 0x00000000a1200000| Untracked 
|   7|0x00000000a1300000, 0x00000000a1300000, 0x00000000a1400000|  0%| F|  |TAMS 0x00000000a1300000, 0x00000000a1300000| Untracked 
|   8|0x00000000a1400000, 0x00000000a1400000, 0x00000000a1500000|  0%| F|  |TAMS 0x00000000a1400000, 0x00000000a1400000| Untracked 
|   9|0x00000000a1500000, 0x00000000a1500000, 0x00000000a1600000|  0%| F|  |TAMS 0x00000000a1500000, 0x00000000a1500000| Untracked 
|  10|0x00000000a1600000, 0x00000000a1600000, 0x00000000a1700000|  0%| F|  |TAMS 0x00000000a1600000, 0x00000000a1600000| Untracked 
|  11|0x00000000a1700000, 0x00000000a1700000, 0x00000000a1800000|  0%| F|  |TAMS 0x00000000a1700000, 0x00000000a1700000| Untracked 
|  12|0x00000000a1800000, 0x00000000a1800000, 0x00000000a1900000|  0%| F|  |TAMS 0x00000000a1800000, 0x00000000a1800000| Untracked 
|  13|0x00000000a1900000, 0x00000000a1900000, 0x00000000a1a00000|  0%| F|  |TAMS 0x00000000a1900000, 0x00000000a1900000| Untracked 
|  14|0x00000000a1a00000, 0x00000000a1a00000, 0x00000000a1b00000|  0%| F|  |TAMS 0x00000000a1a00000, 0x00000000a1a00000| Untracked 
|  15|0x00000000a1b00000, 0x00000000a1b00000, 0x00000000a1c00000|  0%| F|  |TAMS 0x00000000a1b00000, 0x00000000a1b00000| Untracked 
|  16|0x00000000a1c00000, 0x00000000a1c00000, 0x00000000a1d00000|  0%| F|  |TAMS 0x00000000a1c00000, 0x00000000a1c00000| Untracked 
|  17|0x00000000a1d00000, 0x00000000a1d00000, 0x00000000a1e00000|  0%| F|  |TAMS 0x00000000a1d00000, 0x00000000a1d00000| Untracked 
|  18|0x00000000a1e00000, 0x00000000a1e00000, 0x00000000a1f00000|  0%| F|  |TAMS 0x00000000a1e00000, 0x00000000a1e00000| Untracked 
|  19|0x00000000a1f00000, 0x00000000a1f00000, 0x00000000a2000000|  0%| F|  |TAMS 0x00000000a1f00000, 0x00000000a1f00000| Untracked 
|  20|0x00000000a2000000, 0x00000000a2000000, 0x00000000a2100000|  0%| F|  |TAMS 0x00000000a2000000, 0x00000000a2000000| Untracked 
|  21|0x00000000a2100000, 0x00000000a2100000, 0x00000000a2200000|  0%| F|  |TAMS 0x00000000a2100000, 0x00000000a2100000| Untracked 
|  22|0x00000000a2200000, 0x00000000a2200000, 0x00000000a2300000|  0%| F|  |TAMS 0x00000000a2200000, 0x00000000a2200000| Untracked 
|  23|0x00000000a2300000, 0x00000000a2300000, 0x00000000a2400000|  0%| F|  |TAMS 0x00000000a2300000, 0x00000000a2300000| Untracked 
|  24|0x00000000a2400000, 0x00000000a2400000, 0x00000000a2500000|  0%| F|  |TAMS 0x00000000a2400000, 0x00000000a2400000| Untracked 
|  25|0x00000000a2500000, 0x00000000a2500000, 0x00000000a2600000|  0%| F|  |TAMS 0x00000000a2500000, 0x00000000a2500000| Untracked 
|  26|0x00000000a2600000, 0x00000000a2600000, 0x00000000a2700000|  0%| F|  |TAMS 0x00000000a2600000, 0x00000000a2600000| Untracked 
|  27|0x00000000a2700000, 0x00000000a2700000, 0x00000000a2800000|  0%| F|  |TAMS 0x00000000a2700000, 0x00000000a2700000| Untracked 
|  28|0x00000000a2800000, 0x00000000a2800000, 0x00000000a2900000|  0%| F|  |TAMS 0x00000000a2800000, 0x00000000a2800000| Untracked 
|  29|0x00000000a2900000, 0x00000000a2900000, 0x00000000a2a00000|  0%| F|  |TAMS 0x00000000a2900000, 0x00000000a2900000| Untracked 
|  30|0x00000000a2a00000, 0x00000000a2a00000, 0x00000000a2b00000|  0%| F|  |TAMS 0x00000000a2a00000, 0x00000000a2a00000| Untracked 
|  31|0x00000000a2b00000, 0x00000000a2b00000, 0x00000000a2c00000|  0%| F|  |TAMS 0x00000000a2b00000, 0x00000000a2b00000| Untracked 
|  32|0x00000000a2c00000, 0x00000000a2c00000, 0x00000000a2d00000|  0%| F|  |TAMS 0x00000000a2c00000, 0x00000000a2c00000| Untracked 
|  33|0x00000000a2d00000, 0x00000000a2d00000, 0x00000000a2e00000|  0%| F|  |TAMS 0x00000000a2d00000, 0x00000000a2d00000| Untracked 
|  34|0x00000000a2e00000, 0x00000000a2e00000, 0x00000000a2f00000|  0%| F|  |TAMS 0x00000000a2e00000, 0x00000000a2e00000| Untracked 
|  35|0x00000000a2f00000, 0x00000000a2f00000, 0x00000000a3000000|  0%| F|  |TAMS 0x00000000a2f00000, 0x00000000a2f00000| Untracked 
|  36|0x00000000a3000000, 0x00000000a3000000, 0x00000000a3100000|  0%| F|  |TAMS 0x00000000a3000000, 0x00000000a3000000| Untracked 
|  37|0x00000000a3100000, 0x00000000a3100000, 0x00000000a3200000|  0%| F|  |TAMS 0x00000000a3100000, 0x00000000a3100000| Untracked 
|  38|0x00000000a3200000, 0x00000000a3200000, 0x00000000a3300000|  0%| F|  |TAMS 0x00000000a3200000, 0x00000000a3200000| Untracked 
|  39|0x00000000a3300000, 0x00000000a3300000, 0x00000000a3400000|  0%| F|  |TAMS 0x00000000a3300000, 0x00000000a3300000| Untracked 
|  40|0x00000000a3400000, 0x00000000a3400000, 0x00000000a3500000|  0%| F|  |TAMS 0x00000000a3400000, 0x00000000a3400000| Untracked 
|  41|0x00000000a3500000, 0x00000000a3500000, 0x00000000a3600000|  0%| F|  |TAMS 0x00000000a3500000, 0x00000000a3500000| Untracked 
|  42|0x00000000a3600000, 0x00000000a3600000, 0x00000000a3700000|  0%| F|  |TAMS 0x00000000a3600000, 0x00000000a3600000| Untracked 
|  43|0x00000000a3700000, 0x00000000a3700000, 0x00000000a3800000|  0%| F|  |TAMS 0x00000000a3700000, 0x00000000a3700000| Untracked 
|  44|0x00000000a3800000, 0x00000000a3800000, 0x00000000a3900000|  0%| F|  |TAMS 0x00000000a3800000, 0x00000000a3800000| Untracked 
|  45|0x00000000a3900000, 0x00000000a3900000, 0x00000000a3a00000|  0%| F|  |TAMS 0x00000000a3900000, 0x00000000a3900000| Untracked 
|  46|0x00000000a3a00000, 0x00000000a3a00000, 0x00000000a3b00000|  0%| F|  |TAMS 0x00000000a3a00000, 0x00000000a3a00000| Untracked 
|  47|0x00000000a3b00000, 0x00000000a3b00000, 0x00000000a3c00000|  0%| F|  |TAMS 0x00000000a3b00000, 0x00000000a3b00000| Untracked 
|  48|0x00000000a3c00000, 0x00000000a3c00000, 0x00000000a3d00000|  0%| F|  |TAMS 0x00000000a3c00000, 0x00000000a3c00000| Untracked 
|  49|0x00000000a3d00000, 0x00000000a3d00000, 0x00000000a3e00000|  0%| F|  |TAMS 0x00000000a3d00000, 0x00000000a3d00000| Untracked 
|  50|0x00000000a3e00000, 0x00000000a3e00000, 0x00000000a3f00000|  0%| F|  |TAMS 0x00000000a3e00000, 0x00000000a3e00000| Untracked 
|  51|0x00000000a3f00000, 0x00000000a3f00000, 0x00000000a4000000|  0%| F|  |TAMS 0x00000000a3f00000, 0x00000000a3f00000| Untracked 
|  52|0x00000000a4000000, 0x00000000a4000000, 0x00000000a4100000|  0%| F|  |TAMS 0x00000000a4000000, 0x00000000a4000000| Untracked 
|  53|0x00000000a4100000, 0x00000000a4100000, 0x00000000a4200000|  0%| F|  |TAMS 0x00000000a4100000, 0x00000000a4100000| Untracked 
|  54|0x00000000a4200000, 0x00000000a4200000, 0x00000000a4300000|  0%| F|  |TAMS 0x00000000a4200000, 0x00000000a4200000| Untracked 
|  55|0x00000000a4300000, 0x00000000a4300000, 0x00000000a4400000|  0%| F|  |TAMS 0x00000000a4300000, 0x00000000a4300000| Untracked 
|  56|0x00000000a4400000, 0x00000000a4400000, 0x00000000a4500000|  0%| F|  |TAMS 0x00000000a4400000, 0x00000000a4400000| Untracked 
|  57|0x00000000a4500000, 0x00000000a4500000, 0x00000000a4600000|  0%| F|  |TAMS 0x00000000a4500000, 0x00000000a4500000| Untracked 
|  58|0x00000000a4600000, 0x00000000a4600000, 0x00000000a4700000|  0%| F|  |TAMS 0x00000000a4600000, 0x00000000a4600000| Untracked 
|  59|0x00000000a4700000, 0x00000000a4700000, 0x00000000a4800000|  0%| F|  |TAMS 0x00000000a4700000, 0x00000000a4700000| Untracked 
|  60|0x00000000a4800000, 0x00000000a4800000, 0x00000000a4900000|  0%| F|  |TAMS 0x00000000a4800000, 0x00000000a4800000| Untracked 
|  61|0x00000000a4900000, 0x00000000a4900000, 0x00000000a4a00000|  0%| F|  |TAMS 0x00000000a4900000, 0x00000000a4900000| Untracked 
|  62|0x00000000a4a00000, 0x00000000a4a00000, 0x00000000a4b00000|  0%| F|  |TAMS 0x00000000a4a00000, 0x00000000a4a00000| Untracked 
|  63|0x00000000a4b00000, 0x00000000a4b00000, 0x00000000a4c00000|  0%| F|  |TAMS 0x00000000a4b00000, 0x00000000a4b00000| Untracked 
|  64|0x00000000a4c00000, 0x00000000a4c00000, 0x00000000a4d00000|  0%| F|  |TAMS 0x00000000a4c00000, 0x00000000a4c00000| Untracked 
|  65|0x00000000a4d00000, 0x00000000a4d00000, 0x00000000a4e00000|  0%| F|  |TAMS 0x00000000a4d00000, 0x00000000a4d00000| Untracked 
|  66|0x00000000a4e00000, 0x00000000a4e00000, 0x00000000a4f00000|  0%| F|  |TAMS 0x00000000a4e00000, 0x00000000a4e00000| Untracked 
|  67|0x00000000a4f00000, 0x00000000a4f00000, 0x00000000a5000000|  0%| F|  |TAMS 0x00000000a4f00000, 0x00000000a4f00000| Untracked 
|  68|0x00000000a5000000, 0x00000000a5000000, 0x00000000a5100000|  0%| F|  |TAMS 0x00000000a5000000, 0x00000000a5000000| Untracked 
|  69|0x00000000a5100000, 0x00000000a5100000, 0x00000000a5200000|  0%| F|  |TAMS 0x00000000a5100000, 0x00000000a5100000| Untracked 
|  70|0x00000000a5200000, 0x00000000a5200000, 0x00000000a5300000|  0%| F|  |TAMS 0x00000000a5200000, 0x00000000a5200000| Untracked 
|  71|0x00000000a5300000, 0x00000000a5300000, 0x00000000a5400000|  0%| F|  |TAMS 0x00000000a5300000, 0x00000000a5300000| Untracked 
|  72|0x00000000a5400000, 0x00000000a5400000, 0x00000000a5500000|  0%| F|  |TAMS 0x00000000a5400000, 0x00000000a5400000| Untracked 
|  73|0x00000000a5500000, 0x00000000a5500000, 0x00000000a5600000|  0%| F|  |TAMS 0x00000000a5500000, 0x00000000a5500000| Untracked 
|  74|0x00000000a5600000, 0x00000000a5600000, 0x00000000a5700000|  0%| F|  |TAMS 0x00000000a5600000, 0x00000000a5600000| Untracked 
|  75|0x00000000a5700000, 0x00000000a5700000, 0x00000000a5800000|  0%| F|  |TAMS 0x00000000a5700000, 0x00000000a5700000| Untracked 
|  76|0x00000000a5800000, 0x00000000a5800000, 0x00000000a5900000|  0%| F|  |TAMS 0x00000000a5800000, 0x00000000a5800000| Untracked 
|  77|0x00000000a5900000, 0x00000000a5900000, 0x00000000a5a00000|  0%| F|  |TAMS 0x00000000a5900000, 0x00000000a5900000| Untracked 
|  78|0x00000000a5a00000, 0x00000000a5a00000, 0x00000000a5b00000|  0%| F|  |TAMS 0x00000000a5a00000, 0x00000000a5a00000| Untracked 
|  79|0x00000000a5b00000, 0x00000000a5b00000, 0x00000000a5c00000|  0%| F|  |TAMS 0x00000000a5b00000, 0x00000000a5b00000| Untracked 
|  80|0x00000000a5c00000, 0x00000000a5c00000, 0x00000000a5d00000|  0%| F|  |TAMS 0x00000000a5c00000, 0x00000000a5c00000| Untracked 
|  81|0x00000000a5d00000, 0x00000000a5d00000, 0x00000000a5e00000|  0%| F|  |TAMS 0x00000000a5d00000, 0x00000000a5d00000| Untracked 
|  82|0x00000000a5e00000, 0x00000000a5e00000, 0x00000000a5f00000|  0%| F|  |TAMS 0x00000000a5e00000, 0x00000000a5e00000| Untracked 
|  83|0x00000000a5f00000, 0x00000000a5f76438, 0x00000000a6000000| 46%| E|  |TAMS 0x00000000a5f00000, 0x00000000a5f00000| Complete 
|  84|0x00000000a6000000, 0x00000000a6100000, 0x00000000a6100000|100%| E|CS|TAMS 0x00000000a6000000, 0x00000000a6000000| Complete 
|  85|0x00000000a6100000, 0x00000000a6200000, 0x00000000a6200000|100%| E|CS|TAMS 0x00000000a6100000, 0x00000000a6100000| Complete 
|  86|0x00000000a6200000, 0x00000000a6300000, 0x00000000a6300000|100%| E|CS|TAMS 0x00000000a6200000, 0x00000000a6200000| Complete 
|  87|0x00000000a6300000, 0x00000000a6400000, 0x00000000a6400000|100%| E|CS|TAMS 0x00000000a6300000, 0x00000000a6300000| Complete 
|  88|0x00000000a6400000, 0x00000000a6500000, 0x00000000a6500000|100%| E|CS|TAMS 0x00000000a6400000, 0x00000000a6400000| Complete 
|  89|0x00000000a6500000, 0x00000000a6600000, 0x00000000a6600000|100%| E|CS|TAMS 0x00000000a6500000, 0x00000000a6500000| Complete 
|  90|0x00000000a6600000, 0x00000000a6700000, 0x00000000a6700000|100%| E|CS|TAMS 0x00000000a6600000, 0x00000000a6600000| Complete 
|  91|0x00000000a6700000, 0x00000000a6800000, 0x00000000a6800000|100%| E|CS|TAMS 0x00000000a6700000, 0x00000000a6700000| Complete 
|  92|0x00000000a6800000, 0x00000000a6900000, 0x00000000a6900000|100%| E|CS|TAMS 0x00000000a6800000, 0x00000000a6800000| Complete 
|  93|0x00000000a6900000, 0x00000000a6a00000, 0x00000000a6a00000|100%| E|CS|TAMS 0x00000000a6900000, 0x00000000a6900000| Complete 
|  94|0x00000000a6a00000, 0x00000000a6b00000, 0x00000000a6b00000|100%| E|CS|TAMS 0x00000000a6a00000, 0x00000000a6a00000| Complete 
|  95|0x00000000a6b00000, 0x00000000a6c00000, 0x00000000a6c00000|100%| E|CS|TAMS 0x00000000a6b00000, 0x00000000a6b00000| Complete 

Card table byte_map: [0x000001b328a40000,0x000001b328d40000] _byte_map_base: 0x000001b32853a000

Marking Bits (Prev, Next): (CMBitMap*) 0x000001b311b22750, (CMBitMap*) 0x000001b311b22790
 Prev Bits: [0x000001b329040000, 0x000001b32a810000)
 Next Bits: [0x000001b32a810000, 0x000001b32bfe0000)

Polling page: 0x000001b30f960000

Metaspace:

Usage:
  Non-class:      7.60 MB used.
      Class:    986.40 KB used.
       Both:      8.56 MB used.

Virtual space:
  Non-class space:       64.00 MB reserved,       7.69 MB ( 12%) committed,  1 nodes.
      Class space:        1.00 GB reserved,       1.06 MB ( <1%) committed,  1 nodes.
             Both:        1.06 GB reserved,       8.75 MB ( <1%) committed. 

Chunk freelists:
   Non-Class:  206.00 KB
       Class:  3.00 MB
        Both:  3.20 MB

MaxMetaspaceSize: unlimited
CompressedClassSpaceSize: 1.00 GB
Initial GC threshold: 21.00 MB
Current GC threshold: 21.00 MB
CDS: on
MetaspaceReclaimPolicy: balanced
 - commit_granule_bytes: 65536.
 - commit_granule_words: 8192.
 - virtual_space_node_default_size: 8388608.
 - enlarge_chunks_in_place: 1.
 - new_chunks_are_fully_committed: 0.
 - uncommit_free_chunks: 1.
 - use_allocation_guard: 0.


Internal statistics:

num_allocs_failed_limit: 0.
num_arena_births: 128.
num_arena_deaths: 0.
num_vsnodes_births: 2.
num_vsnodes_deaths: 0.
num_space_committed: 140.
num_space_uncommitted: 0.
num_chunks_returned_to_freelist: 0.
num_chunks_taken_from_freelist: 196.
num_chunk_merges: 0.
num_chunk_splits: 104.
num_chunks_enlarged: 28.
num_inconsistent_stats: 0.

CodeHeap 'non-profiled nmethods': size=120000Kb used=371Kb max_used=371Kb free=119628Kb
 bounds [0x000001b320ee0000, 0x000001b321150000, 0x000001b328410000]
CodeHeap 'profiled nmethods': size=120000Kb used=2118Kb max_used=2118Kb free=117881Kb
 bounds [0x000001b3199b0000, 0x000001b319c20000, 0x000001b320ee0000]
CodeHeap 'non-nmethods': size=5760Kb used=1306Kb max_used=1337Kb free=4454Kb
 bounds [0x000001b319410000, 0x000001b319680000, 0x000001b3199b0000]
 total_blobs=1816 nmethods=1188 adapters=541
 compilation: enabled
              stopped_count=0, restarted_count=0
 full_count=0

Compilation events (20 events):
Event: 11.412 Thread 0x000001b32e9be2e0 1178       3       java.lang.StringLatin1::toUpperCase (186 bytes)
Event: 11.413 Thread 0x000001b32e9be2e0 nmethod 1178 0x000001b319bb5d10 code [0x000001b319bb5f80, 0x000001b319bb6ab8]
Event: 11.413 Thread 0x000001b32e9be2e0 1177       3       java.lang.String::regionMatches (189 bytes)
Event: 11.415 Thread 0x000001b32e9be2e0 nmethod 1177 0x000001b319bb6e90 code [0x000001b319bb70e0, 0x000001b319bb7db8]
Event: 11.415 Thread 0x000001b32e9be2e0 1179       3       java.lang.CharacterDataLatin1::toUpperCase (53 bytes)
Event: 11.415 Thread 0x000001b32e9be2e0 nmethod 1179 0x000001b319bb8210 code [0x000001b319bb83c0, 0x000001b319bb8658]
Event: 11.483 Thread 0x000001b32e9be2e0 1180       3       javax.swing.SwingUtilities::computeIntersection (189 bytes)
Event: 11.483 Thread 0x000001b32e9be2e0 nmethod 1180 0x000001b319bb8790 code [0x000001b319bb8940, 0x000001b319bb8c38]
Event: 11.484 Thread 0x000001b32e9be2e0 1181  s    3       sun.java2d.d3d.D3DRenderQueue::getInstance (33 bytes)
Event: 11.485 Thread 0x000001b32e9be2e0 nmethod 1181 0x000001b319bb8d10 code [0x000001b319bb8f60, 0x000001b319bb9ab8]
Event: 11.486 Thread 0x000001b32e9be2e0 1182       3       java.awt.Insets::<init> (26 bytes)
Event: 11.486 Thread 0x000001b32e9be2e0 nmethod 1182 0x000001b319bb9e90 code [0x000001b319bba020, 0x000001b319bba198]
Event: 11.486 Thread 0x000001b32e9be2e0 1183       3       sun.java2d.SunGraphics2D::transformShape (97 bytes)
Event: 11.487 Thread 0x000001b32e9be2e0 nmethod 1183 0x000001b319bba290 code [0x000001b319bba540, 0x000001b319bbb3d8]
Event: 11.487 Thread 0x000001b32e9be2e0 1185       3       sun.java2d.pipe.BufferedContext::validate (575 bytes)
Event: 11.494 Thread 0x000001b32e9be2e0 nmethod 1185 0x000001b319bbb790 code [0x000001b319bbbd40, 0x000001b319bbf7f8]
Event: 11.495 Thread 0x000001b32e9be2e0 1186       3       sun.java2d.pipe.RenderBuffer::position (11 bytes)
Event: 11.495 Thread 0x000001b32e9be2e0 nmethod 1186 0x000001b319bc0a90 code [0x000001b319bc0c20, 0x000001b319bc0d38]
Event: 11.495 Thread 0x000001b32e9be2e0 1184       3       sun.java2d.SunGraphics2D::setFont (105 bytes)
Event: 11.496 Thread 0x000001b32e9be2e0 nmethod 1184 0x000001b319bc0e10 code [0x000001b319bc1000, 0x000001b319bc1898]

GC Heap History (0 events):
No events

Deoptimization events (20 events):
Event: 9.812 Thread 0x000001b337a2d130 Uncommon trap: trap_request=0xffffffde fr.pc=0x000001b320efc528 relative=0x00000000000001a8
Event: 9.812 Thread 0x000001b337a2d130 Uncommon trap: reason=class_check action=maybe_recompile pc=0x000001b320efc528 method=java.lang.String.equals(Ljava/lang/Object;)Z @ 8 c2
Event: 9.812 Thread 0x000001b337a2d130 DEOPT PACKING pc=0x000001b320efc528 sp=0x00000034da0fd320
Event: 9.812 Thread 0x000001b337a2d130 DEOPT UNPACKING pc=0x000001b3194623a3 sp=0x00000034da0fd2b8 mode 2
Event: 9.829 Thread 0x000001b337a2d130 Uncommon trap: trap_request=0xffffffde fr.pc=0x000001b320efc528 relative=0x00000000000001a8
Event: 9.829 Thread 0x000001b337a2d130 Uncommon trap: reason=class_check action=maybe_recompile pc=0x000001b320efc528 method=java.lang.String.equals(Ljava/lang/Object;)Z @ 8 c2
Event: 9.829 Thread 0x000001b337a2d130 DEOPT PACKING pc=0x000001b320efc528 sp=0x00000034da0fd340
Event: 9.829 Thread 0x000001b337a2d130 DEOPT UNPACKING pc=0x000001b3194623a3 sp=0x00000034da0fd2d8 mode 2
Event: 9.830 Thread 0x000001b337a2d130 Uncommon trap: trap_request=0xffffff45 fr.pc=0x000001b320f047d8 relative=0x00000000000004b8
Event: 9.830 Thread 0x000001b337a2d130 Uncommon trap: reason=unstable_if action=reinterpret pc=0x000001b320f047d8 method=java.lang.StringLatin1.newString([BII)Ljava/lang/String; @ 1 c2
Event: 9.830 Thread 0x000001b337a2d130 DEOPT PACKING pc=0x000001b320f047d8 sp=0x00000034da0fd480
Event: 9.830 Thread 0x000001b337a2d130 DEOPT UNPACKING pc=0x000001b3194623a3 sp=0x00000034da0fd3e0 mode 2
Event: 9.831 Thread 0x000001b337a2d130 Uncommon trap: trap_request=0xffffffde fr.pc=0x000001b320efc528 relative=0x00000000000001a8
Event: 9.831 Thread 0x000001b337a2d130 Uncommon trap: reason=class_check action=maybe_recompile pc=0x000001b320efc528 method=java.lang.String.equals(Ljava/lang/Object;)Z @ 8 c2
Event: 9.831 Thread 0x000001b337a2d130 DEOPT PACKING pc=0x000001b320efc528 sp=0x00000034da0fd320
Event: 9.831 Thread 0x000001b337a2d130 DEOPT UNPACKING pc=0x000001b3194623a3 sp=0x00000034da0fd2b8 mode 2
Event: 9.834 Thread 0x000001b337a2d130 Uncommon trap: trap_request=0xffffffde fr.pc=0x000001b320efc528 relative=0x00000000000001a8
Event: 9.834 Thread 0x000001b337a2d130 Uncommon trap: reason=class_check action=maybe_recompile pc=0x000001b320efc528 method=java.lang.String.equals(Ljava/lang/Object;)Z @ 8 c2
Event: 9.834 Thread 0x000001b337a2d130 DEOPT PACKING pc=0x000001b320efc528 sp=0x00000034da0fd340
Event: 9.834 Thread 0x000001b337a2d130 DEOPT UNPACKING pc=0x000001b3194623a3 sp=0x00000034da0fd2d8 mode 2

Classes loaded (20 events):
Event: 11.137 Loading class javax/swing/event/CaretListener
Event: 11.137 Loading class javax/swing/event/CaretListener done
Event: 11.137 Loading class javax/swing/text/DefaultCaret$1
Event: 11.138 Loading class javax/swing/text/DefaultCaret$1 done
Event: 11.138 Loading class javax/swing/event/UndoableEditEvent
Event: 11.138 Loading class javax/swing/event/UndoableEditEvent done
Event: 11.138 Loading class javax/swing/text/AbstractDocument$DefaultDocumentEventUndoableWrapper
Event: 11.139 Loading class sun/swing/text/UndoableEditLockSupport
Event: 11.139 Loading class sun/swing/text/UndoableEditLockSupport done
Event: 11.139 Loading class javax/swing/text/AbstractDocument$DefaultDocumentEventUndoableWrapper done
Event: 11.139 Loading class javax/swing/event/UndoableEditListener
Event: 11.139 Loading class javax/swing/event/UndoableEditListener done
Event: 11.140 Loading class javax/swing/RepaintManager$3
Event: 11.140 Loading class javax/swing/RepaintManager$3 done
Event: 11.415 Loading class java/util/TooManyListenersException
Event: 11.415 Loading class java/util/TooManyListenersException done
Event: 11.416 Loading class java/lang/NumberFormatException
Event: 11.416 Loading class java/lang/NumberFormatException done
Event: 11.418 Loading class java/lang/IndexOutOfBoundsException
Event: 11.418 Loading class java/lang/IndexOutOfBoundsException done

Classes unloaded (0 events):
No events

Classes redefined (0 events):
No events

Internal exceptions (16 events):
Event: 0.205 Thread 0x000001b311acf5f0 Exception <a 'java/lang/ClassNotFoundException'{0x00000000a6a5e2e0}: sun/awt/resources/spi/awtProvider> (0x00000000a6a5e2e0) 
thrown [s\open\src\hotspot\share\classfile\systemDictionary.cpp, line 255]
Event: 0.250 Thread 0x000001b311acf5f0 Exception <a 'java/io/FileNotFoundException'{0x00000000a6ab3698}> (0x00000000a6ab3698) 
thrown [s\open\src\hotspot\share\prims\jni.cpp, line 516]
Event: 0.264 Thread 0x000001b311acf5f0 Exception <a 'java/io/FileNotFoundException'{0x00000000a6ae0698}> (0x00000000a6ae0698) 
thrown [s\open\src\hotspot\share\prims\jni.cpp, line 516]
Event: 0.338 Thread 0x000001b311acf5f0 Exception <a 'java/lang/NoSuchMethodError'{0x00000000a692b410}: 'java.lang.Object java.lang.invoke.DirectMethodHandle$Holder.invokeStaticInit(java.lang.Object)'> (0x00000000a692b410) 
thrown [s\open\src\hotspot\share\interpreter\linkResolver.cpp, line 759]
Event: 0.505 Thread 0x000001b311acf5f0 Exception <a 'java/lang/NoSuchMethodError'{0x00000000a6975b10}: 'void java.lang.invoke.DirectMethodHandle$Holder.invokeSpecial(java.lang.Object, java.lang.Object, java.lang.Object)'> (0x00000000a6975b10) 
thrown [s\open\src\hotspot\share\interpreter\linkResolver.cpp, line 759]
Event: 0.526 Thread 0x000001b311acf5f0 Exception <a 'java/lang/NoSuchMethodError'{0x00000000a6816eb0}: 'java.lang.Object java.lang.invoke.DirectMethodHandle$Holder.newInvokeSpecial(java.lang.Object, java.lang.Object, java.lang.Object, java.lang.Object, java.lang.Object)'> (0x00000000a6816eb0) 
thrown [s\open\src\hotspot\share\interpreter\linkResolver.cpp, line 759]
Event: 0.534 Thread 0x000001b311acf5f0 Exception <a 'java/lang/NoSuchMethodError'{0x00000000a68489c0}: 'java.lang.Object java.lang.invoke.DirectMethodHandle$Holder.invokeStatic(java.lang.Object, int, java.lang.Object)'> (0x00000000a68489c0) 
thrown [s\open\src\hotspot\share\interpreter\linkResolver.cpp, line 759]
Event: 0.579 Thread 0x000001b311acf5f0 Exception <a 'java/lang/ClassNotFoundException'{0x00000000a6705e40}: com/sun/swing/internal/plaf/metal/resources/spi/metalProvider> (0x00000000a6705e40) 
thrown [s\open\src\hotspot\share\classfile\systemDictionary.cpp, line 255]
Event: 0.581 Thread 0x000001b311acf5f0 Exception <a 'java/lang/ClassNotFoundException'{0x00000000a6709e78}: com/sun/swing/internal/plaf/basic/resources/spi/basicProvider> (0x00000000a6709e78) 
thrown [s\open\src\hotspot\share\classfile\systemDictionary.cpp, line 255]
Event: 0.596 Thread 0x000001b311acf5f0 Exception <a 'java/lang/NoSuchMethodError'{0x00000000a672a980}: 'int java.lang.invoke.Invokers$Holder.invokeExact_MT(java.lang.Object, java.lang.Object)'> (0x00000000a672a980) 
thrown [s\open\src\hotspot\share\interpreter\linkResolver.cpp, line 759]
Event: 0.701 Thread 0x000001b3379049b0 Exception <a 'java/lang/NoSuchMethodError'{0x00000000a66fad58}: 'java.lang.Object java.lang.invoke.DirectMethodHandle$Holder.newInvokeSpecial(java.lang.Object, java.lang.Object, java.lang.Object, int, int, int, int, int)'> (0x00000000a66fad58) 
thrown [s\open\src\hotspot\share\interpreter\linkResolver.cpp, line 759]
Event: 0.818 Thread 0x000001b332e66240 Exception <a 'java/lang/NoSuchMethodError'{0x00000000a6985cb8}: 'void java.lang.invoke.DirectMethodHandle$Holder.invokeVirtual(java.lang.Object, java.lang.Object)'> (0x00000000a6985cb8) 
thrown [s\open\src\hotspot\share\interpreter\linkResolver.cpp, line 759]
Event: 0.846 Thread 0x000001b311acf5f0 Exception <a 'java/lang/NoSuchMethodError'{0x00000000a6769398}: 'void java.lang.invoke.DirectMethodHandle$Holder.invokeStaticInit(java.lang.Object)'> (0x00000000a6769398) 
thrown [s\open\src\hotspot\share\interpreter\linkResolver.cpp, line 759]
Event: 0.963 Thread 0x000001b311acf5f0 Exception <a 'java/io/FileNotFoundException'{0x00000000a63de290}> (0x00000000a63de290) 
thrown [s\open\src\hotspot\share\prims\jni.cpp, line 516]
Event: 11.411 Thread 0x000001b311acf5f0 Exception <a 'java/io/FileNotFoundException'{0x00000000a6003b18}> (0x00000000a6003b18) 
thrown [s\open\src\hotspot\share\prims\jni.cpp, line 516]
Event: 11.566 Thread 0x000001b311acf5f0 Exception <a 'java/lang/NoSuchMethodError'{0x00000000a601c870}: 'void java.lang.invoke.DirectMethodHandle$Holder.invokeStatic(java.lang.Object, java.lang.Object)'> (0x00000000a601c870) 
thrown [s\open\src\hotspot\share\interpreter\linkResolver.cpp, line 759]

VM Operations (20 events):
Event: 1.031 Executing VM operation: HandshakeAllThreads
Event: 1.031 Executing VM operation: HandshakeAllThreads done
Event: 2.035 Executing VM operation: Cleanup
Event: 2.035 Executing VM operation: Cleanup done
Event: 3.037 Executing VM operation: Cleanup
Event: 3.038 Executing VM operation: Cleanup done
Event: 4.050 Executing VM operation: Cleanup
Event: 4.050 Executing VM operation: Cleanup done
Event: 5.052 Executing VM operation: Cleanup
Event: 5.052 Executing VM operation: Cleanup done
Event: 9.076 Executing VM operation: Cleanup
Event: 9.076 Executing VM operation: Cleanup done
Event: 9.637 Executing VM operation: HandshakeAllThreads
Event: 9.638 Executing VM operation: HandshakeAllThreads done
Event: 9.648 Executing VM operation: HandshakeAllThreads
Event: 9.648 Executing VM operation: HandshakeAllThreads done
Event: 9.712 Executing VM operation: HandshakeAllThreads
Event: 9.712 Executing VM operation: HandshakeAllThreads done
Event: 10.712 Executing VM operation: Cleanup
Event: 10.712 Executing VM operation: Cleanup done

Events (20 events):
Event: 0.340 Thread 0x000001b332cdc160 Thread added: 0x000001b332cdc160
Event: 0.342 Thread 0x000001b332e65970 Thread added: 0x000001b332e65970
Event: 0.344 Thread 0x000001b332e66240 Thread added: 0x000001b332e66240
Event: 0.611 Thread 0x000001b3379049b0 Thread added: 0x000001b3379049b0
Event: 0.662 Thread 0x000001b337952200 Thread added: 0x000001b337952200
Event: 0.821 Thread 0x000001b337a2d130 Thread added: 0x000001b337a2d130
Event: 0.856 Loaded shared library C:\Program Files\Java\jdk-18.0.2.1\bin\freetype.dll
Event: 0.858 Loaded shared library C:\Program Files\Java\jdk-18.0.2.1\bin\fontmanager.dll
Event: 0.959 Thread 0x000001b337c37020 Thread added: 0x000001b337c37020
Event: 0.960 Loaded shared library C:\JavaRXTX\x64\rxtxSerial.dll
Event: 1.147 Thread 0x000001b337952200 Thread exited: 0x000001b337952200
Event: 5.797 Thread 0x000001b3379049b0 Thread exited: 0x000001b3379049b0
Event: 9.606 Thread 0x000001b337c4f680 Thread added: 0x000001b337c4f680
Event: 9.703 Thread 0x000001b339ec9690 Thread added: 0x000001b339ec9690
Event: 9.833 Thread 0x000001b339ec9690 Thread exited: 0x000001b339ec9690
Event: 9.891 Thread 0x000001b337f9fd30 Thread added: 0x000001b337f9fd30
Event: 11.533 Thread 0x000001b339e7b170 Thread added: 0x000001b339e7b170
Event: 11.568 Thread 0x000001b339e7b640 Thread added: 0x000001b339e7b640
Event: 11.568 Thread 0x000001b311acf5f0 Thread exited: 0x000001b311acf5f0
Event: 11.568 Thread 0x000001b339e79960 Thread added: 0x000001b339e79960


Dynamic libraries:
0x00007ff72f290000 - 0x00007ff72f2a0000 	C:\Program Files\Java\jdk-18.0.2.1\bin\java.exe
0x00007ffdf97b0000 - 0x00007ffdf99a8000 	C:\WINDOWS\SYSTEM32\ntdll.dll
0x00007ffdf7f60000 - 0x00007ffdf801f000 	C:\WINDOWS\System32\KERNEL32.DLL
0x00007ffdf73f0000 - 0x00007ffdf76e6000 	C:\WINDOWS\System32\KERNELBASE.dll
0x00007ffdf6ff0000 - 0x00007ffdf70f0000 	C:\WINDOWS\System32\ucrtbase.dll
0x00007ffde8db0000 - 0x00007ffde8dca000 	C:\Program Files\Java\jdk-18.0.2.1\bin\VCRUNTIME140.dll
0x00007ffde8830000 - 0x00007ffde8848000 	C:\Program Files\Java\jdk-18.0.2.1\bin\jli.dll
0x00007ffdf9510000 - 0x00007ffdf95bf000 	C:\WINDOWS\System32\ADVAPI32.dll
0x00007ffdf8600000 - 0x00007ffdf869e000 	C:\WINDOWS\System32\msvcrt.dll
0x00007ffdf8ed0000 - 0x00007ffdf8f6c000 	C:\WINDOWS\System32\sechost.dll
0x00007ffdf8160000 - 0x00007ffdf8286000 	C:\WINDOWS\System32\RPCRT4.dll
0x00007ffdf7c20000 - 0x00007ffdf7dbd000 	C:\WINDOWS\System32\USER32.dll
0x00007ffdf6e90000 - 0x00007ffdf6eb2000 	C:\WINDOWS\System32\win32u.dll
0x00007ffdf7b80000 - 0x00007ffdf7bac000 	C:\WINDOWS\System32\GDI32.dll
0x00007ffde6120000 - 0x00007ffde63ba000 	C:\WINDOWS\WinSxS\amd64_microsoft.windows.common-controls_6595b64144ccf1df_6.0.19041.1110_none_60b5254171f9507e\COMCTL32.dll
0x00007ffdf7140000 - 0x00007ffdf7255000 	C:\WINDOWS\System32\gdi32full.dll
0x00007ffdf6f50000 - 0x00007ffdf6fed000 	C:\WINDOWS\System32\msvcp_win.dll
0x00007ffdee920000 - 0x00007ffdee92a000 	C:\WINDOWS\SYSTEM32\VERSION.dll
0x00007ffdf95c0000 - 0x00007ffdf95f0000 	C:\WINDOWS\System32\IMM32.DLL
0x00007ffde78e0000 - 0x00007ffde78ec000 	C:\Program Files\Java\jdk-18.0.2.1\bin\vcruntime140_1.dll
0x00007ffdbcf20000 - 0x00007ffdbcfad000 	C:\Program Files\Java\jdk-18.0.2.1\bin\msvcp140.dll
0x00007ffdb3df0000 - 0x00007ffdb4a01000 	C:\Program Files\Java\jdk-18.0.2.1\bin\server\jvm.dll
0x00007ffdf7b70000 - 0x00007ffdf7b78000 	C:\WINDOWS\System32\PSAPI.DLL
0x00007ffdef1e0000 - 0x00007ffdef1e9000 	C:\WINDOWS\SYSTEM32\WSOCK32.dll
0x00007ffded770000 - 0x00007ffded797000 	C:\WINDOWS\SYSTEM32\WINMM.dll
0x00007ffdf7bb0000 - 0x00007ffdf7c1b000 	C:\WINDOWS\System32\WS2_32.dll
0x00007ffdf4d50000 - 0x00007ffdf4d62000 	C:\WINDOWS\SYSTEM32\kernel.appcore.dll
0x00007ffde7850000 - 0x00007ffde785a000 	C:\Program Files\Java\jdk-18.0.2.1\bin\jimage.dll
0x00007ffdf4450000 - 0x00007ffdf4634000 	C:\WINDOWS\SYSTEM32\DBGHELP.DLL
0x00007ffdde490000 - 0x00007ffdde4c4000 	C:\WINDOWS\SYSTEM32\dbgcore.DLL
0x00007ffdf6ec0000 - 0x00007ffdf6f42000 	C:\WINDOWS\System32\bcryptPrimitives.dll
0x00007ffde7090000 - 0x00007ffde70b5000 	C:\Program Files\Java\jdk-18.0.2.1\bin\java.dll
0x00007ffdbbf20000 - 0x00007ffdbbff6000 	C:\Program Files\Java\jdk-18.0.2.1\bin\jsvml.dll
0x00007ffdf8760000 - 0x00007ffdf8ea4000 	C:\WINDOWS\System32\SHELL32.dll
0x00007ffdf4f50000 - 0x00007ffdf56e3000 	C:\WINDOWS\SYSTEM32\windows.storage.dll
0x00007ffdf7810000 - 0x00007ffdf7b64000 	C:\WINDOWS\System32\combase.dll
0x00007ffdf6810000 - 0x00007ffdf683e000 	C:\WINDOWS\SYSTEM32\Wldp.dll
0x00007ffdf8ff0000 - 0x00007ffdf909d000 	C:\WINDOWS\System32\SHCORE.dll
0x00007ffdf95f0000 - 0x00007ffdf9645000 	C:\WINDOWS\System32\shlwapi.dll
0x00007ffdf6dd0000 - 0x00007ffdf6def000 	C:\WINDOWS\SYSTEM32\profapi.dll
0x00007ffde3020000 - 0x00007ffde3033000 	C:\Program Files\Java\jdk-18.0.2.1\bin\net.dll
0x00007ffdea760000 - 0x00007ffdea86a000 	C:\WINDOWS\SYSTEM32\WINHTTP.dll
0x00007ffdf6570000 - 0x00007ffdf65da000 	C:\WINDOWS\system32\mswsock.dll
0x00007ffdd9290000 - 0x00007ffdd92a6000 	C:\Program Files\Java\jdk-18.0.2.1\bin\nio.dll
0x00007ffdd8c60000 - 0x00007ffdd8c78000 	C:\Program Files\Java\jdk-18.0.2.1\bin\zip.dll
0x00007ffdbb0d0000 - 0x00007ffdbb25f000 	C:\Program Files\Java\jdk-18.0.2.1\bin\awt.dll
0x00007ffdf8290000 - 0x00007ffdf835d000 	C:\WINDOWS\System32\OLEAUT32.dll
0x00007ffdf41c0000 - 0x00007ffdf4251000 	C:\WINDOWS\SYSTEM32\apphelp.dll
0x00007ffdf4a60000 - 0x00007ffdf4a8f000 	C:\WINDOWS\system32\DWMAPI.DLL
0x00007ffdf4640000 - 0x00007ffdf46de000 	C:\WINDOWS\system32\uxtheme.dll
0x00007ffd86490000 - 0x00007ffd865b5000 	C:\WINDOWS\system32\opengl32.dll
0x00007ffda3920000 - 0x00007ffda394c000 	C:\WINDOWS\SYSTEM32\GLU32.dll
0x00007ffdf9650000 - 0x00007ffdf9764000 	C:\WINDOWS\System32\MSCTF.dll
0x00007ffdf8020000 - 0x00007ffdf814a000 	C:\WINDOWS\System32\ole32.dll
0x00007ffda5ec0000 - 0x00007ffda608d000 	C:\WINDOWS\system32\d3d9.dll
0x00007ffded7a0000 - 0x00007ffded958000 	C:\WINDOWS\System32\DriverStore\FileRepository\u0377487.inf_amd64_99415ae859206efa\B377170\aticfx64.dll
0x00007ffde4be0000 - 0x00007ffde4c14000 	C:\WINDOWS\System32\DriverStore\FileRepository\u0377487.inf_amd64_99415ae859206efa\B377170\atiu9p64.dll
0x00007ffd7dde0000 - 0x00007ffd7eb34000 	C:\WINDOWS\System32\DriverStore\FileRepository\u0377487.inf_amd64_99415ae859206efa\B377170\atiumd64.dll
0x000000006dbe0000 - 0x000000006ea53000 	C:\WINDOWS\System32\DriverStore\FileRepository\u0377487.inf_amd64_99415ae859206efa\B377170\atiumd6a.dll
0x00007ffdf90a0000 - 0x00007ffdf9508000 	C:\WINDOWS\System32\SETUPAPI.dll
0x00007ffdf70f0000 - 0x00007ffdf713e000 	C:\WINDOWS\System32\cfgmgr32.dll
0x00007ffdf73c0000 - 0x00007ffdf73e7000 	C:\WINDOWS\System32\bcrypt.dll
0x00007ffdf6cf0000 - 0x00007ffdf6d3b000 	C:\WINDOWS\SYSTEM32\POWRPROF.dll
0x00007ffdf6cd0000 - 0x00007ffdf6ce2000 	C:\WINDOWS\SYSTEM32\UMPDC.dll
0x00007ffdea700000 - 0x00007ffdea730000 	C:\WINDOWS\SYSTEM32\amdihk64.dll
0x00007ffdeda80000 - 0x00007ffdedabb000 	C:\WINDOWS\SYSTEM32\dxcore.dll
0x00007ffdbc740000 - 0x00007ffdbc7c6000 	C:\Program Files\Java\jdk-18.0.2.1\bin\freetype.dll
0x00007ffdbb780000 - 0x00007ffdbb828000 	C:\Program Files\Java\jdk-18.0.2.1\bin\fontmanager.dll
0x00007ffde9640000 - 0x00007ffde973a000 	C:\WINDOWS\SYSTEM32\textinputframework.dll
0x00007ffdf3eb0000 - 0x00007ffdf3fa2000 	C:\WINDOWS\System32\CoreMessaging.dll
0x00007ffdf37d0000 - 0x00007ffdf3b2e000 	C:\WINDOWS\System32\CoreUIComponents.dll
0x00007ffdf27f0000 - 0x00007ffdf2944000 	C:\WINDOWS\SYSTEM32\wintypes.dll
0x00007ffdf5fb0000 - 0x00007ffdf5fe3000 	C:\WINDOWS\SYSTEM32\ntmarta.dll
0x0000000180000000 - 0x0000000180025000 	C:\JavaRXTX\x64\rxtxSerial.dll
0x00007ffdf7ea0000 - 0x00007ffdf7f49000 	C:\WINDOWS\System32\clbcatq.dll
0x00007ffdeff00000 - 0x00007ffdf00b4000 	C:\WINDOWS\SYSTEM32\WindowsCodecs.dll
0x00007ffde55d0000 - 0x00007ffde560e000 	C:\WINDOWS\system32\dataexchange.dll
0x00007ffdf3370000 - 0x00007ffdf35d3000 	C:\WINDOWS\system32\d3d11.dll
0x00007ffdf35e0000 - 0x00007ffdf37c3000 	C:\WINDOWS\system32\dcomp.dll
0x00007ffdf5750000 - 0x00007ffdf5843000 	C:\WINDOWS\system32\dxgi.dll
0x00007ffdf1560000 - 0x00007ffdf1760000 	C:\WINDOWS\system32\twinapi.appcore.dll

dbghelp: loaded successfully - version: 4.0.5 - missing functions: none
symbol engine: initialized successfully - sym options: 0x614 - pdb path: .;C:\Program Files\Java\jdk-18.0.2.1\bin;C:\WINDOWS\SYSTEM32;C:\WINDOWS\WinSxS\amd64_microsoft.windows.common-controls_6595b64144ccf1df_6.0.19041.1110_none_60b5254171f9507e;C:\Program Files\Java\jdk-18.0.2.1\bin\server;C:\WINDOWS\System32\DriverStore\FileRepository\u0377487.inf_amd64_99415ae859206efa\B377170;C:\JavaRXTX\x64

VM Arguments:
jvm_args: -Dfile.encoding=UTF-8 
java_command: pi.PI
java_class_path (initial): C:\Users\felip\Downloads\PanamaHitek_Arduino.v2.7.0.jar;C:\Users\felip\OneDrive\Escritorio\PROYECTO INTEGRADOR\Incubadora_neonatos\JAVA\build\classes
Launcher Type: SUN_STANDARD

[Global flags]
     intx CICompilerCount                          = 4                                         {product} {ergonomic}
     uint ConcGCThreads                            = 2                                         {product} {ergonomic}
     uint G1ConcRefinementThreads                  = 8                                         {product} {ergonomic}
   size_t G1HeapRegionSize                         = 1048576                                   {product} {ergonomic}
    uintx GCDrainStackTargetSize                   = 64                                        {product} {ergonomic}
   size_t InitialHeapSize                          = 100663296                                 {product} {ergonomic}
   size_t MarkStackSize                            = 4194304                                   {product} {ergonomic}
   size_t MaxHeapSize                              = 1598029824                                {product} {ergonomic}
   size_t MaxNewSize                               = 958398464                                 {product} {ergonomic}
   size_t MinHeapDeltaBytes                        = 1048576                                   {product} {ergonomic}
   size_t MinHeapSize                              = 8388608                                   {product} {ergonomic}
    uintx NonNMethodCodeHeapSize                   = 5839372                                {pd product} {ergonomic}
    uintx NonProfiledCodeHeapSize                  = 122909434                              {pd product} {ergonomic}
    uintx ProfiledCodeHeapSize                     = 122909434                              {pd product} {ergonomic}
    uintx ReservedCodeCacheSize                    = 251658240                              {pd product} {ergonomic}
     bool SegmentedCodeCache                       = true                                      {product} {ergonomic}
   size_t SoftMaxHeapSize                          = 1598029824                             {manageable} {ergonomic}
     bool UseCompressedClassPointers               = true                           {product lp64_product} {ergonomic}
     bool UseCompressedOops                        = true                           {product lp64_product} {ergonomic}
     bool UseG1GC                                  = true                                      {product} {ergonomic}
     bool UseLargePagesIndividualAllocation        = false                                  {pd product} {ergonomic}

Logging:
Log output configuration:
 #0: stdout all=warning uptime,level,tags foldmultilines=false
 #1: stderr all=off uptime,level,tags foldmultilines=false

Environment Variables:
PATH=C:\Program Files\Common Files\Oracle\Java\javapath;C:\Users\felip\AppData\Local\Programs\Python\Python310\Scripts\;C:\Users\felip\AppData\Local\Programs\Python\Python310\;C:\Program Files (x86)\Common Files\Oracle\Java\javapath;C:\WINDOWS\system32;C:\WINDOWS;C:\WINDOWS\System32\Wbem;C:\WINDOWS\System32\WindowsPowerShell\v1.0\;C:\WINDOWS\System32\OpenSSH\;C:\Program Files\Intel\WiFi\bin\;C:\Program Files\Common Files\Intel\WirelessCommon\;C:\Program Files (x86)\HP\Common\HPDestPlgIn\;C:\Program Files\MATLAB\R2021a\runtime\win64;C:\Program Files\MATLAB\R2021a\bin;C:\Program Files\Polyspace\R2021a\bin;C:\ProgramData\chocolatey\bin;C:\Program Files\MATLAB\R2022a\bin;C:\Program Files\Git\cmd;C:\Users\felip\AppData\Local\Microsoft\WindowsApps;C:\Program Files (x86)\HP\Common\HPDestPlgIn\;;C:\altera\13.0\modelsim_ase\win32aloem;C:\altera\13.0\modelsim_ae\win32aloem;C:\Users\felip\AppData\Local\Programs\Microsoft VS Code\bin;C:\Users\felip\zerynth3\dist\sys\cli;C:\altera\13.0sp1\modelsim_ase\win32aloem;C:\altera\13.0sp1\modelsim_ae\win32aloem
USERNAME=Felipe
OS=Windows_NT
PROCESSOR_IDENTIFIER=AMD64 Family 23 Model 24 Stepping 1, AuthenticAMD



---------------  S Y S T E M  ---------------

OS:
 Windows 10 , 64 bit Build 19041 (10.0.19041.2913)
OS uptime: 5 days 10:49 hours

CPU: total 8 (initial active 8) (8 cores per cpu, 2 threads per core) family 23 model 24 stepping 1 microcode 0x0, cx8, cmov, fxsr, ht, mmx, 3dnowpref, sse, sse2, sse3, ssse3, sse4a, sse4.1, sse4.2, popcnt, lzcnt, tsc, tscinvbit, avx, avx2, aes, clmul, bmi1, bmi2, adx, sha, fma, vzeroupper, clflush, clflushopt

Memory: 4k page, system-wide physical 6091M (725M free)
TotalPageFile size 10785M (AvailPageFile size 2097M)
current process WorkingSet (physical memory assigned to process): 95M, peak: 105M
current process commit charge ("private bytes"): 233M, peak: 245M

vm_info: Java HotSpot(TM) 64-Bit Server VM (18.0.2.1+1-1) for windows-amd64 JRE (18.0.2.1+1-1), built on Aug 16 2022 01:46:33 by "mach5one" with MS VC++ 16.8 / 16.9 (VS2019)

END.
